Layers used:
[500, 200, 2, 200, 500]
Using nonlinear function relu
Using MSELoss loss function
Sequential(
  (0): Linear(in_features=784, out_features=500, bias=True)
  (1): ReLU()
  (2): Linear(in_features=500, out_features=200, bias=True)
  (3): ReLU()
  (4): Linear(in_features=200, out_features=2, bias=True)
  (5): Linear(in_features=2, out_features=200, bias=True)
  (6): ReLU()
  (7): Linear(in_features=200, out_features=500, bias=True)
  (8): ReLU()
  (9): Linear(in_features=500, out_features=784, bias=True)
)
Train Epoch: 0 [0/60000 (0%)]	Loss: 0.995098
Train Epoch: 0 [6400/60000 (11%)]	Loss: 0.585276
Train Epoch: 0 [12800/60000 (21%)]	Loss: 0.545281
Train Epoch: 0 [19200/60000 (32%)]	Loss: 0.533800
Train Epoch: 0 [25600/60000 (43%)]	Loss: 0.523701
Train Epoch: 0 [32000/60000 (53%)]	Loss: 0.501312
Train Epoch: 0 [38400/60000 (64%)]	Loss: 0.491584
Train Epoch: 0 [44800/60000 (75%)]	Loss: 0.484624
Train Epoch: 0 [51200/60000 (85%)]	Loss: 0.461345
Train Epoch: 0 [57600/60000 (96%)]	Loss: 0.463919
Train Epoch: 0, Loss: 0.456392
Train Epoch: 1 [0/60000 (0%)]	Loss: 0.480744
Train Epoch: 1 [6400/60000 (11%)]	Loss: 0.505522
Train Epoch: 1 [12800/60000 (21%)]	Loss: 0.492284
Train Epoch: 1 [19200/60000 (32%)]	Loss: 0.437740
Train Epoch: 1 [25600/60000 (43%)]	Loss: 0.461923
Train Epoch: 1 [32000/60000 (53%)]	Loss: 0.438786
Train Epoch: 1 [38400/60000 (64%)]	Loss: 0.451902
Train Epoch: 1 [44800/60000 (75%)]	Loss: 0.436217
Train Epoch: 1 [51200/60000 (85%)]	Loss: 0.464095
Train Epoch: 1 [57600/60000 (96%)]	Loss: 0.458117
Train Epoch: 1, Loss: 0.441675
Train Epoch: 2 [0/60000 (0%)]	Loss: 0.453004
Train Epoch: 2 [6400/60000 (11%)]	Loss: 0.452902
Train Epoch: 2 [12800/60000 (21%)]	Loss: 0.453231
Train Epoch: 2 [19200/60000 (32%)]	Loss: 0.477772
Train Epoch: 2 [25600/60000 (43%)]	Loss: 0.442209
Train Epoch: 2 [32000/60000 (53%)]	Loss: 0.455925
Train Epoch: 2 [38400/60000 (64%)]	Loss: 0.473131
Train Epoch: 2 [44800/60000 (75%)]	Loss: 0.455873
Train Epoch: 2 [51200/60000 (85%)]	Loss: 0.406769
Train Epoch: 2 [57600/60000 (96%)]	Loss: 0.428413
Train Epoch: 2, Loss: 0.443673
Train Epoch: 3 [0/60000 (0%)]	Loss: 0.431299
Train Epoch: 3 [6400/60000 (11%)]	Loss: 0.421892
Train Epoch: 3 [12800/60000 (21%)]	Loss: 0.444414
Train Epoch: 3 [19200/60000 (32%)]	Loss: 0.409610
Train Epoch: 3 [25600/60000 (43%)]	Loss: 0.459375
Train Epoch: 3 [32000/60000 (53%)]	Loss: 0.434785
Train Epoch: 3 [38400/60000 (64%)]	Loss: 0.394445
Train Epoch: 3 [44800/60000 (75%)]	Loss: 0.422926
Train Epoch: 3 [51200/60000 (85%)]	Loss: 0.423093
Train Epoch: 3 [57600/60000 (96%)]	Loss: 0.407594
Train Epoch: 3, Loss: 0.425126
Train Epoch: 4 [0/60000 (0%)]	Loss: 0.384848
Train Epoch: 4 [6400/60000 (11%)]	Loss: 0.402942
Train Epoch: 4 [12800/60000 (21%)]	Loss: 0.403238
Train Epoch: 4 [19200/60000 (32%)]	Loss: 0.420949
Train Epoch: 4 [25600/60000 (43%)]	Loss: 0.434404
Train Epoch: 4 [32000/60000 (53%)]	Loss: 0.409632
Train Epoch: 4 [38400/60000 (64%)]	Loss: 0.417262
Train Epoch: 4 [44800/60000 (75%)]	Loss: 0.397658
Train Epoch: 4 [51200/60000 (85%)]	Loss: 0.445525
Train Epoch: 4 [57600/60000 (96%)]	Loss: 0.400343
Train Epoch: 4, Loss: 0.430831
Train Epoch: 5 [0/60000 (0%)]	Loss: 0.446265
Train Epoch: 5 [6400/60000 (11%)]	Loss: 0.428424
Train Epoch: 5 [12800/60000 (21%)]	Loss: 0.429312
Train Epoch: 5 [19200/60000 (32%)]	Loss: 0.442752
Train Epoch: 5 [25600/60000 (43%)]	Loss: 0.412518
Train Epoch: 5 [32000/60000 (53%)]	Loss: 0.381833
Train Epoch: 5 [38400/60000 (64%)]	Loss: 0.408321
Train Epoch: 5 [44800/60000 (75%)]	Loss: 0.417307
Train Epoch: 5 [51200/60000 (85%)]	Loss: 0.391207
Train Epoch: 5 [57600/60000 (96%)]	Loss: 0.414847
Train Epoch: 5, Loss: 0.430358
Train Epoch: 6 [0/60000 (0%)]	Loss: 0.425721
Train Epoch: 6 [6400/60000 (11%)]	Loss: 0.416305
Train Epoch: 6 [12800/60000 (21%)]	Loss: 0.437590
Train Epoch: 6 [19200/60000 (32%)]	Loss: 0.413143
Train Epoch: 6 [25600/60000 (43%)]	Loss: 0.425173
Train Epoch: 6 [32000/60000 (53%)]	Loss: 0.376725
Train Epoch: 6 [38400/60000 (64%)]	Loss: 0.402403
Train Epoch: 6 [44800/60000 (75%)]	Loss: 0.427339
Train Epoch: 6 [51200/60000 (85%)]	Loss: 0.391228
Train Epoch: 6 [57600/60000 (96%)]	Loss: 0.399085
Train Epoch: 6, Loss: 0.391767
Train Epoch: 7 [0/60000 (0%)]	Loss: 0.412303
Train Epoch: 7 [6400/60000 (11%)]	Loss: 0.422701
Train Epoch: 7 [12800/60000 (21%)]	Loss: 0.390834
Train Epoch: 7 [19200/60000 (32%)]	Loss: 0.381492
Train Epoch: 7 [25600/60000 (43%)]	Loss: 0.407465
Train Epoch: 7 [32000/60000 (53%)]	Loss: 0.411351
Train Epoch: 7 [38400/60000 (64%)]	Loss: 0.395865
Train Epoch: 7 [44800/60000 (75%)]	Loss: 0.411526
Train Epoch: 7 [51200/60000 (85%)]	Loss: 0.396474
Train Epoch: 7 [57600/60000 (96%)]	Loss: 0.383624
Train Epoch: 7, Loss: 0.404677
Train Epoch: 8 [0/60000 (0%)]	Loss: 0.406589
Train Epoch: 8 [6400/60000 (11%)]	Loss: 0.382843
Train Epoch: 8 [12800/60000 (21%)]	Loss: 0.384864
Train Epoch: 8 [19200/60000 (32%)]	Loss: 0.390053
Train Epoch: 8 [25600/60000 (43%)]	Loss: 0.395698
Train Epoch: 8 [32000/60000 (53%)]	Loss: 0.363660
Train Epoch: 8 [38400/60000 (64%)]	Loss: 0.419393
Train Epoch: 8 [44800/60000 (75%)]	Loss: 0.392507
Train Epoch: 8 [51200/60000 (85%)]	Loss: 0.402212
Train Epoch: 8 [57600/60000 (96%)]	Loss: 0.407262
Train Epoch: 8, Loss: 0.383871
Train Epoch: 9 [0/60000 (0%)]	Loss: 0.417158
Train Epoch: 9 [6400/60000 (11%)]	Loss: 0.412102
Train Epoch: 9 [12800/60000 (21%)]	Loss: 0.408246
Train Epoch: 9 [19200/60000 (32%)]	Loss: 0.418518
Train Epoch: 9 [25600/60000 (43%)]	Loss: 0.404192
Train Epoch: 9 [32000/60000 (53%)]	Loss: 0.375729
Train Epoch: 9 [38400/60000 (64%)]	Loss: 0.394242
Train Epoch: 9 [44800/60000 (75%)]	Loss: 0.404055
Train Epoch: 9 [51200/60000 (85%)]	Loss: 0.406131
Train Epoch: 9 [57600/60000 (96%)]	Loss: 0.388747
Train Epoch: 9, Loss: 0.369720
Train Epoch: 10 [0/60000 (0%)]	Loss: 0.408716
Train Epoch: 10 [6400/60000 (11%)]	Loss: 0.369508
Train Epoch: 10 [12800/60000 (21%)]	Loss: 0.392154
Train Epoch: 10 [19200/60000 (32%)]	Loss: 0.394816
Train Epoch: 10 [25600/60000 (43%)]	Loss: 0.390455
Train Epoch: 10 [32000/60000 (53%)]	Loss: 0.416162
Train Epoch: 10 [38400/60000 (64%)]	Loss: 0.392059
Train Epoch: 10 [44800/60000 (75%)]	Loss: 0.395513
Train Epoch: 10 [51200/60000 (85%)]	Loss: 0.408243
Train Epoch: 10 [57600/60000 (96%)]	Loss: 0.398826
Train Epoch: 10, Loss: 0.384825
Train Epoch: 11 [0/60000 (0%)]	Loss: 0.403734
Train Epoch: 11 [6400/60000 (11%)]	Loss: 0.413962
Train Epoch: 11 [12800/60000 (21%)]	Loss: 0.379218
Train Epoch: 11 [19200/60000 (32%)]	Loss: 0.417695
Train Epoch: 11 [25600/60000 (43%)]	Loss: 0.381663
Train Epoch: 11 [32000/60000 (53%)]	Loss: 0.372776
Train Epoch: 11 [38400/60000 (64%)]	Loss: 0.408248
Train Epoch: 11 [44800/60000 (75%)]	Loss: 0.395746
Train Epoch: 11 [51200/60000 (85%)]	Loss: 0.373033
Train Epoch: 11 [57600/60000 (96%)]	Loss: 0.395434
Train Epoch: 11, Loss: 0.395822
Train Epoch: 12 [0/60000 (0%)]	Loss: 0.397579
Train Epoch: 12 [6400/60000 (11%)]	Loss: 0.394069
Train Epoch: 12 [12800/60000 (21%)]	Loss: 0.379127
Train Epoch: 12 [19200/60000 (32%)]	Loss: 0.395860
Train Epoch: 12 [25600/60000 (43%)]	Loss: 0.392095
Train Epoch: 12 [32000/60000 (53%)]	Loss: 0.349558
Train Epoch: 12 [38400/60000 (64%)]	Loss: 0.381520
Train Epoch: 12 [44800/60000 (75%)]	Loss: 0.376873
Train Epoch: 12 [51200/60000 (85%)]	Loss: 0.387861
Train Epoch: 12 [57600/60000 (96%)]	Loss: 0.368316
Train Epoch: 12, Loss: 0.372266
Train Epoch: 13 [0/60000 (0%)]	Loss: 0.394592
Train Epoch: 13 [6400/60000 (11%)]	Loss: 0.366909
Train Epoch: 13 [12800/60000 (21%)]	Loss: 0.394843
Train Epoch: 13 [19200/60000 (32%)]	Loss: 0.398795
Train Epoch: 13 [25600/60000 (43%)]	Loss: 0.370248
Train Epoch: 13 [32000/60000 (53%)]	Loss: 0.375324
Train Epoch: 13 [38400/60000 (64%)]	Loss: 0.370602
Train Epoch: 13 [44800/60000 (75%)]	Loss: 0.371352
Train Epoch: 13 [51200/60000 (85%)]	Loss: 0.373919
Train Epoch: 13 [57600/60000 (96%)]	Loss: 0.349094
Train Epoch: 13, Loss: 0.408008
Train Epoch: 14 [0/60000 (0%)]	Loss: 0.395905
Train Epoch: 14 [6400/60000 (11%)]	Loss: 0.380857
Train Epoch: 14 [12800/60000 (21%)]	Loss: 0.389301
Train Epoch: 14 [19200/60000 (32%)]	Loss: 0.347012
Train Epoch: 14 [25600/60000 (43%)]	Loss: 0.359522
Train Epoch: 14 [32000/60000 (53%)]	Loss: 0.374335
Train Epoch: 14 [38400/60000 (64%)]	Loss: 0.403885
Train Epoch: 14 [44800/60000 (75%)]	Loss: 0.400102
Train Epoch: 14 [51200/60000 (85%)]	Loss: 0.384330
Train Epoch: 14 [57600/60000 (96%)]	Loss: 0.417552
Train Epoch: 14, Loss: 0.352408
Train Epoch: 15 [0/60000 (0%)]	Loss: 0.370631
Train Epoch: 15 [6400/60000 (11%)]	Loss: 0.360236
Train Epoch: 15 [12800/60000 (21%)]	Loss: 0.398111
Train Epoch: 15 [19200/60000 (32%)]	Loss: 0.362036
Train Epoch: 15 [25600/60000 (43%)]	Loss: 0.387763
Train Epoch: 15 [32000/60000 (53%)]	Loss: 0.373552
Train Epoch: 15 [38400/60000 (64%)]	Loss: 0.403407
Train Epoch: 15 [44800/60000 (75%)]	Loss: 0.385281
Train Epoch: 15 [51200/60000 (85%)]	Loss: 0.359574
Train Epoch: 15 [57600/60000 (96%)]	Loss: 0.391463
Train Epoch: 15, Loss: 0.414316
Train Epoch: 16 [0/60000 (0%)]	Loss: 0.378105
Train Epoch: 16 [6400/60000 (11%)]	Loss: 0.373829
Train Epoch: 16 [12800/60000 (21%)]	Loss: 0.361080
Train Epoch: 16 [19200/60000 (32%)]	Loss: 0.352486
Train Epoch: 16 [25600/60000 (43%)]	Loss: 0.366309
Train Epoch: 16 [32000/60000 (53%)]	Loss: 0.411960
Train Epoch: 16 [38400/60000 (64%)]	Loss: 0.380529
Train Epoch: 16 [44800/60000 (75%)]	Loss: 0.399551
Train Epoch: 16 [51200/60000 (85%)]	Loss: 0.361062
Train Epoch: 16 [57600/60000 (96%)]	Loss: 0.387767
Train Epoch: 16, Loss: 0.391394
Train Epoch: 17 [0/60000 (0%)]	Loss: 0.367601
Train Epoch: 17 [6400/60000 (11%)]	Loss: 0.380391
Train Epoch: 17 [12800/60000 (21%)]	Loss: 0.366365
Train Epoch: 17 [19200/60000 (32%)]	Loss: 0.387136
Train Epoch: 17 [25600/60000 (43%)]	Loss: 0.370556
Train Epoch: 17 [32000/60000 (53%)]	Loss: 0.398985
Train Epoch: 17 [38400/60000 (64%)]	Loss: 0.382086
Train Epoch: 17 [44800/60000 (75%)]	Loss: 0.387339
Train Epoch: 17 [51200/60000 (85%)]	Loss: 0.376963
Train Epoch: 17 [57600/60000 (96%)]	Loss: 0.380655
Train Epoch: 17, Loss: 0.369797
Train Epoch: 18 [0/60000 (0%)]	Loss: 0.382623
Train Epoch: 18 [6400/60000 (11%)]	Loss: 0.367970
Train Epoch: 18 [12800/60000 (21%)]	Loss: 0.384166
Train Epoch: 18 [19200/60000 (32%)]	Loss: 0.380041
Train Epoch: 18 [25600/60000 (43%)]	Loss: 0.379532
Train Epoch: 18 [32000/60000 (53%)]	Loss: 0.366007
Train Epoch: 18 [38400/60000 (64%)]	Loss: 0.387494
Train Epoch: 18 [44800/60000 (75%)]	Loss: 0.376004
Train Epoch: 18 [51200/60000 (85%)]	Loss: 0.364333
Train Epoch: 18 [57600/60000 (96%)]	Loss: 0.374481
Train Epoch: 18, Loss: 0.399064
Train Epoch: 19 [0/60000 (0%)]	Loss: 0.362021
Train Epoch: 19 [6400/60000 (11%)]	Loss: 0.376852
Train Epoch: 19 [12800/60000 (21%)]	Loss: 0.360095
Train Epoch: 19 [19200/60000 (32%)]	Loss: 0.364760
Train Epoch: 19 [25600/60000 (43%)]	Loss: 0.394665
Train Epoch: 19 [32000/60000 (53%)]	Loss: 0.374603
Train Epoch: 19 [38400/60000 (64%)]	Loss: 0.349121
Train Epoch: 19 [44800/60000 (75%)]	Loss: 0.374971
Train Epoch: 19 [51200/60000 (85%)]	Loss: 0.365873
Train Epoch: 19 [57600/60000 (96%)]	Loss: 0.365695
Train Epoch: 19, Loss: 0.357432
Train Epoch: 20 [0/60000 (0%)]	Loss: 0.362452
Train Epoch: 20 [6400/60000 (11%)]	Loss: 0.380028
Train Epoch: 20 [12800/60000 (21%)]	Loss: 0.367493
Train Epoch: 20 [19200/60000 (32%)]	Loss: 0.371550
Train Epoch: 20 [25600/60000 (43%)]	Loss: 0.383744
Train Epoch: 20 [32000/60000 (53%)]	Loss: 0.384280
Train Epoch: 20 [38400/60000 (64%)]	Loss: 0.384359
Train Epoch: 20 [44800/60000 (75%)]	Loss: 0.356018
Train Epoch: 20 [51200/60000 (85%)]	Loss: 0.379619
Train Epoch: 20 [57600/60000 (96%)]	Loss: 0.367183
Train Epoch: 20, Loss: 0.360267
Train Epoch: 21 [0/60000 (0%)]	Loss: 0.358659
Train Epoch: 21 [6400/60000 (11%)]	Loss: 0.417694
Train Epoch: 21 [12800/60000 (21%)]	Loss: 0.366330
Train Epoch: 21 [19200/60000 (32%)]	Loss: 0.354465
Train Epoch: 21 [25600/60000 (43%)]	Loss: 0.362666
Train Epoch: 21 [32000/60000 (53%)]	Loss: 0.401878
Train Epoch: 21 [38400/60000 (64%)]	Loss: 0.381316
Train Epoch: 21 [44800/60000 (75%)]	Loss: 0.372707
Train Epoch: 21 [51200/60000 (85%)]	Loss: 0.413103
Train Epoch: 21 [57600/60000 (96%)]	Loss: 0.387253
Train Epoch: 21, Loss: 0.394366
Train Epoch: 22 [0/60000 (0%)]	Loss: 0.335773
Train Epoch: 22 [6400/60000 (11%)]	Loss: 0.360512
Train Epoch: 22 [12800/60000 (21%)]	Loss: 0.385420
Train Epoch: 22 [19200/60000 (32%)]	Loss: 0.375217
Train Epoch: 22 [25600/60000 (43%)]	Loss: 0.380810
Train Epoch: 22 [32000/60000 (53%)]	Loss: 0.365427
Train Epoch: 22 [38400/60000 (64%)]	Loss: 0.354322
Train Epoch: 22 [44800/60000 (75%)]	Loss: 0.365400
Train Epoch: 22 [51200/60000 (85%)]	Loss: 0.374386
Train Epoch: 22 [57600/60000 (96%)]	Loss: 0.349259
Train Epoch: 22, Loss: 0.353350
Train Epoch: 23 [0/60000 (0%)]	Loss: 0.366559
Train Epoch: 23 [6400/60000 (11%)]	Loss: 0.356472
Train Epoch: 23 [12800/60000 (21%)]	Loss: 0.326159
Train Epoch: 23 [19200/60000 (32%)]	Loss: 0.394509
Train Epoch: 23 [25600/60000 (43%)]	Loss: 0.366616
Train Epoch: 23 [32000/60000 (53%)]	Loss: 0.377041
Train Epoch: 23 [38400/60000 (64%)]	Loss: 0.393890
Train Epoch: 23 [44800/60000 (75%)]	Loss: 0.385962
Train Epoch: 23 [51200/60000 (85%)]	Loss: 0.365612
Train Epoch: 23 [57600/60000 (96%)]	Loss: 0.396955
Train Epoch: 23, Loss: 0.373961
Train Epoch: 24 [0/60000 (0%)]	Loss: 0.376862
Train Epoch: 24 [6400/60000 (11%)]	Loss: 0.390030
Train Epoch: 24 [12800/60000 (21%)]	Loss: 0.364790
Train Epoch: 24 [19200/60000 (32%)]	Loss: 0.363248
Train Epoch: 24 [25600/60000 (43%)]	Loss: 0.385412
Train Epoch: 24 [32000/60000 (53%)]	Loss: 0.350430
Train Epoch: 24 [38400/60000 (64%)]	Loss: 0.357664
Train Epoch: 24 [44800/60000 (75%)]	Loss: 0.393635
Train Epoch: 24 [51200/60000 (85%)]	Loss: 0.357263
Train Epoch: 24 [57600/60000 (96%)]	Loss: 0.385913
Train Epoch: 24, Loss: 0.366433
Train Epoch: 25 [0/60000 (0%)]	Loss: 0.337956
Train Epoch: 25 [6400/60000 (11%)]	Loss: 0.354715
Train Epoch: 25 [12800/60000 (21%)]	Loss: 0.358439
Train Epoch: 25 [19200/60000 (32%)]	Loss: 0.369940
Train Epoch: 25 [25600/60000 (43%)]	Loss: 0.385188
Train Epoch: 25 [32000/60000 (53%)]	Loss: 0.373429
Train Epoch: 25 [38400/60000 (64%)]	Loss: 0.368687
Train Epoch: 25 [44800/60000 (75%)]	Loss: 0.374221
Train Epoch: 25 [51200/60000 (85%)]	Loss: 0.379267
Train Epoch: 25 [57600/60000 (96%)]	Loss: 0.360474
Train Epoch: 25, Loss: 0.384062
Train Epoch: 26 [0/60000 (0%)]	Loss: 0.381428
Train Epoch: 26 [6400/60000 (11%)]	Loss: 0.400181
Train Epoch: 26 [12800/60000 (21%)]	Loss: 0.385673
Train Epoch: 26 [19200/60000 (32%)]	Loss: 0.386364
Train Epoch: 26 [25600/60000 (43%)]	Loss: 0.361923
Train Epoch: 26 [32000/60000 (53%)]	Loss: 0.370046
Train Epoch: 26 [38400/60000 (64%)]	Loss: 0.392960
Train Epoch: 26 [44800/60000 (75%)]	Loss: 0.356937
Train Epoch: 26 [51200/60000 (85%)]	Loss: 0.363299
Train Epoch: 26 [57600/60000 (96%)]	Loss: 0.350258
Train Epoch: 26, Loss: 0.395809
Train Epoch: 27 [0/60000 (0%)]	Loss: 0.396477
Train Epoch: 27 [6400/60000 (11%)]	Loss: 0.366561
Train Epoch: 27 [12800/60000 (21%)]	Loss: 0.339683
Train Epoch: 27 [19200/60000 (32%)]	Loss: 0.367117
Train Epoch: 27 [25600/60000 (43%)]	Loss: 0.374360
Train Epoch: 27 [32000/60000 (53%)]	Loss: 0.376299
Train Epoch: 27 [38400/60000 (64%)]	Loss: 0.373269
Train Epoch: 27 [44800/60000 (75%)]	Loss: 0.341667
Train Epoch: 27 [51200/60000 (85%)]	Loss: 0.380713
Train Epoch: 27 [57600/60000 (96%)]	Loss: 0.349339
Train Epoch: 27, Loss: 0.383800
Train Epoch: 28 [0/60000 (0%)]	Loss: 0.360716
Train Epoch: 28 [6400/60000 (11%)]	Loss: 0.381870
Train Epoch: 28 [12800/60000 (21%)]	Loss: 0.369903
Train Epoch: 28 [19200/60000 (32%)]	Loss: 0.359558
Train Epoch: 28 [25600/60000 (43%)]	Loss: 0.376314
Train Epoch: 28 [32000/60000 (53%)]	Loss: 0.348376
Train Epoch: 28 [38400/60000 (64%)]	Loss: 0.393602
Train Epoch: 28 [44800/60000 (75%)]	Loss: 0.349342
Train Epoch: 28 [51200/60000 (85%)]	Loss: 0.392408
Train Epoch: 28 [57600/60000 (96%)]	Loss: 0.365996
Train Epoch: 28, Loss: 0.363488
Train Epoch: 29 [0/60000 (0%)]	Loss: 0.349444
Train Epoch: 29 [6400/60000 (11%)]	Loss: 0.343911
Train Epoch: 29 [12800/60000 (21%)]	Loss: 0.363815
Train Epoch: 29 [19200/60000 (32%)]	Loss: 0.345027
Train Epoch: 29 [25600/60000 (43%)]	Loss: 0.355135
Train Epoch: 29 [32000/60000 (53%)]	Loss: 0.387125
Train Epoch: 29 [38400/60000 (64%)]	Loss: 0.374053
Train Epoch: 29 [44800/60000 (75%)]	Loss: 0.349290
Train Epoch: 29 [51200/60000 (85%)]	Loss: 0.377281
Train Epoch: 29 [57600/60000 (96%)]	Loss: 0.373350
Train Epoch: 29, Loss: 0.391600
Train Epoch: 30 [0/60000 (0%)]	Loss: 0.363817
Train Epoch: 30 [6400/60000 (11%)]	Loss: 0.360820
Train Epoch: 30 [12800/60000 (21%)]	Loss: 0.380281
Train Epoch: 30 [19200/60000 (32%)]	Loss: 0.359894
Train Epoch: 30 [25600/60000 (43%)]	Loss: 0.336066
Train Epoch: 30 [32000/60000 (53%)]	Loss: 0.369547
Train Epoch: 30 [38400/60000 (64%)]	Loss: 0.365466
Train Epoch: 30 [44800/60000 (75%)]	Loss: 0.377026
Train Epoch: 30 [51200/60000 (85%)]	Loss: 0.361351
Train Epoch: 30 [57600/60000 (96%)]	Loss: 0.373525
Train Epoch: 30, Loss: 0.379453
Train Epoch: 31 [0/60000 (0%)]	Loss: 0.346703
Train Epoch: 31 [6400/60000 (11%)]	Loss: 0.373458
Train Epoch: 31 [12800/60000 (21%)]	Loss: 0.365782
Train Epoch: 31 [19200/60000 (32%)]	Loss: 0.344181
Train Epoch: 31 [25600/60000 (43%)]	Loss: 0.398373
Train Epoch: 31 [32000/60000 (53%)]	Loss: 0.362528
Train Epoch: 31 [38400/60000 (64%)]	Loss: 0.384416
Train Epoch: 31 [44800/60000 (75%)]	Loss: 0.358469
Train Epoch: 31 [51200/60000 (85%)]	Loss: 0.343198
Train Epoch: 31 [57600/60000 (96%)]	Loss: 0.373532
Train Epoch: 31, Loss: 0.348698
Train Epoch: 32 [0/60000 (0%)]	Loss: 0.379326
Train Epoch: 32 [6400/60000 (11%)]	Loss: 0.372926
Train Epoch: 32 [12800/60000 (21%)]	Loss: 0.364862
Train Epoch: 32 [19200/60000 (32%)]	Loss: 0.348197
Train Epoch: 32 [25600/60000 (43%)]	Loss: 0.356394
Train Epoch: 32 [32000/60000 (53%)]	Loss: 0.339541
Train Epoch: 32 [38400/60000 (64%)]	Loss: 0.341675
Train Epoch: 32 [44800/60000 (75%)]	Loss: 0.353406
Train Epoch: 32 [51200/60000 (85%)]	Loss: 0.347159
Train Epoch: 32 [57600/60000 (96%)]	Loss: 0.379097
Train Epoch: 32, Loss: 0.346913
Train Epoch: 33 [0/60000 (0%)]	Loss: 0.372703
Train Epoch: 33 [6400/60000 (11%)]	Loss: 0.393030
Train Epoch: 33 [12800/60000 (21%)]	Loss: 0.354399
Train Epoch: 33 [19200/60000 (32%)]	Loss: 0.353440
Train Epoch: 33 [25600/60000 (43%)]	Loss: 0.357018
Train Epoch: 33 [32000/60000 (53%)]	Loss: 0.343249
Train Epoch: 33 [38400/60000 (64%)]	Loss: 0.346464
Train Epoch: 33 [44800/60000 (75%)]	Loss: 0.367112
Train Epoch: 33 [51200/60000 (85%)]	Loss: 0.357634
Train Epoch: 33 [57600/60000 (96%)]	Loss: 0.373974
Train Epoch: 33, Loss: 0.341173
Train Epoch: 34 [0/60000 (0%)]	Loss: 0.337927
Train Epoch: 34 [6400/60000 (11%)]	Loss: 0.374054
Train Epoch: 34 [12800/60000 (21%)]	Loss: 0.370613
Train Epoch: 34 [19200/60000 (32%)]	Loss: 0.364428
Train Epoch: 34 [25600/60000 (43%)]	Loss: 0.350597
Train Epoch: 34 [32000/60000 (53%)]	Loss: 0.359650
Train Epoch: 34 [38400/60000 (64%)]	Loss: 0.354478
Train Epoch: 34 [44800/60000 (75%)]	Loss: 0.367900
Train Epoch: 34 [51200/60000 (85%)]	Loss: 0.356950
Train Epoch: 34 [57600/60000 (96%)]	Loss: 0.373505
Train Epoch: 34, Loss: 0.383782
Train Epoch: 35 [0/60000 (0%)]	Loss: 0.343370
Train Epoch: 35 [6400/60000 (11%)]	Loss: 0.370373
Train Epoch: 35 [12800/60000 (21%)]	Loss: 0.370723
Train Epoch: 35 [19200/60000 (32%)]	Loss: 0.356366
Train Epoch: 35 [25600/60000 (43%)]	Loss: 0.359993
Train Epoch: 35 [32000/60000 (53%)]	Loss: 0.356634
Train Epoch: 35 [38400/60000 (64%)]	Loss: 0.369738
Train Epoch: 35 [44800/60000 (75%)]	Loss: 0.361883
Train Epoch: 35 [51200/60000 (85%)]	Loss: 0.360632
Train Epoch: 35 [57600/60000 (96%)]	Loss: 0.362799
Train Epoch: 35, Loss: 0.348489
Train Epoch: 36 [0/60000 (0%)]	Loss: 0.353599
Train Epoch: 36 [6400/60000 (11%)]	Loss: 0.379118
Train Epoch: 36 [12800/60000 (21%)]	Loss: 0.365857
Train Epoch: 36 [19200/60000 (32%)]	Loss: 0.337819
Train Epoch: 36 [25600/60000 (43%)]	Loss: 0.360989
Train Epoch: 36 [32000/60000 (53%)]	Loss: 0.347408
Train Epoch: 36 [38400/60000 (64%)]	Loss: 0.368870
Train Epoch: 36 [44800/60000 (75%)]	Loss: 0.363625
Train Epoch: 36 [51200/60000 (85%)]	Loss: 0.370528
Train Epoch: 36 [57600/60000 (96%)]	Loss: 0.341715
Train Epoch: 36, Loss: 0.352912
Train Epoch: 37 [0/60000 (0%)]	Loss: 0.346137
Train Epoch: 37 [6400/60000 (11%)]	Loss: 0.350933
Train Epoch: 37 [12800/60000 (21%)]	Loss: 0.356223
Train Epoch: 37 [19200/60000 (32%)]	Loss: 0.347553
Train Epoch: 37 [25600/60000 (43%)]	Loss: 0.379392
Train Epoch: 37 [32000/60000 (53%)]	Loss: 0.355544
Train Epoch: 37 [38400/60000 (64%)]	Loss: 0.375006
Train Epoch: 37 [44800/60000 (75%)]	Loss: 0.376651
Train Epoch: 37 [51200/60000 (85%)]	Loss: 0.379503
Train Epoch: 37 [57600/60000 (96%)]	Loss: 0.378296
Train Epoch: 37, Loss: 0.296962
Train Epoch: 38 [0/60000 (0%)]	Loss: 0.363032
Train Epoch: 38 [6400/60000 (11%)]	Loss: 0.355667
Train Epoch: 38 [12800/60000 (21%)]	Loss: 0.357906
Train Epoch: 38 [19200/60000 (32%)]	Loss: 0.364578
Train Epoch: 38 [25600/60000 (43%)]	Loss: 0.358423
Train Epoch: 38 [32000/60000 (53%)]	Loss: 0.347998
Train Epoch: 38 [38400/60000 (64%)]	Loss: 0.344437
Train Epoch: 38 [44800/60000 (75%)]	Loss: 0.353566
Train Epoch: 38 [51200/60000 (85%)]	Loss: 0.354100
Train Epoch: 38 [57600/60000 (96%)]	Loss: 0.362614
Train Epoch: 38, Loss: 0.341367
Train Epoch: 39 [0/60000 (0%)]	Loss: 0.330260
Train Epoch: 39 [6400/60000 (11%)]	Loss: 0.363870
Train Epoch: 39 [12800/60000 (21%)]	Loss: 0.375785
Train Epoch: 39 [19200/60000 (32%)]	Loss: 0.353996
Train Epoch: 39 [25600/60000 (43%)]	Loss: 0.352490
Train Epoch: 39 [32000/60000 (53%)]	Loss: 0.335846
Train Epoch: 39 [38400/60000 (64%)]	Loss: 0.355211
Train Epoch: 39 [44800/60000 (75%)]	Loss: 0.369269
Train Epoch: 39 [51200/60000 (85%)]	Loss: 0.344069
Train Epoch: 39 [57600/60000 (96%)]	Loss: 0.386088
Train Epoch: 39, Loss: 0.372362
Train Epoch: 40 [0/60000 (0%)]	Loss: 0.366613
Train Epoch: 40 [6400/60000 (11%)]	Loss: 0.352406
Train Epoch: 40 [12800/60000 (21%)]	Loss: 0.354459
Train Epoch: 40 [19200/60000 (32%)]	Loss: 0.366871
Train Epoch: 40 [25600/60000 (43%)]	Loss: 0.343290
Train Epoch: 40 [32000/60000 (53%)]	Loss: 0.362053
Train Epoch: 40 [38400/60000 (64%)]	Loss: 0.364016
Train Epoch: 40 [44800/60000 (75%)]	Loss: 0.382838
Train Epoch: 40 [51200/60000 (85%)]	Loss: 0.393293
Train Epoch: 40 [57600/60000 (96%)]	Loss: 0.359576
Train Epoch: 40, Loss: 0.366839
Train Epoch: 41 [0/60000 (0%)]	Loss: 0.350185
Train Epoch: 41 [6400/60000 (11%)]	Loss: 0.353093
Train Epoch: 41 [12800/60000 (21%)]	Loss: 0.402596
Train Epoch: 41 [19200/60000 (32%)]	Loss: 0.349765
Train Epoch: 41 [25600/60000 (43%)]	Loss: 0.393707
Train Epoch: 41 [32000/60000 (53%)]	Loss: 0.362825
Train Epoch: 41 [38400/60000 (64%)]	Loss: 0.360486
Train Epoch: 41 [44800/60000 (75%)]	Loss: 0.359885
Train Epoch: 41 [51200/60000 (85%)]	Loss: 0.359494
Train Epoch: 41 [57600/60000 (96%)]	Loss: 0.358354
Train Epoch: 41, Loss: 0.379010
Train Epoch: 42 [0/60000 (0%)]	Loss: 0.381475
Train Epoch: 42 [6400/60000 (11%)]	Loss: 0.358054
Train Epoch: 42 [12800/60000 (21%)]	Loss: 0.347006
Train Epoch: 42 [19200/60000 (32%)]	Loss: 0.376722
Train Epoch: 42 [25600/60000 (43%)]	Loss: 0.383025
Train Epoch: 42 [32000/60000 (53%)]	Loss: 0.359173
Train Epoch: 42 [38400/60000 (64%)]	Loss: 0.376250
Train Epoch: 42 [44800/60000 (75%)]	Loss: 0.360394
Train Epoch: 42 [51200/60000 (85%)]	Loss: 0.369237
Train Epoch: 42 [57600/60000 (96%)]	Loss: 0.338762
Train Epoch: 42, Loss: 0.357381
Train Epoch: 43 [0/60000 (0%)]	Loss: 0.342117
Train Epoch: 43 [6400/60000 (11%)]	Loss: 0.339317
Train Epoch: 43 [12800/60000 (21%)]	Loss: 0.342974
Train Epoch: 43 [19200/60000 (32%)]	Loss: 0.357805
Train Epoch: 43 [25600/60000 (43%)]	Loss: 0.346463
Train Epoch: 43 [32000/60000 (53%)]	Loss: 0.353220
Train Epoch: 43 [38400/60000 (64%)]	Loss: 0.362801
Train Epoch: 43 [44800/60000 (75%)]	Loss: 0.333125
Train Epoch: 43 [51200/60000 (85%)]	Loss: 0.364332
Train Epoch: 43 [57600/60000 (96%)]	Loss: 0.344444
Train Epoch: 43, Loss: 0.337076
Train Epoch: 44 [0/60000 (0%)]	Loss: 0.368158
Train Epoch: 44 [6400/60000 (11%)]	Loss: 0.378586
Train Epoch: 44 [12800/60000 (21%)]	Loss: 0.366812
Train Epoch: 44 [19200/60000 (32%)]	Loss: 0.347240
Train Epoch: 44 [25600/60000 (43%)]	Loss: 0.358805
Train Epoch: 44 [32000/60000 (53%)]	Loss: 0.376857
Train Epoch: 44 [38400/60000 (64%)]	Loss: 0.364766
Train Epoch: 44 [44800/60000 (75%)]	Loss: 0.376735
Train Epoch: 44 [51200/60000 (85%)]	Loss: 0.329684
Train Epoch: 44 [57600/60000 (96%)]	Loss: 0.382513
Train Epoch: 44, Loss: 0.397337
Train Epoch: 45 [0/60000 (0%)]	Loss: 0.356317
Train Epoch: 45 [6400/60000 (11%)]	Loss: 0.330151
Train Epoch: 45 [12800/60000 (21%)]	Loss: 0.351198
Train Epoch: 45 [19200/60000 (32%)]	Loss: 0.344928
Train Epoch: 45 [25600/60000 (43%)]	Loss: 0.349292
Train Epoch: 45 [32000/60000 (53%)]	Loss: 0.375249
Train Epoch: 45 [38400/60000 (64%)]	Loss: 0.359448
Train Epoch: 45 [44800/60000 (75%)]	Loss: 0.342066
Train Epoch: 45 [51200/60000 (85%)]	Loss: 0.375079
Train Epoch: 45 [57600/60000 (96%)]	Loss: 0.365812
Train Epoch: 45, Loss: 0.381398
Train Epoch: 46 [0/60000 (0%)]	Loss: 0.357586
Train Epoch: 46 [6400/60000 (11%)]	Loss: 0.352460
Train Epoch: 46 [12800/60000 (21%)]	Loss: 0.349851
Train Epoch: 46 [19200/60000 (32%)]	Loss: 0.343563
Train Epoch: 46 [25600/60000 (43%)]	Loss: 0.376899
Train Epoch: 46 [32000/60000 (53%)]	Loss: 0.349277
Train Epoch: 46 [38400/60000 (64%)]	Loss: 0.357880
Train Epoch: 46 [44800/60000 (75%)]	Loss: 0.351158
Train Epoch: 46 [51200/60000 (85%)]	Loss: 0.350640
Train Epoch: 46 [57600/60000 (96%)]	Loss: 0.347873
Train Epoch: 46, Loss: 0.353787
Train Epoch: 47 [0/60000 (0%)]	Loss: 0.335552
Train Epoch: 47 [6400/60000 (11%)]	Loss: 0.359818
Train Epoch: 47 [12800/60000 (21%)]	Loss: 0.353540
Train Epoch: 47 [19200/60000 (32%)]	Loss: 0.365538
Train Epoch: 47 [25600/60000 (43%)]	Loss: 0.369541
Train Epoch: 47 [32000/60000 (53%)]	Loss: 0.334917
Train Epoch: 47 [38400/60000 (64%)]	Loss: 0.351976
Train Epoch: 47 [44800/60000 (75%)]	Loss: 0.359518
Train Epoch: 47 [51200/60000 (85%)]	Loss: 0.344569
Train Epoch: 47 [57600/60000 (96%)]	Loss: 0.365756
Train Epoch: 47, Loss: 0.340833
Train Epoch: 48 [0/60000 (0%)]	Loss: 0.367688
Train Epoch: 48 [6400/60000 (11%)]	Loss: 0.358119
Train Epoch: 48 [12800/60000 (21%)]	Loss: 0.341358
Train Epoch: 48 [19200/60000 (32%)]	Loss: 0.349790
Train Epoch: 48 [25600/60000 (43%)]	Loss: 0.358017
Train Epoch: 48 [32000/60000 (53%)]	Loss: 0.342960
Train Epoch: 48 [38400/60000 (64%)]	Loss: 0.343350
Train Epoch: 48 [44800/60000 (75%)]	Loss: 0.349142
Train Epoch: 48 [51200/60000 (85%)]	Loss: 0.339172
Train Epoch: 48 [57600/60000 (96%)]	Loss: 0.343122
Train Epoch: 48, Loss: 0.390414
Train Epoch: 49 [0/60000 (0%)]	Loss: 0.374830
Train Epoch: 49 [6400/60000 (11%)]	Loss: 0.324840
Train Epoch: 49 [12800/60000 (21%)]	Loss: 0.343439
Train Epoch: 49 [19200/60000 (32%)]	Loss: 0.342967
Train Epoch: 49 [25600/60000 (43%)]	Loss: 0.352073
Train Epoch: 49 [32000/60000 (53%)]	Loss: 0.360756
Train Epoch: 49 [38400/60000 (64%)]	Loss: 0.352788
Train Epoch: 49 [44800/60000 (75%)]	Loss: 0.370454
Train Epoch: 49 [51200/60000 (85%)]	Loss: 0.349243
Train Epoch: 49 [57600/60000 (96%)]	Loss: 0.321122
Train Epoch: 49, Loss: 0.337353
Train Epoch: 50 [0/60000 (0%)]	Loss: 0.382220
Train Epoch: 50 [6400/60000 (11%)]	Loss: 0.328422
Train Epoch: 50 [12800/60000 (21%)]	Loss: 0.352834
Train Epoch: 50 [19200/60000 (32%)]	Loss: 0.373511
Train Epoch: 50 [25600/60000 (43%)]	Loss: 0.349589
Train Epoch: 50 [32000/60000 (53%)]	Loss: 0.329236
Train Epoch: 50 [38400/60000 (64%)]	Loss: 0.346364
Train Epoch: 50 [44800/60000 (75%)]	Loss: 0.369537
Train Epoch: 50 [51200/60000 (85%)]	Loss: 0.384527
Train Epoch: 50 [57600/60000 (96%)]	Loss: 0.341308
Train Epoch: 50, Loss: 0.339221
Train Epoch: 51 [0/60000 (0%)]	Loss: 0.338440
Train Epoch: 51 [6400/60000 (11%)]	Loss: 0.361193
Train Epoch: 51 [12800/60000 (21%)]	Loss: 0.340274
Train Epoch: 51 [19200/60000 (32%)]	Loss: 0.336390
Train Epoch: 51 [25600/60000 (43%)]	Loss: 0.336040
Train Epoch: 51 [32000/60000 (53%)]	Loss: 0.341563
Train Epoch: 51 [38400/60000 (64%)]	Loss: 0.366374
Train Epoch: 51 [44800/60000 (75%)]	Loss: 0.361845
Train Epoch: 51 [51200/60000 (85%)]	Loss: 0.355458
Train Epoch: 51 [57600/60000 (96%)]	Loss: 0.331757
Train Epoch: 51, Loss: 0.378838
Train Epoch: 52 [0/60000 (0%)]	Loss: 0.345785
Train Epoch: 52 [6400/60000 (11%)]	Loss: 0.364464
Train Epoch: 52 [12800/60000 (21%)]	Loss: 0.342043
Train Epoch: 52 [19200/60000 (32%)]	Loss: 0.379926
Train Epoch: 52 [25600/60000 (43%)]	Loss: 0.365629
Train Epoch: 52 [32000/60000 (53%)]	Loss: 0.356715
Train Epoch: 52 [38400/60000 (64%)]	Loss: 0.337656
Train Epoch: 52 [44800/60000 (75%)]	Loss: 0.322829
Train Epoch: 52 [51200/60000 (85%)]	Loss: 0.351988
Train Epoch: 52 [57600/60000 (96%)]	Loss: 0.344485
Train Epoch: 52, Loss: 0.379023
Train Epoch: 53 [0/60000 (0%)]	Loss: 0.328654
Train Epoch: 53 [6400/60000 (11%)]	Loss: 0.351721
Train Epoch: 53 [12800/60000 (21%)]	Loss: 0.349148
Train Epoch: 53 [19200/60000 (32%)]	Loss: 0.327286
Train Epoch: 53 [25600/60000 (43%)]	Loss: 0.356993
Train Epoch: 53 [32000/60000 (53%)]	Loss: 0.365918
Train Epoch: 53 [38400/60000 (64%)]	Loss: 0.304877
Train Epoch: 53 [44800/60000 (75%)]	Loss: 0.347159
Train Epoch: 53 [51200/60000 (85%)]	Loss: 0.366557
Train Epoch: 53 [57600/60000 (96%)]	Loss: 0.350045
Train Epoch: 53, Loss: 0.350168
Train Epoch: 54 [0/60000 (0%)]	Loss: 0.359751
Train Epoch: 54 [6400/60000 (11%)]	Loss: 0.335344
Train Epoch: 54 [12800/60000 (21%)]	Loss: 0.355657
Train Epoch: 54 [19200/60000 (32%)]	Loss: 0.366496
Train Epoch: 54 [25600/60000 (43%)]	Loss: 0.346990
Train Epoch: 54 [32000/60000 (53%)]	Loss: 0.347000
Train Epoch: 54 [38400/60000 (64%)]	Loss: 0.355503
Train Epoch: 54 [44800/60000 (75%)]	Loss: 0.364907
Train Epoch: 54 [51200/60000 (85%)]	Loss: 0.359744
Train Epoch: 54 [57600/60000 (96%)]	Loss: 0.345593
Train Epoch: 54, Loss: 0.327035
Train Epoch: 55 [0/60000 (0%)]	Loss: 0.340521
Train Epoch: 55 [6400/60000 (11%)]	Loss: 0.335331
Train Epoch: 55 [12800/60000 (21%)]	Loss: 0.356335
Train Epoch: 55 [19200/60000 (32%)]	Loss: 0.369797
Train Epoch: 55 [25600/60000 (43%)]	Loss: 0.353760
Train Epoch: 55 [32000/60000 (53%)]	Loss: 0.355531
Train Epoch: 55 [38400/60000 (64%)]	Loss: 0.373543
Train Epoch: 55 [44800/60000 (75%)]	Loss: 0.363194
Train Epoch: 55 [51200/60000 (85%)]	Loss: 0.377070
Train Epoch: 55 [57600/60000 (96%)]	Loss: 0.357023
Train Epoch: 55, Loss: 0.350090
Train Epoch: 56 [0/60000 (0%)]	Loss: 0.365773
Train Epoch: 56 [6400/60000 (11%)]	Loss: 0.347694
Train Epoch: 56 [12800/60000 (21%)]	Loss: 0.333531
Train Epoch: 56 [19200/60000 (32%)]	Loss: 0.334507
Train Epoch: 56 [25600/60000 (43%)]	Loss: 0.355813
Train Epoch: 56 [32000/60000 (53%)]	Loss: 0.352056
Train Epoch: 56 [38400/60000 (64%)]	Loss: 0.346203
Train Epoch: 56 [44800/60000 (75%)]	Loss: 0.342725
Train Epoch: 56 [51200/60000 (85%)]	Loss: 0.366099
Train Epoch: 56 [57600/60000 (96%)]	Loss: 0.360232
Train Epoch: 56, Loss: 0.355239
Train Epoch: 57 [0/60000 (0%)]	Loss: 0.350520
Train Epoch: 57 [6400/60000 (11%)]	Loss: 0.361634
Train Epoch: 57 [12800/60000 (21%)]	Loss: 0.348494
Train Epoch: 57 [19200/60000 (32%)]	Loss: 0.373653
Train Epoch: 57 [25600/60000 (43%)]	Loss: 0.329401
Train Epoch: 57 [32000/60000 (53%)]	Loss: 0.339917
Train Epoch: 57 [38400/60000 (64%)]	Loss: 0.337255
Train Epoch: 57 [44800/60000 (75%)]	Loss: 0.328922
Train Epoch: 57 [51200/60000 (85%)]	Loss: 0.367589
Train Epoch: 57 [57600/60000 (96%)]	Loss: 0.340256
Train Epoch: 57, Loss: 0.346545
Train Epoch: 58 [0/60000 (0%)]	Loss: 0.344675
Train Epoch: 58 [6400/60000 (11%)]	Loss: 0.351946
Train Epoch: 58 [12800/60000 (21%)]	Loss: 0.342677
Train Epoch: 58 [19200/60000 (32%)]	Loss: 0.345148
Train Epoch: 58 [25600/60000 (43%)]	Loss: 0.310042
Train Epoch: 58 [32000/60000 (53%)]	Loss: 0.354892
Train Epoch: 58 [38400/60000 (64%)]	Loss: 0.356183
Train Epoch: 58 [44800/60000 (75%)]	Loss: 0.344118
Train Epoch: 58 [51200/60000 (85%)]	Loss: 0.339721
Train Epoch: 58 [57600/60000 (96%)]	Loss: 0.343250
Train Epoch: 58, Loss: 0.327987
Train Epoch: 59 [0/60000 (0%)]	Loss: 0.341792
Train Epoch: 59 [6400/60000 (11%)]	Loss: 0.359967
Train Epoch: 59 [12800/60000 (21%)]	Loss: 0.333046
Train Epoch: 59 [19200/60000 (32%)]	Loss: 0.352206
Train Epoch: 59 [25600/60000 (43%)]	Loss: 0.347243
Train Epoch: 59 [32000/60000 (53%)]	Loss: 0.333340
Train Epoch: 59 [38400/60000 (64%)]	Loss: 0.340802
Train Epoch: 59 [44800/60000 (75%)]	Loss: 0.348037
Train Epoch: 59 [51200/60000 (85%)]	Loss: 0.379501
Train Epoch: 59 [57600/60000 (96%)]	Loss: 0.342289
Train Epoch: 59, Loss: 0.371592
Train Epoch: 60 [0/60000 (0%)]	Loss: 0.350454
Train Epoch: 60 [6400/60000 (11%)]	Loss: 0.372767
Train Epoch: 60 [12800/60000 (21%)]	Loss: 0.368666
Train Epoch: 60 [19200/60000 (32%)]	Loss: 0.350004
Train Epoch: 60 [25600/60000 (43%)]	Loss: 0.339396
Train Epoch: 60 [32000/60000 (53%)]	Loss: 0.355170
Train Epoch: 60 [38400/60000 (64%)]	Loss: 0.355326
Train Epoch: 60 [44800/60000 (75%)]	Loss: 0.354504
Train Epoch: 60 [51200/60000 (85%)]	Loss: 0.366011
Train Epoch: 60 [57600/60000 (96%)]	Loss: 0.335085
Train Epoch: 60, Loss: 0.365145
Train Epoch: 61 [0/60000 (0%)]	Loss: 0.351565
Train Epoch: 61 [6400/60000 (11%)]	Loss: 0.334665
Train Epoch: 61 [12800/60000 (21%)]	Loss: 0.322934
Train Epoch: 61 [19200/60000 (32%)]	Loss: 0.364995
Train Epoch: 61 [25600/60000 (43%)]	Loss: 0.354656
Train Epoch: 61 [32000/60000 (53%)]	Loss: 0.358775
Train Epoch: 61 [38400/60000 (64%)]	Loss: 0.357428
Train Epoch: 61 [44800/60000 (75%)]	Loss: 0.358065
Train Epoch: 61 [51200/60000 (85%)]	Loss: 0.303759
Train Epoch: 61 [57600/60000 (96%)]	Loss: 0.354343
Train Epoch: 61, Loss: 0.351820
Train Epoch: 62 [0/60000 (0%)]	Loss: 0.329031
Train Epoch: 62 [6400/60000 (11%)]	Loss: 0.345325
Train Epoch: 62 [12800/60000 (21%)]	Loss: 0.349947
Train Epoch: 62 [19200/60000 (32%)]	Loss: 0.342797
Train Epoch: 62 [25600/60000 (43%)]	Loss: 0.334112
Train Epoch: 62 [32000/60000 (53%)]	Loss: 0.374237
Train Epoch: 62 [38400/60000 (64%)]	Loss: 0.340341
Train Epoch: 62 [44800/60000 (75%)]	Loss: 0.387132
Train Epoch: 62 [51200/60000 (85%)]	Loss: 0.356668
Train Epoch: 62 [57600/60000 (96%)]	Loss: 0.358286
Train Epoch: 62, Loss: 0.359931
Train Epoch: 63 [0/60000 (0%)]	Loss: 0.343503
Train Epoch: 63 [6400/60000 (11%)]	Loss: 0.354162
Train Epoch: 63 [12800/60000 (21%)]	Loss: 0.371654
Train Epoch: 63 [19200/60000 (32%)]	Loss: 0.377809
Train Epoch: 63 [25600/60000 (43%)]	Loss: 0.345713
Train Epoch: 63 [32000/60000 (53%)]	Loss: 0.336495
Train Epoch: 63 [38400/60000 (64%)]	Loss: 0.314212
Train Epoch: 63 [44800/60000 (75%)]	Loss: 0.370288
Train Epoch: 63 [51200/60000 (85%)]	Loss: 0.333113
Train Epoch: 63 [57600/60000 (96%)]	Loss: 0.357705
Train Epoch: 63, Loss: 0.351348
Train Epoch: 64 [0/60000 (0%)]	Loss: 0.344449
Train Epoch: 64 [6400/60000 (11%)]	Loss: 0.352183
Train Epoch: 64 [12800/60000 (21%)]	Loss: 0.389917
Train Epoch: 64 [19200/60000 (32%)]	Loss: 0.337758
Train Epoch: 64 [25600/60000 (43%)]	Loss: 0.365959
Train Epoch: 64 [32000/60000 (53%)]	Loss: 0.342246
Train Epoch: 64 [38400/60000 (64%)]	Loss: 0.367312
Train Epoch: 64 [44800/60000 (75%)]	Loss: 0.329268
Train Epoch: 64 [51200/60000 (85%)]	Loss: 0.370487
Train Epoch: 64 [57600/60000 (96%)]	Loss: 0.320603
Train Epoch: 64, Loss: 0.366507
Train Epoch: 65 [0/60000 (0%)]	Loss: 0.346907
Train Epoch: 65 [6400/60000 (11%)]	Loss: 0.325829
Train Epoch: 65 [12800/60000 (21%)]	Loss: 0.325491
Train Epoch: 65 [19200/60000 (32%)]	Loss: 0.359040
Train Epoch: 65 [25600/60000 (43%)]	Loss: 0.362909
Train Epoch: 65 [32000/60000 (53%)]	Loss: 0.354553
Train Epoch: 65 [38400/60000 (64%)]	Loss: 0.344979
Train Epoch: 65 [44800/60000 (75%)]	Loss: 0.362257
Train Epoch: 65 [51200/60000 (85%)]	Loss: 0.357017
Train Epoch: 65 [57600/60000 (96%)]	Loss: 0.376610
Train Epoch: 65, Loss: 0.357124
Train Epoch: 66 [0/60000 (0%)]	Loss: 0.319931
Train Epoch: 66 [6400/60000 (11%)]	Loss: 0.354153
Train Epoch: 66 [12800/60000 (21%)]	Loss: 0.322063
Train Epoch: 66 [19200/60000 (32%)]	Loss: 0.339681
Train Epoch: 66 [25600/60000 (43%)]	Loss: 0.332653
Train Epoch: 66 [32000/60000 (53%)]	Loss: 0.341081
Train Epoch: 66 [38400/60000 (64%)]	Loss: 0.324433
Train Epoch: 66 [44800/60000 (75%)]	Loss: 0.357292
Train Epoch: 66 [51200/60000 (85%)]	Loss: 0.352481
Train Epoch: 66 [57600/60000 (96%)]	Loss: 0.337119
Train Epoch: 66, Loss: 0.363540
Train Epoch: 67 [0/60000 (0%)]	Loss: 0.334134
Train Epoch: 67 [6400/60000 (11%)]	Loss: 0.344543
Train Epoch: 67 [12800/60000 (21%)]	Loss: 0.329894
Train Epoch: 67 [19200/60000 (32%)]	Loss: 0.342854
Train Epoch: 67 [25600/60000 (43%)]	Loss: 0.343261
Train Epoch: 67 [32000/60000 (53%)]	Loss: 0.346917
Train Epoch: 67 [38400/60000 (64%)]	Loss: 0.371305
Train Epoch: 67 [44800/60000 (75%)]	Loss: 0.344974
Train Epoch: 67 [51200/60000 (85%)]	Loss: 0.332786
Train Epoch: 67 [57600/60000 (96%)]	Loss: 0.335490
Train Epoch: 67, Loss: 0.326612
Train Epoch: 68 [0/60000 (0%)]	Loss: 0.349388
Train Epoch: 68 [6400/60000 (11%)]	Loss: 0.349419
Train Epoch: 68 [12800/60000 (21%)]	Loss: 0.354451
Train Epoch: 68 [19200/60000 (32%)]	Loss: 0.333124
Train Epoch: 68 [25600/60000 (43%)]	Loss: 0.344400
Train Epoch: 68 [32000/60000 (53%)]	Loss: 0.344778
Train Epoch: 68 [38400/60000 (64%)]	Loss: 0.337812
Train Epoch: 68 [44800/60000 (75%)]	Loss: 0.334761
Train Epoch: 68 [51200/60000 (85%)]	Loss: 0.326692
Train Epoch: 68 [57600/60000 (96%)]	Loss: 0.321222
Train Epoch: 68, Loss: 0.344499
Train Epoch: 69 [0/60000 (0%)]	Loss: 0.354405
Train Epoch: 69 [6400/60000 (11%)]	Loss: 0.373657
Train Epoch: 69 [12800/60000 (21%)]	Loss: 0.343551
Train Epoch: 69 [19200/60000 (32%)]	Loss: 0.332836
Train Epoch: 69 [25600/60000 (43%)]	Loss: 0.338635
Train Epoch: 69 [32000/60000 (53%)]	Loss: 0.349679
Train Epoch: 69 [38400/60000 (64%)]	Loss: 0.346981
Train Epoch: 69 [44800/60000 (75%)]	Loss: 0.392283
Train Epoch: 69 [51200/60000 (85%)]	Loss: 0.336443
Train Epoch: 69 [57600/60000 (96%)]	Loss: 0.339313
Train Epoch: 69, Loss: 0.354538
Train Epoch: 70 [0/60000 (0%)]	Loss: 0.321949
Train Epoch: 70 [6400/60000 (11%)]	Loss: 0.369853
Train Epoch: 70 [12800/60000 (21%)]	Loss: 0.350097
Train Epoch: 70 [19200/60000 (32%)]	Loss: 0.328669
Train Epoch: 70 [25600/60000 (43%)]	Loss: 0.332342
Train Epoch: 70 [32000/60000 (53%)]	Loss: 0.338926
Train Epoch: 70 [38400/60000 (64%)]	Loss: 0.379908
Train Epoch: 70 [44800/60000 (75%)]	Loss: 0.345300
Train Epoch: 70 [51200/60000 (85%)]	Loss: 0.353446
Train Epoch: 70 [57600/60000 (96%)]	Loss: 0.369123
Train Epoch: 70, Loss: 0.367230
Train Epoch: 71 [0/60000 (0%)]	Loss: 0.343289
Train Epoch: 71 [6400/60000 (11%)]	Loss: 0.344294
Train Epoch: 71 [12800/60000 (21%)]	Loss: 0.325107
Train Epoch: 71 [19200/60000 (32%)]	Loss: 0.358240
Train Epoch: 71 [25600/60000 (43%)]	Loss: 0.367196
Train Epoch: 71 [32000/60000 (53%)]	Loss: 0.322704
Train Epoch: 71 [38400/60000 (64%)]	Loss: 0.368858
Train Epoch: 71 [44800/60000 (75%)]	Loss: 0.357270
Train Epoch: 71 [51200/60000 (85%)]	Loss: 0.361065
Train Epoch: 71 [57600/60000 (96%)]	Loss: 0.372283
Train Epoch: 71, Loss: 0.374770
Train Epoch: 72 [0/60000 (0%)]	Loss: 0.353165
Train Epoch: 72 [6400/60000 (11%)]	Loss: 0.330223
Train Epoch: 72 [12800/60000 (21%)]	Loss: 0.352031
Train Epoch: 72 [19200/60000 (32%)]	Loss: 0.346468
Train Epoch: 72 [25600/60000 (43%)]	Loss: 0.371922
Train Epoch: 72 [32000/60000 (53%)]	Loss: 0.325844
Train Epoch: 72 [38400/60000 (64%)]	Loss: 0.346351
Train Epoch: 72 [44800/60000 (75%)]	Loss: 0.344732
Train Epoch: 72 [51200/60000 (85%)]	Loss: 0.362304
Train Epoch: 72 [57600/60000 (96%)]	Loss: 0.361927
Train Epoch: 72, Loss: 0.326228
Train Epoch: 73 [0/60000 (0%)]	Loss: 0.334290
Train Epoch: 73 [6400/60000 (11%)]	Loss: 0.342884
Train Epoch: 73 [12800/60000 (21%)]	Loss: 0.340915
Train Epoch: 73 [19200/60000 (32%)]	Loss: 0.350252
Train Epoch: 73 [25600/60000 (43%)]	Loss: 0.346993
Train Epoch: 73 [32000/60000 (53%)]	Loss: 0.349302
Train Epoch: 73 [38400/60000 (64%)]	Loss: 0.338017
Train Epoch: 73 [44800/60000 (75%)]	Loss: 0.346751
Train Epoch: 73 [51200/60000 (85%)]	Loss: 0.346851
Train Epoch: 73 [57600/60000 (96%)]	Loss: 0.344376
Train Epoch: 73, Loss: 0.344432
Train Epoch: 74 [0/60000 (0%)]	Loss: 0.341751
Train Epoch: 74 [6400/60000 (11%)]	Loss: 0.352273
Train Epoch: 74 [12800/60000 (21%)]	Loss: 0.346010
Train Epoch: 74 [19200/60000 (32%)]	Loss: 0.322530
Train Epoch: 74 [25600/60000 (43%)]	Loss: 0.368408
Train Epoch: 74 [32000/60000 (53%)]	Loss: 0.351959
Train Epoch: 74 [38400/60000 (64%)]	Loss: 0.349234
Train Epoch: 74 [44800/60000 (75%)]	Loss: 0.355131
Train Epoch: 74 [51200/60000 (85%)]	Loss: 0.322304
Train Epoch: 74 [57600/60000 (96%)]	Loss: 0.319347
Train Epoch: 74, Loss: 0.326451
Train Epoch: 75 [0/60000 (0%)]	Loss: 0.314904
Train Epoch: 75 [6400/60000 (11%)]	Loss: 0.331157
Train Epoch: 75 [12800/60000 (21%)]	Loss: 0.360906
Train Epoch: 75 [19200/60000 (32%)]	Loss: 0.321448
Train Epoch: 75 [25600/60000 (43%)]	Loss: 0.379086
Train Epoch: 75 [32000/60000 (53%)]	Loss: 0.374966
Train Epoch: 75 [38400/60000 (64%)]	Loss: 0.343708
Train Epoch: 75 [44800/60000 (75%)]	Loss: 0.301152
Train Epoch: 75 [51200/60000 (85%)]	Loss: 0.357247
Train Epoch: 75 [57600/60000 (96%)]	Loss: 0.344600
Train Epoch: 75, Loss: 0.329799
Train Epoch: 76 [0/60000 (0%)]	Loss: 0.344194
Train Epoch: 76 [6400/60000 (11%)]	Loss: 0.344826
Train Epoch: 76 [12800/60000 (21%)]	Loss: 0.340971
Train Epoch: 76 [19200/60000 (32%)]	Loss: 0.344657
Train Epoch: 76 [25600/60000 (43%)]	Loss: 0.330115
Train Epoch: 76 [32000/60000 (53%)]	Loss: 0.358112
Train Epoch: 76 [38400/60000 (64%)]	Loss: 0.338342
Train Epoch: 76 [44800/60000 (75%)]	Loss: 0.327090
Train Epoch: 76 [51200/60000 (85%)]	Loss: 0.339637
Train Epoch: 76 [57600/60000 (96%)]	Loss: 0.358620
Train Epoch: 76, Loss: 0.361878
Train Epoch: 77 [0/60000 (0%)]	Loss: 0.378398
Train Epoch: 77 [6400/60000 (11%)]	Loss: 0.327659
Train Epoch: 77 [12800/60000 (21%)]	Loss: 0.368215
Train Epoch: 77 [19200/60000 (32%)]	Loss: 0.325729
Train Epoch: 77 [25600/60000 (43%)]	Loss: 0.344166
Train Epoch: 77 [32000/60000 (53%)]	Loss: 0.335120
Train Epoch: 77 [38400/60000 (64%)]	Loss: 0.344538
Train Epoch: 77 [44800/60000 (75%)]	Loss: 0.344010
Train Epoch: 77 [51200/60000 (85%)]	Loss: 0.333366
Train Epoch: 77 [57600/60000 (96%)]	Loss: 0.346529
Train Epoch: 77, Loss: 0.334463
Train Epoch: 78 [0/60000 (0%)]	Loss: 0.342845
Train Epoch: 78 [6400/60000 (11%)]	Loss: 0.335869
Train Epoch: 78 [12800/60000 (21%)]	Loss: 0.337448
Train Epoch: 78 [19200/60000 (32%)]	Loss: 0.356978
Train Epoch: 78 [25600/60000 (43%)]	Loss: 0.336679
Train Epoch: 78 [32000/60000 (53%)]	Loss: 0.350498
Train Epoch: 78 [38400/60000 (64%)]	Loss: 0.345960
Train Epoch: 78 [44800/60000 (75%)]	Loss: 0.338388
Train Epoch: 78 [51200/60000 (85%)]	Loss: 0.346350
Train Epoch: 78 [57600/60000 (96%)]	Loss: 0.316188
Train Epoch: 78, Loss: 0.331055
Train Epoch: 79 [0/60000 (0%)]	Loss: 0.317204
Train Epoch: 79 [6400/60000 (11%)]	Loss: 0.319200
Train Epoch: 79 [12800/60000 (21%)]	Loss: 0.333452
Train Epoch: 79 [19200/60000 (32%)]	Loss: 0.330659
Train Epoch: 79 [25600/60000 (43%)]	Loss: 0.327559
Train Epoch: 79 [32000/60000 (53%)]	Loss: 0.338091
Train Epoch: 79 [38400/60000 (64%)]	Loss: 0.347525
Train Epoch: 79 [44800/60000 (75%)]	Loss: 0.368148
Train Epoch: 79 [51200/60000 (85%)]	Loss: 0.374374
Train Epoch: 79 [57600/60000 (96%)]	Loss: 0.368006
Train Epoch: 79, Loss: 0.331521
Train Epoch: 80 [0/60000 (0%)]	Loss: 0.361740
Train Epoch: 80 [6400/60000 (11%)]	Loss: 0.359555
Train Epoch: 80 [12800/60000 (21%)]	Loss: 0.341714
Train Epoch: 80 [19200/60000 (32%)]	Loss: 0.338802
Train Epoch: 80 [25600/60000 (43%)]	Loss: 0.349000
Train Epoch: 80 [32000/60000 (53%)]	Loss: 0.354915
Train Epoch: 80 [38400/60000 (64%)]	Loss: 0.360524
Train Epoch: 80 [44800/60000 (75%)]	Loss: 0.360613
Train Epoch: 80 [51200/60000 (85%)]	Loss: 0.299295
Train Epoch: 80 [57600/60000 (96%)]	Loss: 0.351058
Train Epoch: 80, Loss: 0.356990
Train Epoch: 81 [0/60000 (0%)]	Loss: 0.348476
Train Epoch: 81 [6400/60000 (11%)]	Loss: 0.351221
Train Epoch: 81 [12800/60000 (21%)]	Loss: 0.358459
Train Epoch: 81 [19200/60000 (32%)]	Loss: 0.353718
Train Epoch: 81 [25600/60000 (43%)]	Loss: 0.359349
Train Epoch: 81 [32000/60000 (53%)]	Loss: 0.340789
Train Epoch: 81 [38400/60000 (64%)]	Loss: 0.334778
Train Epoch: 81 [44800/60000 (75%)]	Loss: 0.358795
Train Epoch: 81 [51200/60000 (85%)]	Loss: 0.334120
Train Epoch: 81 [57600/60000 (96%)]	Loss: 0.334430
Train Epoch: 81, Loss: 0.343578
Train Epoch: 82 [0/60000 (0%)]	Loss: 0.324959
Train Epoch: 82 [6400/60000 (11%)]	Loss: 0.360948
Train Epoch: 82 [12800/60000 (21%)]	Loss: 0.352257
Train Epoch: 82 [19200/60000 (32%)]	Loss: 0.344534
Train Epoch: 82 [25600/60000 (43%)]	Loss: 0.366049
Train Epoch: 82 [32000/60000 (53%)]	Loss: 0.330528
Train Epoch: 82 [38400/60000 (64%)]	Loss: 0.353838
Train Epoch: 82 [44800/60000 (75%)]	Loss: 0.354864
Train Epoch: 82 [51200/60000 (85%)]	Loss: 0.311307
Train Epoch: 82 [57600/60000 (96%)]	Loss: 0.340420
Train Epoch: 82, Loss: 0.329003
Train Epoch: 83 [0/60000 (0%)]	Loss: 0.352368
Train Epoch: 83 [6400/60000 (11%)]	Loss: 0.325992
Train Epoch: 83 [12800/60000 (21%)]	Loss: 0.337675
Train Epoch: 83 [19200/60000 (32%)]	Loss: 0.353913
Train Epoch: 83 [25600/60000 (43%)]	Loss: 0.342685
Train Epoch: 83 [32000/60000 (53%)]	Loss: 0.345069
Train Epoch: 83 [38400/60000 (64%)]	Loss: 0.330038
Train Epoch: 83 [44800/60000 (75%)]	Loss: 0.333052
Train Epoch: 83 [51200/60000 (85%)]	Loss: 0.355245
Train Epoch: 83 [57600/60000 (96%)]	Loss: 0.345080
Train Epoch: 83, Loss: 0.345439
Train Epoch: 84 [0/60000 (0%)]	Loss: 0.325905
Train Epoch: 84 [6400/60000 (11%)]	Loss: 0.334430
Train Epoch: 84 [12800/60000 (21%)]	Loss: 0.321099
Train Epoch: 84 [19200/60000 (32%)]	Loss: 0.344847
Train Epoch: 84 [25600/60000 (43%)]	Loss: 0.345966
Train Epoch: 84 [32000/60000 (53%)]	Loss: 0.322308
Train Epoch: 84 [38400/60000 (64%)]	Loss: 0.333377
Train Epoch: 84 [44800/60000 (75%)]	Loss: 0.349492
Train Epoch: 84 [51200/60000 (85%)]	Loss: 0.333796
Train Epoch: 84 [57600/60000 (96%)]	Loss: 0.343348
Train Epoch: 84, Loss: 0.352398
Train Epoch: 85 [0/60000 (0%)]	Loss: 0.306888
Train Epoch: 85 [6400/60000 (11%)]	Loss: 0.319497
Train Epoch: 85 [12800/60000 (21%)]	Loss: 0.326225
Train Epoch: 85 [19200/60000 (32%)]	Loss: 0.368162
Train Epoch: 85 [25600/60000 (43%)]	Loss: 0.342386
Train Epoch: 85 [32000/60000 (53%)]	Loss: 0.314223
Train Epoch: 85 [38400/60000 (64%)]	Loss: 0.368649
Train Epoch: 85 [44800/60000 (75%)]	Loss: 0.331798
Train Epoch: 85 [51200/60000 (85%)]	Loss: 0.352434
Train Epoch: 85 [57600/60000 (96%)]	Loss: 0.344147
Train Epoch: 85, Loss: 0.319563
Train Epoch: 86 [0/60000 (0%)]	Loss: 0.340172
Train Epoch: 86 [6400/60000 (11%)]	Loss: 0.344290
Train Epoch: 86 [12800/60000 (21%)]	Loss: 0.359209
Train Epoch: 86 [19200/60000 (32%)]	Loss: 0.359222
Train Epoch: 86 [25600/60000 (43%)]	Loss: 0.371717
Train Epoch: 86 [32000/60000 (53%)]	Loss: 0.351684
Train Epoch: 86 [38400/60000 (64%)]	Loss: 0.306670
Train Epoch: 86 [44800/60000 (75%)]	Loss: 0.355595
Train Epoch: 86 [51200/60000 (85%)]	Loss: 0.341008
Train Epoch: 86 [57600/60000 (96%)]	Loss: 0.334349
Train Epoch: 86, Loss: 0.358706
Train Epoch: 87 [0/60000 (0%)]	Loss: 0.359898
Train Epoch: 87 [6400/60000 (11%)]	Loss: 0.357171
Train Epoch: 87 [12800/60000 (21%)]	Loss: 0.335884
Train Epoch: 87 [19200/60000 (32%)]	Loss: 0.340705
Train Epoch: 87 [25600/60000 (43%)]	Loss: 0.316975
Train Epoch: 87 [32000/60000 (53%)]	Loss: 0.342216
Train Epoch: 87 [38400/60000 (64%)]	Loss: 0.326172
Train Epoch: 87 [44800/60000 (75%)]	Loss: 0.316336
Train Epoch: 87 [51200/60000 (85%)]	Loss: 0.343991
Train Epoch: 87 [57600/60000 (96%)]	Loss: 0.339827
Train Epoch: 87, Loss: 0.352872
Train Epoch: 88 [0/60000 (0%)]	Loss: 0.366349
Train Epoch: 88 [6400/60000 (11%)]	Loss: 0.350148
Train Epoch: 88 [12800/60000 (21%)]	Loss: 0.351953
Train Epoch: 88 [19200/60000 (32%)]	Loss: 0.334123
Train Epoch: 88 [25600/60000 (43%)]	Loss: 0.341031
Train Epoch: 88 [32000/60000 (53%)]	Loss: 0.347990
Train Epoch: 88 [38400/60000 (64%)]	Loss: 0.350617
Train Epoch: 88 [44800/60000 (75%)]	Loss: 0.313424
Train Epoch: 88 [51200/60000 (85%)]	Loss: 0.343334
Train Epoch: 88 [57600/60000 (96%)]	Loss: 0.339980
Train Epoch: 88, Loss: 0.306069
Train Epoch: 89 [0/60000 (0%)]	Loss: 0.354302
Train Epoch: 89 [6400/60000 (11%)]	Loss: 0.356527
Train Epoch: 89 [12800/60000 (21%)]	Loss: 0.333964
Train Epoch: 89 [19200/60000 (32%)]	Loss: 0.345653
Train Epoch: 89 [25600/60000 (43%)]	Loss: 0.336390
Train Epoch: 89 [32000/60000 (53%)]	Loss: 0.333065
Train Epoch: 89 [38400/60000 (64%)]	Loss: 0.354440
Train Epoch: 89 [44800/60000 (75%)]	Loss: 0.351507
Train Epoch: 89 [51200/60000 (85%)]	Loss: 0.341589
Train Epoch: 89 [57600/60000 (96%)]	Loss: 0.341962
Train Epoch: 89, Loss: 0.347174
Train Epoch: 90 [0/60000 (0%)]	Loss: 0.338008
Train Epoch: 90 [6400/60000 (11%)]	Loss: 0.327746
Train Epoch: 90 [12800/60000 (21%)]	Loss: 0.352262
Train Epoch: 90 [19200/60000 (32%)]	Loss: 0.325224
Train Epoch: 90 [25600/60000 (43%)]	Loss: 0.341994
Train Epoch: 90 [32000/60000 (53%)]	Loss: 0.335140
Train Epoch: 90 [38400/60000 (64%)]	Loss: 0.320377
Train Epoch: 90 [44800/60000 (75%)]	Loss: 0.329768
Train Epoch: 90 [51200/60000 (85%)]	Loss: 0.376686
Train Epoch: 90 [57600/60000 (96%)]	Loss: 0.327233
Train Epoch: 90, Loss: 0.324512
Train Epoch: 91 [0/60000 (0%)]	Loss: 0.357327
Train Epoch: 91 [6400/60000 (11%)]	Loss: 0.333838
Train Epoch: 91 [12800/60000 (21%)]	Loss: 0.339292
Train Epoch: 91 [19200/60000 (32%)]	Loss: 0.325205
Train Epoch: 91 [25600/60000 (43%)]	Loss: 0.365524
Train Epoch: 91 [32000/60000 (53%)]	Loss: 0.342948
Train Epoch: 91 [38400/60000 (64%)]	Loss: 0.354905
Train Epoch: 91 [44800/60000 (75%)]	Loss: 0.356416
Train Epoch: 91 [51200/60000 (85%)]	Loss: 0.333021
Train Epoch: 91 [57600/60000 (96%)]	Loss: 0.341342
Train Epoch: 91, Loss: 0.336263
Train Epoch: 92 [0/60000 (0%)]	Loss: 0.336242
Train Epoch: 92 [6400/60000 (11%)]	Loss: 0.325149
Train Epoch: 92 [12800/60000 (21%)]	Loss: 0.341540
Train Epoch: 92 [19200/60000 (32%)]	Loss: 0.334588
Train Epoch: 92 [25600/60000 (43%)]	Loss: 0.351216
Train Epoch: 92 [32000/60000 (53%)]	Loss: 0.342645
Train Epoch: 92 [38400/60000 (64%)]	Loss: 0.339570
Train Epoch: 92 [44800/60000 (75%)]	Loss: 0.317482
Train Epoch: 92 [51200/60000 (85%)]	Loss: 0.360006
Train Epoch: 92 [57600/60000 (96%)]	Loss: 0.331124
Train Epoch: 92, Loss: 0.359123
Train Epoch: 93 [0/60000 (0%)]	Loss: 0.348956
Train Epoch: 93 [6400/60000 (11%)]	Loss: 0.322510
Train Epoch: 93 [12800/60000 (21%)]	Loss: 0.351385
Train Epoch: 93 [19200/60000 (32%)]	Loss: 0.345262
Train Epoch: 93 [25600/60000 (43%)]	Loss: 0.330465
Train Epoch: 93 [32000/60000 (53%)]	Loss: 0.340959
Train Epoch: 93 [38400/60000 (64%)]	Loss: 0.367646
Train Epoch: 93 [44800/60000 (75%)]	Loss: 0.332682
Train Epoch: 93 [51200/60000 (85%)]	Loss: 0.350632
Train Epoch: 93 [57600/60000 (96%)]	Loss: 0.330363
Train Epoch: 93, Loss: 0.327685
Train Epoch: 94 [0/60000 (0%)]	Loss: 0.317824
Train Epoch: 94 [6400/60000 (11%)]	Loss: 0.342348
Train Epoch: 94 [12800/60000 (21%)]	Loss: 0.359052
Train Epoch: 94 [19200/60000 (32%)]	Loss: 0.329735
Train Epoch: 94 [25600/60000 (43%)]	Loss: 0.337906
Train Epoch: 94 [32000/60000 (53%)]	Loss: 0.320899
Train Epoch: 94 [38400/60000 (64%)]	Loss: 0.305901
Train Epoch: 94 [44800/60000 (75%)]	Loss: 0.354646
Train Epoch: 94 [51200/60000 (85%)]	Loss: 0.358337
Train Epoch: 94 [57600/60000 (96%)]	Loss: 0.336355
Train Epoch: 94, Loss: 0.336099
Train Epoch: 95 [0/60000 (0%)]	Loss: 0.338415
Train Epoch: 95 [6400/60000 (11%)]	Loss: 0.333053
Train Epoch: 95 [12800/60000 (21%)]	Loss: 0.325558
Train Epoch: 95 [19200/60000 (32%)]	Loss: 0.337442
Train Epoch: 95 [25600/60000 (43%)]	Loss: 0.348972
Train Epoch: 95 [32000/60000 (53%)]	Loss: 0.342137
Train Epoch: 95 [38400/60000 (64%)]	Loss: 0.331939
Train Epoch: 95 [44800/60000 (75%)]	Loss: 0.324060
Train Epoch: 95 [51200/60000 (85%)]	Loss: 0.313611
Train Epoch: 95 [57600/60000 (96%)]	Loss: 0.308710
Train Epoch: 95, Loss: 0.314139
Train Epoch: 96 [0/60000 (0%)]	Loss: 0.353103
Train Epoch: 96 [6400/60000 (11%)]	Loss: 0.316217
Train Epoch: 96 [12800/60000 (21%)]	Loss: 0.321983
Train Epoch: 96 [19200/60000 (32%)]	Loss: 0.362507
Train Epoch: 96 [25600/60000 (43%)]	Loss: 0.314824
Train Epoch: 96 [32000/60000 (53%)]	Loss: 0.360726
Train Epoch: 96 [38400/60000 (64%)]	Loss: 0.354038
Train Epoch: 96 [44800/60000 (75%)]	Loss: 0.327083
Train Epoch: 96 [51200/60000 (85%)]	Loss: 0.313280
Train Epoch: 96 [57600/60000 (96%)]	Loss: 0.377465
Train Epoch: 96, Loss: 0.329424
Train Epoch: 97 [0/60000 (0%)]	Loss: 0.320844
Train Epoch: 97 [6400/60000 (11%)]	Loss: 0.354436
Train Epoch: 97 [12800/60000 (21%)]	Loss: 0.340622
Train Epoch: 97 [19200/60000 (32%)]	Loss: 0.342328
Train Epoch: 97 [25600/60000 (43%)]	Loss: 0.350274
Train Epoch: 97 [32000/60000 (53%)]	Loss: 0.336723
Train Epoch: 97 [38400/60000 (64%)]	Loss: 0.338525
Train Epoch: 97 [44800/60000 (75%)]	Loss: 0.322077
Train Epoch: 97 [51200/60000 (85%)]	Loss: 0.327527
Train Epoch: 97 [57600/60000 (96%)]	Loss: 0.329707
Train Epoch: 97, Loss: 0.327976
Train Epoch: 98 [0/60000 (0%)]	Loss: 0.321564
Train Epoch: 98 [6400/60000 (11%)]	Loss: 0.336366
Train Epoch: 98 [12800/60000 (21%)]	Loss: 0.327104
Train Epoch: 98 [19200/60000 (32%)]	Loss: 0.316189
Train Epoch: 98 [25600/60000 (43%)]	Loss: 0.317220
Train Epoch: 98 [32000/60000 (53%)]	Loss: 0.336537
Train Epoch: 98 [38400/60000 (64%)]	Loss: 0.333611
Train Epoch: 98 [44800/60000 (75%)]	Loss: 0.347470
Train Epoch: 98 [51200/60000 (85%)]	Loss: 0.346303
Train Epoch: 98 [57600/60000 (96%)]	Loss: 0.325942
Train Epoch: 98, Loss: 0.335905
Train Epoch: 99 [0/60000 (0%)]	Loss: 0.334433
Train Epoch: 99 [6400/60000 (11%)]	Loss: 0.347528
Train Epoch: 99 [12800/60000 (21%)]	Loss: 0.346752
Train Epoch: 99 [19200/60000 (32%)]	Loss: 0.346431
Train Epoch: 99 [25600/60000 (43%)]	Loss: 0.325725
Train Epoch: 99 [32000/60000 (53%)]	Loss: 0.353007
Train Epoch: 99 [38400/60000 (64%)]	Loss: 0.315450
Train Epoch: 99 [44800/60000 (75%)]	Loss: 0.315677
Train Epoch: 99 [51200/60000 (85%)]	Loss: 0.328414
Train Epoch: 99 [57600/60000 (96%)]	Loss: 0.329561
Train Epoch: 99, Loss: 0.344880
Train Epoch: 100 [0/60000 (0%)]	Loss: 0.348098
Train Epoch: 100 [6400/60000 (11%)]	Loss: 0.341051
Train Epoch: 100 [12800/60000 (21%)]	Loss: 0.350272
Train Epoch: 100 [19200/60000 (32%)]	Loss: 0.314341
Train Epoch: 100 [25600/60000 (43%)]	Loss: 0.347043
Train Epoch: 100 [32000/60000 (53%)]	Loss: 0.319812
Train Epoch: 100 [38400/60000 (64%)]	Loss: 0.346533
Train Epoch: 100 [44800/60000 (75%)]	Loss: 0.358561
Train Epoch: 100 [51200/60000 (85%)]	Loss: 0.360129
Train Epoch: 100 [57600/60000 (96%)]	Loss: 0.321106
Train Epoch: 100, Loss: 0.344840
Train Epoch: 101 [0/60000 (0%)]	Loss: 0.321290
Train Epoch: 101 [6400/60000 (11%)]	Loss: 0.340463
Train Epoch: 101 [12800/60000 (21%)]	Loss: 0.353558
Train Epoch: 101 [19200/60000 (32%)]	Loss: 0.322477
Train Epoch: 101 [25600/60000 (43%)]	Loss: 0.296667
Train Epoch: 101 [32000/60000 (53%)]	Loss: 0.359818
Train Epoch: 101 [38400/60000 (64%)]	Loss: 0.313626
Train Epoch: 101 [44800/60000 (75%)]	Loss: 0.320532
Train Epoch: 101 [51200/60000 (85%)]	Loss: 0.333215
Train Epoch: 101 [57600/60000 (96%)]	Loss: 0.341364
Train Epoch: 101, Loss: 0.351828
Train Epoch: 102 [0/60000 (0%)]	Loss: 0.336676
Train Epoch: 102 [6400/60000 (11%)]	Loss: 0.364673
Train Epoch: 102 [12800/60000 (21%)]	Loss: 0.294830
Train Epoch: 102 [19200/60000 (32%)]	Loss: 0.321862
Train Epoch: 102 [25600/60000 (43%)]	Loss: 0.343372
Train Epoch: 102 [32000/60000 (53%)]	Loss: 0.317367
Train Epoch: 102 [38400/60000 (64%)]	Loss: 0.333452
Train Epoch: 102 [44800/60000 (75%)]	Loss: 0.329211
Train Epoch: 102 [51200/60000 (85%)]	Loss: 0.319068
Train Epoch: 102 [57600/60000 (96%)]	Loss: 0.331333
Train Epoch: 102, Loss: 0.330382
Train Epoch: 103 [0/60000 (0%)]	Loss: 0.363151
Train Epoch: 103 [6400/60000 (11%)]	Loss: 0.348293
Train Epoch: 103 [12800/60000 (21%)]	Loss: 0.318958
Train Epoch: 103 [19200/60000 (32%)]	Loss: 0.361766
Train Epoch: 103 [25600/60000 (43%)]	Loss: 0.325350
Train Epoch: 103 [32000/60000 (53%)]	Loss: 0.329681
Train Epoch: 103 [38400/60000 (64%)]	Loss: 0.363035
Train Epoch: 103 [44800/60000 (75%)]	Loss: 0.348863
Train Epoch: 103 [51200/60000 (85%)]	Loss: 0.312528
Train Epoch: 103 [57600/60000 (96%)]	Loss: 0.335102
Train Epoch: 103, Loss: 0.374453
Train Epoch: 104 [0/60000 (0%)]	Loss: 0.330377
Train Epoch: 104 [6400/60000 (11%)]	Loss: 0.322260
Train Epoch: 104 [12800/60000 (21%)]	Loss: 0.339893
Train Epoch: 104 [19200/60000 (32%)]	Loss: 0.313898
Train Epoch: 104 [25600/60000 (43%)]	Loss: 0.351280
Train Epoch: 104 [32000/60000 (53%)]	Loss: 0.344670
Train Epoch: 104 [38400/60000 (64%)]	Loss: 0.351993
Train Epoch: 104 [44800/60000 (75%)]	Loss: 0.330959
Train Epoch: 104 [51200/60000 (85%)]	Loss: 0.338713
Train Epoch: 104 [57600/60000 (96%)]	Loss: 0.335801
Train Epoch: 104, Loss: 0.352905
Train Epoch: 105 [0/60000 (0%)]	Loss: 0.349225
Train Epoch: 105 [6400/60000 (11%)]	Loss: 0.323670
Train Epoch: 105 [12800/60000 (21%)]	Loss: 0.332179
Train Epoch: 105 [19200/60000 (32%)]	Loss: 0.321028
Train Epoch: 105 [25600/60000 (43%)]	Loss: 0.347621
Train Epoch: 105 [32000/60000 (53%)]	Loss: 0.335541
Train Epoch: 105 [38400/60000 (64%)]	Loss: 0.354752
Train Epoch: 105 [44800/60000 (75%)]	Loss: 0.341378
Train Epoch: 105 [51200/60000 (85%)]	Loss: 0.342509
Train Epoch: 105 [57600/60000 (96%)]	Loss: 0.316806
Train Epoch: 105, Loss: 0.334572
Train Epoch: 106 [0/60000 (0%)]	Loss: 0.324290
Train Epoch: 106 [6400/60000 (11%)]	Loss: 0.326917
Train Epoch: 106 [12800/60000 (21%)]	Loss: 0.337162
Train Epoch: 106 [19200/60000 (32%)]	Loss: 0.325699
Train Epoch: 106 [25600/60000 (43%)]	Loss: 0.333458
Train Epoch: 106 [32000/60000 (53%)]	Loss: 0.345127
Train Epoch: 106 [38400/60000 (64%)]	Loss: 0.301780
Train Epoch: 106 [44800/60000 (75%)]	Loss: 0.332636
Train Epoch: 106 [51200/60000 (85%)]	Loss: 0.321878
Train Epoch: 106 [57600/60000 (96%)]	Loss: 0.340204
Train Epoch: 106, Loss: 0.341997
Train Epoch: 107 [0/60000 (0%)]	Loss: 0.348693
Train Epoch: 107 [6400/60000 (11%)]	Loss: 0.315491
Train Epoch: 107 [12800/60000 (21%)]	Loss: 0.334925
Train Epoch: 107 [19200/60000 (32%)]	Loss: 0.346721
Train Epoch: 107 [25600/60000 (43%)]	Loss: 0.357457
Train Epoch: 107 [32000/60000 (53%)]	Loss: 0.348220
Train Epoch: 107 [38400/60000 (64%)]	Loss: 0.334957
Train Epoch: 107 [44800/60000 (75%)]	Loss: 0.326038
Train Epoch: 107 [51200/60000 (85%)]	Loss: 0.350717
Train Epoch: 107 [57600/60000 (96%)]	Loss: 0.329042
Train Epoch: 107, Loss: 0.346173
Train Epoch: 108 [0/60000 (0%)]	Loss: 0.326411
Train Epoch: 108 [6400/60000 (11%)]	Loss: 0.332396
Train Epoch: 108 [12800/60000 (21%)]	Loss: 0.307102
Train Epoch: 108 [19200/60000 (32%)]	Loss: 0.331621
Train Epoch: 108 [25600/60000 (43%)]	Loss: 0.335599
Train Epoch: 108 [32000/60000 (53%)]	Loss: 0.342986
Train Epoch: 108 [38400/60000 (64%)]	Loss: 0.333990
Train Epoch: 108 [44800/60000 (75%)]	Loss: 0.322212
Train Epoch: 108 [51200/60000 (85%)]	Loss: 0.363900
Train Epoch: 108 [57600/60000 (96%)]	Loss: 0.335881
Train Epoch: 108, Loss: 0.362141
Train Epoch: 109 [0/60000 (0%)]	Loss: 0.328758
Train Epoch: 109 [6400/60000 (11%)]	Loss: 0.309013
Train Epoch: 109 [12800/60000 (21%)]	Loss: 0.331281
Train Epoch: 109 [19200/60000 (32%)]	Loss: 0.324467
Train Epoch: 109 [25600/60000 (43%)]	Loss: 0.319810
Train Epoch: 109 [32000/60000 (53%)]	Loss: 0.335621
Train Epoch: 109 [38400/60000 (64%)]	Loss: 0.332442
Train Epoch: 109 [44800/60000 (75%)]	Loss: 0.317430
Train Epoch: 109 [51200/60000 (85%)]	Loss: 0.309838
Train Epoch: 109 [57600/60000 (96%)]	Loss: 0.333880
Train Epoch: 109, Loss: 0.320178
Train Epoch: 110 [0/60000 (0%)]	Loss: 0.322254
Train Epoch: 110 [6400/60000 (11%)]	Loss: 0.312845
Train Epoch: 110 [12800/60000 (21%)]	Loss: 0.322029
Train Epoch: 110 [19200/60000 (32%)]	Loss: 0.328836
Train Epoch: 110 [25600/60000 (43%)]	Loss: 0.296201
Train Epoch: 110 [32000/60000 (53%)]	Loss: 0.321666
Train Epoch: 110 [38400/60000 (64%)]	Loss: 0.346360
Train Epoch: 110 [44800/60000 (75%)]	Loss: 0.319887
Train Epoch: 110 [51200/60000 (85%)]	Loss: 0.341672
Train Epoch: 110 [57600/60000 (96%)]	Loss: 0.330797
Train Epoch: 110, Loss: 0.328337
Train Epoch: 111 [0/60000 (0%)]	Loss: 0.318488
Train Epoch: 111 [6400/60000 (11%)]	Loss: 0.358047
Train Epoch: 111 [12800/60000 (21%)]	Loss: 0.343163
Train Epoch: 111 [19200/60000 (32%)]	Loss: 0.342486
Train Epoch: 111 [25600/60000 (43%)]	Loss: 0.354703
Train Epoch: 111 [32000/60000 (53%)]	Loss: 0.320571
Train Epoch: 111 [38400/60000 (64%)]	Loss: 0.346765
Train Epoch: 111 [44800/60000 (75%)]	Loss: 0.347754
Train Epoch: 111 [51200/60000 (85%)]	Loss: 0.326891
Train Epoch: 111 [57600/60000 (96%)]	Loss: 0.348637
Train Epoch: 111, Loss: 0.374362
Train Epoch: 112 [0/60000 (0%)]	Loss: 0.332635
Train Epoch: 112 [6400/60000 (11%)]	Loss: 0.329369
Train Epoch: 112 [12800/60000 (21%)]	Loss: 0.343827
Train Epoch: 112 [19200/60000 (32%)]	Loss: 0.339755
Train Epoch: 112 [25600/60000 (43%)]	Loss: 0.346890
Train Epoch: 112 [32000/60000 (53%)]	Loss: 0.323790
Train Epoch: 112 [38400/60000 (64%)]	Loss: 0.315161
Train Epoch: 112 [44800/60000 (75%)]	Loss: 0.354825
Train Epoch: 112 [51200/60000 (85%)]	Loss: 0.355650
Train Epoch: 112 [57600/60000 (96%)]	Loss: 0.300699
Train Epoch: 112, Loss: 0.352197
Train Epoch: 113 [0/60000 (0%)]	Loss: 0.342288
Train Epoch: 113 [6400/60000 (11%)]	Loss: 0.302964
Train Epoch: 113 [12800/60000 (21%)]	Loss: 0.327746
Train Epoch: 113 [19200/60000 (32%)]	Loss: 0.361811
Train Epoch: 113 [25600/60000 (43%)]	Loss: 0.287054
Train Epoch: 113 [32000/60000 (53%)]	Loss: 0.342379
Train Epoch: 113 [38400/60000 (64%)]	Loss: 0.341581
Train Epoch: 113 [44800/60000 (75%)]	Loss: 0.331671
Train Epoch: 113 [51200/60000 (85%)]	Loss: 0.321323
Train Epoch: 113 [57600/60000 (96%)]	Loss: 0.342310
Train Epoch: 113, Loss: 0.313216
Train Epoch: 114 [0/60000 (0%)]	Loss: 0.331802
Train Epoch: 114 [6400/60000 (11%)]	Loss: 0.313086
Train Epoch: 114 [12800/60000 (21%)]	Loss: 0.337773
Train Epoch: 114 [19200/60000 (32%)]	Loss: 0.314394
Train Epoch: 114 [25600/60000 (43%)]	Loss: 0.338172
Train Epoch: 114 [32000/60000 (53%)]	Loss: 0.352786
Train Epoch: 114 [38400/60000 (64%)]	Loss: 0.339541
Train Epoch: 114 [44800/60000 (75%)]	Loss: 0.327382
Train Epoch: 114 [51200/60000 (85%)]	Loss: 0.323451
Train Epoch: 114 [57600/60000 (96%)]	Loss: 0.332591
Train Epoch: 114, Loss: 0.340188
Train Epoch: 115 [0/60000 (0%)]	Loss: 0.346009
Train Epoch: 115 [6400/60000 (11%)]	Loss: 0.329928
Train Epoch: 115 [12800/60000 (21%)]	Loss: 0.342814
Train Epoch: 115 [19200/60000 (32%)]	Loss: 0.311059
Train Epoch: 115 [25600/60000 (43%)]	Loss: 0.336581
Train Epoch: 115 [32000/60000 (53%)]	Loss: 0.327366
Train Epoch: 115 [38400/60000 (64%)]	Loss: 0.320232
Train Epoch: 115 [44800/60000 (75%)]	Loss: 0.319971
Train Epoch: 115 [51200/60000 (85%)]	Loss: 0.321531
Train Epoch: 115 [57600/60000 (96%)]	Loss: 0.334933
Train Epoch: 115, Loss: 0.338965
Train Epoch: 116 [0/60000 (0%)]	Loss: 0.340592
Train Epoch: 116 [6400/60000 (11%)]	Loss: 0.353399
Train Epoch: 116 [12800/60000 (21%)]	Loss: 0.355951
Train Epoch: 116 [19200/60000 (32%)]	Loss: 0.320676
Train Epoch: 116 [25600/60000 (43%)]	Loss: 0.314285
Train Epoch: 116 [32000/60000 (53%)]	Loss: 0.341787
Train Epoch: 116 [38400/60000 (64%)]	Loss: 0.344183
Train Epoch: 116 [44800/60000 (75%)]	Loss: 0.347067
Train Epoch: 116 [51200/60000 (85%)]	Loss: 0.311193
Train Epoch: 116 [57600/60000 (96%)]	Loss: 0.321559
Train Epoch: 116, Loss: 0.346088
Train Epoch: 117 [0/60000 (0%)]	Loss: 0.351563
Train Epoch: 117 [6400/60000 (11%)]	Loss: 0.335483
Train Epoch: 117 [12800/60000 (21%)]	Loss: 0.343216
Train Epoch: 117 [19200/60000 (32%)]	Loss: 0.326606
Train Epoch: 117 [25600/60000 (43%)]	Loss: 0.309951
Train Epoch: 117 [32000/60000 (53%)]	Loss: 0.323869
Train Epoch: 117 [38400/60000 (64%)]	Loss: 0.332616
Train Epoch: 117 [44800/60000 (75%)]	Loss: 0.311338
Train Epoch: 117 [51200/60000 (85%)]	Loss: 0.307321
Train Epoch: 117 [57600/60000 (96%)]	Loss: 0.346270
Train Epoch: 117, Loss: 0.325852
Train Epoch: 118 [0/60000 (0%)]	Loss: 0.337821
Train Epoch: 118 [6400/60000 (11%)]	Loss: 0.351942
Train Epoch: 118 [12800/60000 (21%)]	Loss: 0.331130
Train Epoch: 118 [19200/60000 (32%)]	Loss: 0.335159
Train Epoch: 118 [25600/60000 (43%)]	Loss: 0.327745
Train Epoch: 118 [32000/60000 (53%)]	Loss: 0.346414
Train Epoch: 118 [38400/60000 (64%)]	Loss: 0.358436
Train Epoch: 118 [44800/60000 (75%)]	Loss: 0.327308
Train Epoch: 118 [51200/60000 (85%)]	Loss: 0.337167
Train Epoch: 118 [57600/60000 (96%)]	Loss: 0.338937
Train Epoch: 118, Loss: 0.332146
Train Epoch: 119 [0/60000 (0%)]	Loss: 0.361142
Train Epoch: 119 [6400/60000 (11%)]	Loss: 0.352122
Train Epoch: 119 [12800/60000 (21%)]	Loss: 0.339849
Train Epoch: 119 [19200/60000 (32%)]	Loss: 0.343816
Train Epoch: 119 [25600/60000 (43%)]	Loss: 0.357001
Train Epoch: 119 [32000/60000 (53%)]	Loss: 0.328541
Train Epoch: 119 [38400/60000 (64%)]	Loss: 0.333972
Train Epoch: 119 [44800/60000 (75%)]	Loss: 0.338745
Train Epoch: 119 [51200/60000 (85%)]	Loss: 0.339981
Train Epoch: 119 [57600/60000 (96%)]	Loss: 0.344628
Train Epoch: 119, Loss: 0.304327
Train Epoch: 120 [0/60000 (0%)]	Loss: 0.327234
Train Epoch: 120 [6400/60000 (11%)]	Loss: 0.336107
Train Epoch: 120 [12800/60000 (21%)]	Loss: 0.327781
Train Epoch: 120 [19200/60000 (32%)]	Loss: 0.351926
Train Epoch: 120 [25600/60000 (43%)]	Loss: 0.330918
Train Epoch: 120 [32000/60000 (53%)]	Loss: 0.332452
Train Epoch: 120 [38400/60000 (64%)]	Loss: 0.318776
Train Epoch: 120 [44800/60000 (75%)]	Loss: 0.334790
Train Epoch: 120 [51200/60000 (85%)]	Loss: 0.329928
Train Epoch: 120 [57600/60000 (96%)]	Loss: 0.344690
Train Epoch: 120, Loss: 0.348307
Train Epoch: 121 [0/60000 (0%)]	Loss: 0.329774
Train Epoch: 121 [6400/60000 (11%)]	Loss: 0.325973
Train Epoch: 121 [12800/60000 (21%)]	Loss: 0.328125
Train Epoch: 121 [19200/60000 (32%)]	Loss: 0.327991
Train Epoch: 121 [25600/60000 (43%)]	Loss: 0.329570
Train Epoch: 121 [32000/60000 (53%)]	Loss: 0.322017
Train Epoch: 121 [38400/60000 (64%)]	Loss: 0.327666
Train Epoch: 121 [44800/60000 (75%)]	Loss: 0.313719
Train Epoch: 121 [51200/60000 (85%)]	Loss: 0.358888
Train Epoch: 121 [57600/60000 (96%)]	Loss: 0.341768
Train Epoch: 121, Loss: 0.320786
Train Epoch: 122 [0/60000 (0%)]	Loss: 0.337827
Train Epoch: 122 [6400/60000 (11%)]	Loss: 0.332868
Train Epoch: 122 [12800/60000 (21%)]	Loss: 0.338065
Train Epoch: 122 [19200/60000 (32%)]	Loss: 0.351935
Train Epoch: 122 [25600/60000 (43%)]	Loss: 0.325757
Train Epoch: 122 [32000/60000 (53%)]	Loss: 0.358687
Train Epoch: 122 [38400/60000 (64%)]	Loss: 0.313542
Train Epoch: 122 [44800/60000 (75%)]	Loss: 0.353830
Train Epoch: 122 [51200/60000 (85%)]	Loss: 0.338648
Train Epoch: 122 [57600/60000 (96%)]	Loss: 0.309923
Train Epoch: 122, Loss: 0.342387
Train Epoch: 123 [0/60000 (0%)]	Loss: 0.327069
Train Epoch: 123 [6400/60000 (11%)]	Loss: 0.368578
Train Epoch: 123 [12800/60000 (21%)]	Loss: 0.331539
Train Epoch: 123 [19200/60000 (32%)]	Loss: 0.337088
Train Epoch: 123 [25600/60000 (43%)]	Loss: 0.335834
Train Epoch: 123 [32000/60000 (53%)]	Loss: 0.344276
Train Epoch: 123 [38400/60000 (64%)]	Loss: 0.337660
Train Epoch: 123 [44800/60000 (75%)]	Loss: 0.297804
Train Epoch: 123 [51200/60000 (85%)]	Loss: 0.332243
Train Epoch: 123 [57600/60000 (96%)]	Loss: 0.320112
Train Epoch: 123, Loss: 0.311425
Train Epoch: 124 [0/60000 (0%)]	Loss: 0.303231
Train Epoch: 124 [6400/60000 (11%)]	Loss: 0.345554
Train Epoch: 124 [12800/60000 (21%)]	Loss: 0.345421
Train Epoch: 124 [19200/60000 (32%)]	Loss: 0.316578
Train Epoch: 124 [25600/60000 (43%)]	Loss: 0.345488
Train Epoch: 124 [32000/60000 (53%)]	Loss: 0.335903
Train Epoch: 124 [38400/60000 (64%)]	Loss: 0.330064
Train Epoch: 124 [44800/60000 (75%)]	Loss: 0.338301
Train Epoch: 124 [51200/60000 (85%)]	Loss: 0.327902
Train Epoch: 124 [57600/60000 (96%)]	Loss: 0.337599
Train Epoch: 124, Loss: 0.337895
Train Epoch: 125 [0/60000 (0%)]	Loss: 0.346059
Train Epoch: 125 [6400/60000 (11%)]	Loss: 0.333926
Train Epoch: 125 [12800/60000 (21%)]	Loss: 0.316832
Train Epoch: 125 [19200/60000 (32%)]	Loss: 0.337478
Train Epoch: 125 [25600/60000 (43%)]	Loss: 0.318643
Train Epoch: 125 [32000/60000 (53%)]	Loss: 0.310203
Train Epoch: 125 [38400/60000 (64%)]	Loss: 0.348485
Train Epoch: 125 [44800/60000 (75%)]	Loss: 0.322735
Train Epoch: 125 [51200/60000 (85%)]	Loss: 0.317189
Train Epoch: 125 [57600/60000 (96%)]	Loss: 0.336890
Train Epoch: 125, Loss: 0.344143
Train Epoch: 126 [0/60000 (0%)]	Loss: 0.316275
Train Epoch: 126 [6400/60000 (11%)]	Loss: 0.331590
Train Epoch: 126 [12800/60000 (21%)]	Loss: 0.340100
Train Epoch: 126 [19200/60000 (32%)]	Loss: 0.337611
Train Epoch: 126 [25600/60000 (43%)]	Loss: 0.325786
Train Epoch: 126 [32000/60000 (53%)]	Loss: 0.308991
Train Epoch: 126 [38400/60000 (64%)]	Loss: 0.323923
Train Epoch: 126 [44800/60000 (75%)]	Loss: 0.320602
Train Epoch: 126 [51200/60000 (85%)]	Loss: 0.330613
Train Epoch: 126 [57600/60000 (96%)]	Loss: 0.316133
Train Epoch: 126, Loss: 0.334883
Train Epoch: 127 [0/60000 (0%)]	Loss: 0.326002
Train Epoch: 127 [6400/60000 (11%)]	Loss: 0.334443
Train Epoch: 127 [12800/60000 (21%)]	Loss: 0.338906
Train Epoch: 127 [19200/60000 (32%)]	Loss: 0.367467
Train Epoch: 127 [25600/60000 (43%)]	Loss: 0.319259
Train Epoch: 127 [32000/60000 (53%)]	Loss: 0.312087
Train Epoch: 127 [38400/60000 (64%)]	Loss: 0.339406
Train Epoch: 127 [44800/60000 (75%)]	Loss: 0.343481
Train Epoch: 127 [51200/60000 (85%)]	Loss: 0.323753
Train Epoch: 127 [57600/60000 (96%)]	Loss: 0.333833
Train Epoch: 127, Loss: 0.312879
Train Epoch: 128 [0/60000 (0%)]	Loss: 0.311354
Train Epoch: 128 [6400/60000 (11%)]	Loss: 0.326073
Train Epoch: 128 [12800/60000 (21%)]	Loss: 0.326085
Train Epoch: 128 [19200/60000 (32%)]	Loss: 0.330025
Train Epoch: 128 [25600/60000 (43%)]	Loss: 0.338594
Train Epoch: 128 [32000/60000 (53%)]	Loss: 0.344590
Train Epoch: 128 [38400/60000 (64%)]	Loss: 0.320651
Train Epoch: 128 [44800/60000 (75%)]	Loss: 0.315144
Train Epoch: 128 [51200/60000 (85%)]	Loss: 0.318941
Train Epoch: 128 [57600/60000 (96%)]	Loss: 0.321358
Train Epoch: 128, Loss: 0.308799
Train Epoch: 129 [0/60000 (0%)]	Loss: 0.314954
Train Epoch: 129 [6400/60000 (11%)]	Loss: 0.310655
Train Epoch: 129 [12800/60000 (21%)]	Loss: 0.335015
Train Epoch: 129 [19200/60000 (32%)]	Loss: 0.330850
Train Epoch: 129 [25600/60000 (43%)]	Loss: 0.331416
Train Epoch: 129 [32000/60000 (53%)]	Loss: 0.323554
Train Epoch: 129 [38400/60000 (64%)]	Loss: 0.339095
Train Epoch: 129 [44800/60000 (75%)]	Loss: 0.344149
Train Epoch: 129 [51200/60000 (85%)]	Loss: 0.316310
Train Epoch: 129 [57600/60000 (96%)]	Loss: 0.340208
Train Epoch: 129, Loss: 0.342982
Train Epoch: 130 [0/60000 (0%)]	Loss: 0.314824
Train Epoch: 130 [6400/60000 (11%)]	Loss: 0.339577
Train Epoch: 130 [12800/60000 (21%)]	Loss: 0.329861
Train Epoch: 130 [19200/60000 (32%)]	Loss: 0.342635
Train Epoch: 130 [25600/60000 (43%)]	Loss: 0.310599
Train Epoch: 130 [32000/60000 (53%)]	Loss: 0.332777
Train Epoch: 130 [38400/60000 (64%)]	Loss: 0.332493
Train Epoch: 130 [44800/60000 (75%)]	Loss: 0.353384
Train Epoch: 130 [51200/60000 (85%)]	Loss: 0.298552
Train Epoch: 130 [57600/60000 (96%)]	Loss: 0.326505
Train Epoch: 130, Loss: 0.354893
Train Epoch: 131 [0/60000 (0%)]	Loss: 0.353894
Train Epoch: 131 [6400/60000 (11%)]	Loss: 0.337832
Train Epoch: 131 [12800/60000 (21%)]	Loss: 0.331941
Train Epoch: 131 [19200/60000 (32%)]	Loss: 0.352043
Train Epoch: 131 [25600/60000 (43%)]	Loss: 0.345836
Train Epoch: 131 [32000/60000 (53%)]	Loss: 0.322382
Train Epoch: 131 [38400/60000 (64%)]	Loss: 0.340175
Train Epoch: 131 [44800/60000 (75%)]	Loss: 0.347291
Train Epoch: 131 [51200/60000 (85%)]	Loss: 0.311276
Train Epoch: 131 [57600/60000 (96%)]	Loss: 0.324425
Train Epoch: 131, Loss: 0.336228
Train Epoch: 132 [0/60000 (0%)]	Loss: 0.354232
Train Epoch: 132 [6400/60000 (11%)]	Loss: 0.331894
Train Epoch: 132 [12800/60000 (21%)]	Loss: 0.345447
Train Epoch: 132 [19200/60000 (32%)]	Loss: 0.320094
Train Epoch: 132 [25600/60000 (43%)]	Loss: 0.328174
Train Epoch: 132 [32000/60000 (53%)]	Loss: 0.326689
Train Epoch: 132 [38400/60000 (64%)]	Loss: 0.340394
Train Epoch: 132 [44800/60000 (75%)]	Loss: 0.307935
Train Epoch: 132 [51200/60000 (85%)]	Loss: 0.333930
Train Epoch: 132 [57600/60000 (96%)]	Loss: 0.336793
Train Epoch: 132, Loss: 0.337409
Train Epoch: 133 [0/60000 (0%)]	Loss: 0.323207
Train Epoch: 133 [6400/60000 (11%)]	Loss: 0.315440
Train Epoch: 133 [12800/60000 (21%)]	Loss: 0.344361
Train Epoch: 133 [19200/60000 (32%)]	Loss: 0.354005
Train Epoch: 133 [25600/60000 (43%)]	Loss: 0.308647
Train Epoch: 133 [32000/60000 (53%)]	Loss: 0.335273
Train Epoch: 133 [38400/60000 (64%)]	Loss: 0.340771
Train Epoch: 133 [44800/60000 (75%)]	Loss: 0.339402
Train Epoch: 133 [51200/60000 (85%)]	Loss: 0.310894
Train Epoch: 133 [57600/60000 (96%)]	Loss: 0.329352
Train Epoch: 133, Loss: 0.298758
Train Epoch: 134 [0/60000 (0%)]	Loss: 0.339077
Train Epoch: 134 [6400/60000 (11%)]	Loss: 0.333107
Train Epoch: 134 [12800/60000 (21%)]	Loss: 0.308843
Train Epoch: 134 [19200/60000 (32%)]	Loss: 0.323322
Train Epoch: 134 [25600/60000 (43%)]	Loss: 0.345996
Train Epoch: 134 [32000/60000 (53%)]	Loss: 0.309071
Train Epoch: 134 [38400/60000 (64%)]	Loss: 0.324557
Train Epoch: 134 [44800/60000 (75%)]	Loss: 0.336813
Train Epoch: 134 [51200/60000 (85%)]	Loss: 0.353022
Train Epoch: 134 [57600/60000 (96%)]	Loss: 0.363310
Train Epoch: 134, Loss: 0.333969
Train Epoch: 135 [0/60000 (0%)]	Loss: 0.335971
Train Epoch: 135 [6400/60000 (11%)]	Loss: 0.348773
Train Epoch: 135 [12800/60000 (21%)]	Loss: 0.369154
Train Epoch: 135 [19200/60000 (32%)]	Loss: 0.338202
Train Epoch: 135 [25600/60000 (43%)]	Loss: 0.302743
Train Epoch: 135 [32000/60000 (53%)]	Loss: 0.330049
Train Epoch: 135 [38400/60000 (64%)]	Loss: 0.336226
Train Epoch: 135 [44800/60000 (75%)]	Loss: 0.334461
Train Epoch: 135 [51200/60000 (85%)]	Loss: 0.326171
Train Epoch: 135 [57600/60000 (96%)]	Loss: 0.321472
Train Epoch: 135, Loss: 0.314563
Train Epoch: 136 [0/60000 (0%)]	Loss: 0.317124
Train Epoch: 136 [6400/60000 (11%)]	Loss: 0.330970
Train Epoch: 136 [12800/60000 (21%)]	Loss: 0.309251
Train Epoch: 136 [19200/60000 (32%)]	Loss: 0.335526
Train Epoch: 136 [25600/60000 (43%)]	Loss: 0.318273
Train Epoch: 136 [32000/60000 (53%)]	Loss: 0.332265
Train Epoch: 136 [38400/60000 (64%)]	Loss: 0.326191
Train Epoch: 136 [44800/60000 (75%)]	Loss: 0.325644
Train Epoch: 136 [51200/60000 (85%)]	Loss: 0.339869
Train Epoch: 136 [57600/60000 (96%)]	Loss: 0.330896
Train Epoch: 136, Loss: 0.332080
Train Epoch: 137 [0/60000 (0%)]	Loss: 0.324969
Train Epoch: 137 [6400/60000 (11%)]	Loss: 0.318417
Train Epoch: 137 [12800/60000 (21%)]	Loss: 0.342094
Train Epoch: 137 [19200/60000 (32%)]	Loss: 0.349536
Train Epoch: 137 [25600/60000 (43%)]	Loss: 0.325042
Train Epoch: 137 [32000/60000 (53%)]	Loss: 0.342757
Train Epoch: 137 [38400/60000 (64%)]	Loss: 0.340142
Train Epoch: 137 [44800/60000 (75%)]	Loss: 0.322800
Train Epoch: 137 [51200/60000 (85%)]	Loss: 0.325400
Train Epoch: 137 [57600/60000 (96%)]	Loss: 0.326573
Train Epoch: 137, Loss: 0.308263
Train Epoch: 138 [0/60000 (0%)]	Loss: 0.327864
Train Epoch: 138 [6400/60000 (11%)]	Loss: 0.344543
Train Epoch: 138 [12800/60000 (21%)]	Loss: 0.351157
Train Epoch: 138 [19200/60000 (32%)]	Loss: 0.334147
Train Epoch: 138 [25600/60000 (43%)]	Loss: 0.351510
Train Epoch: 138 [32000/60000 (53%)]	Loss: 0.321107
Train Epoch: 138 [38400/60000 (64%)]	Loss: 0.344380
Train Epoch: 138 [44800/60000 (75%)]	Loss: 0.334204
Train Epoch: 138 [51200/60000 (85%)]	Loss: 0.316262
Train Epoch: 138 [57600/60000 (96%)]	Loss: 0.300856
Train Epoch: 138, Loss: 0.333001
Train Epoch: 139 [0/60000 (0%)]	Loss: 0.310766
Train Epoch: 139 [6400/60000 (11%)]	Loss: 0.334831
Train Epoch: 139 [12800/60000 (21%)]	Loss: 0.313308
Train Epoch: 139 [19200/60000 (32%)]	Loss: 0.303467
Train Epoch: 139 [25600/60000 (43%)]	Loss: 0.350700
Train Epoch: 139 [32000/60000 (53%)]	Loss: 0.309216
Train Epoch: 139 [38400/60000 (64%)]	Loss: 0.322691
Train Epoch: 139 [44800/60000 (75%)]	Loss: 0.317909
Train Epoch: 139 [51200/60000 (85%)]	Loss: 0.338760
Train Epoch: 139 [57600/60000 (96%)]	Loss: 0.333472
Train Epoch: 139, Loss: 0.330683
Train Epoch: 140 [0/60000 (0%)]	Loss: 0.307857
Train Epoch: 140 [6400/60000 (11%)]	Loss: 0.322228
Train Epoch: 140 [12800/60000 (21%)]	Loss: 0.323447
Train Epoch: 140 [19200/60000 (32%)]	Loss: 0.338680
Train Epoch: 140 [25600/60000 (43%)]	Loss: 0.326444
Train Epoch: 140 [32000/60000 (53%)]	Loss: 0.323456
Train Epoch: 140 [38400/60000 (64%)]	Loss: 0.336440
Train Epoch: 140 [44800/60000 (75%)]	Loss: 0.326901
Train Epoch: 140 [51200/60000 (85%)]	Loss: 0.346977
Train Epoch: 140 [57600/60000 (96%)]	Loss: 0.332417
Train Epoch: 140, Loss: 0.342202
Train Epoch: 141 [0/60000 (0%)]	Loss: 0.337619
Train Epoch: 141 [6400/60000 (11%)]	Loss: 0.334180
Train Epoch: 141 [12800/60000 (21%)]	Loss: 0.325520
Train Epoch: 141 [19200/60000 (32%)]	Loss: 0.347796
Train Epoch: 141 [25600/60000 (43%)]	Loss: 0.340325
Train Epoch: 141 [32000/60000 (53%)]	Loss: 0.331351
Train Epoch: 141 [38400/60000 (64%)]	Loss: 0.326005
Train Epoch: 141 [44800/60000 (75%)]	Loss: 0.325763
Train Epoch: 141 [51200/60000 (85%)]	Loss: 0.332991
Train Epoch: 141 [57600/60000 (96%)]	Loss: 0.326821
Train Epoch: 141, Loss: 0.328450
Train Epoch: 142 [0/60000 (0%)]	Loss: 0.332642
Train Epoch: 142 [6400/60000 (11%)]	Loss: 0.344964
Train Epoch: 142 [12800/60000 (21%)]	Loss: 0.332899
Train Epoch: 142 [19200/60000 (32%)]	Loss: 0.343645
Train Epoch: 142 [25600/60000 (43%)]	Loss: 0.320819
Train Epoch: 142 [32000/60000 (53%)]	Loss: 0.336481
Train Epoch: 142 [38400/60000 (64%)]	Loss: 0.326814
Train Epoch: 142 [44800/60000 (75%)]	Loss: 0.321548
Train Epoch: 142 [51200/60000 (85%)]	Loss: 0.324011
Train Epoch: 142 [57600/60000 (96%)]	Loss: 0.334856
Train Epoch: 142, Loss: 0.342246
Train Epoch: 143 [0/60000 (0%)]	Loss: 0.314863
Train Epoch: 143 [6400/60000 (11%)]	Loss: 0.312096
Train Epoch: 143 [12800/60000 (21%)]	Loss: 0.332916
Train Epoch: 143 [19200/60000 (32%)]	Loss: 0.321816
Train Epoch: 143 [25600/60000 (43%)]	Loss: 0.348128
Train Epoch: 143 [32000/60000 (53%)]	Loss: 0.348579
Train Epoch: 143 [38400/60000 (64%)]	Loss: 0.347143
Train Epoch: 143 [44800/60000 (75%)]	Loss: 0.323793
Train Epoch: 143 [51200/60000 (85%)]	Loss: 0.319614
Train Epoch: 143 [57600/60000 (96%)]	Loss: 0.321337
Train Epoch: 143, Loss: 0.326401
Train Epoch: 144 [0/60000 (0%)]	Loss: 0.310568
Train Epoch: 144 [6400/60000 (11%)]	Loss: 0.321493
Train Epoch: 144 [12800/60000 (21%)]	Loss: 0.273444
Train Epoch: 144 [19200/60000 (32%)]	Loss: 0.316443
Train Epoch: 144 [25600/60000 (43%)]	Loss: 0.329239
Train Epoch: 144 [32000/60000 (53%)]	Loss: 0.361713
Train Epoch: 144 [38400/60000 (64%)]	Loss: 0.336428
Train Epoch: 144 [44800/60000 (75%)]	Loss: 0.307115
Train Epoch: 144 [51200/60000 (85%)]	Loss: 0.341631
Train Epoch: 144 [57600/60000 (96%)]	Loss: 0.313038
Train Epoch: 144, Loss: 0.319981
Train Epoch: 145 [0/60000 (0%)]	Loss: 0.322040
Train Epoch: 145 [6400/60000 (11%)]	Loss: 0.336748
Train Epoch: 145 [12800/60000 (21%)]	Loss: 0.354061
Train Epoch: 145 [19200/60000 (32%)]	Loss: 0.315401
Train Epoch: 145 [25600/60000 (43%)]	Loss: 0.345258
Train Epoch: 145 [32000/60000 (53%)]	Loss: 0.334843
Train Epoch: 145 [38400/60000 (64%)]	Loss: 0.334231
Train Epoch: 145 [44800/60000 (75%)]	Loss: 0.329452
Train Epoch: 145 [51200/60000 (85%)]	Loss: 0.312784
Train Epoch: 145 [57600/60000 (96%)]	Loss: 0.323271
Train Epoch: 145, Loss: 0.339800
Train Epoch: 146 [0/60000 (0%)]	Loss: 0.329985
Train Epoch: 146 [6400/60000 (11%)]	Loss: 0.312081
Train Epoch: 146 [12800/60000 (21%)]	Loss: 0.308372
Train Epoch: 146 [19200/60000 (32%)]	Loss: 0.329253
Train Epoch: 146 [25600/60000 (43%)]	Loss: 0.342866
Train Epoch: 146 [32000/60000 (53%)]	Loss: 0.336659
Train Epoch: 146 [38400/60000 (64%)]	Loss: 0.323334
Train Epoch: 146 [44800/60000 (75%)]	Loss: 0.318748
Train Epoch: 146 [51200/60000 (85%)]	Loss: 0.328375
Train Epoch: 146 [57600/60000 (96%)]	Loss: 0.332311
Train Epoch: 146, Loss: 0.337618
Train Epoch: 147 [0/60000 (0%)]	Loss: 0.347141
Train Epoch: 147 [6400/60000 (11%)]	Loss: 0.305525
Train Epoch: 147 [12800/60000 (21%)]	Loss: 0.340091
Train Epoch: 147 [19200/60000 (32%)]	Loss: 0.336991
Train Epoch: 147 [25600/60000 (43%)]	Loss: 0.310941
Train Epoch: 147 [32000/60000 (53%)]	Loss: 0.314879
Train Epoch: 147 [38400/60000 (64%)]	Loss: 0.309457
Train Epoch: 147 [44800/60000 (75%)]	Loss: 0.327691
Train Epoch: 147 [51200/60000 (85%)]	Loss: 0.331933
Train Epoch: 147 [57600/60000 (96%)]	Loss: 0.320300
Train Epoch: 147, Loss: 0.332975
Train Epoch: 148 [0/60000 (0%)]	Loss: 0.325437
Train Epoch: 148 [6400/60000 (11%)]	Loss: 0.328602
Train Epoch: 148 [12800/60000 (21%)]	Loss: 0.312114
Train Epoch: 148 [19200/60000 (32%)]	Loss: 0.320540
Train Epoch: 148 [25600/60000 (43%)]	Loss: 0.340269
Train Epoch: 148 [32000/60000 (53%)]	Loss: 0.292491
Train Epoch: 148 [38400/60000 (64%)]	Loss: 0.322764
Train Epoch: 148 [44800/60000 (75%)]	Loss: 0.324625
Train Epoch: 148 [51200/60000 (85%)]	Loss: 0.326119
Train Epoch: 148 [57600/60000 (96%)]	Loss: 0.336834
Train Epoch: 148, Loss: 0.297289
Train Epoch: 149 [0/60000 (0%)]	Loss: 0.324319
Train Epoch: 149 [6400/60000 (11%)]	Loss: 0.305569
Train Epoch: 149 [12800/60000 (21%)]	Loss: 0.327807
Train Epoch: 149 [19200/60000 (32%)]	Loss: 0.303240
Train Epoch: 149 [25600/60000 (43%)]	Loss: 0.318516
Train Epoch: 149 [32000/60000 (53%)]	Loss: 0.331272
Train Epoch: 149 [38400/60000 (64%)]	Loss: 0.324492
Train Epoch: 149 [44800/60000 (75%)]	Loss: 0.314755
Train Epoch: 149 [51200/60000 (85%)]	Loss: 0.339889
Train Epoch: 149 [57600/60000 (96%)]	Loss: 0.324437
Train Epoch: 149, Loss: 0.347521
Autoencoder(
  (net): Sequential(
    (0): Linear(in_features=784, out_features=500, bias=True)
    (1): ReLU()
    (2): Linear(in_features=500, out_features=200, bias=True)
    (3): ReLU()
    (4): Linear(in_features=200, out_features=2, bias=True)
    (5): Linear(in_features=2, out_features=200, bias=True)
    (6): ReLU()
    (7): Linear(in_features=200, out_features=500, bias=True)
    (8): ReLU()
    (9): Linear(in_features=500, out_features=784, bias=True)
  )
)
ENCODER:
Sequential(
  (0): Linear(in_features=784, out_features=500, bias=True)
  (1): ReLU()
  (2): Linear(in_features=500, out_features=200, bias=True)
  (3): ReLU()
  (4): Linear(in_features=200, out_features=2, bias=True)
)
Running encoder on 10000 elements
Number of batches: 79
              0         1  labels
0      0.131798 -5.743011       7
1      4.282710 -0.196961       2
2     -3.397210 -1.566713       1
3      1.690322  3.510987       0
4      0.241044 -0.037406       4
...         ...       ...     ...
9995  10.234881 -0.324668       2
9996   5.725450 -3.482878       3
9997   0.233700 -2.787924       4
9998  -2.115694 -2.738080       5
9999   1.293659  1.450164       6

[10000 rows x 3 columns]
Picked coordinates (15.819934789551809, -14.597353715868486)
DECODER:
Sequential(
  (5): Linear(in_features=2, out_features=200, bias=True)
  (6): ReLU()
  (7): Linear(in_features=200, out_features=500, bias=True)
  (8): ReLU()
  (9): Linear(in_features=500, out_features=784, bias=True)
)
Picked coordinates (-0.816812419625478, -15.62974433359739)
DECODER:
Sequential(
  (5): Linear(in_features=2, out_features=200, bias=True)
  (6): ReLU()
  (7): Linear(in_features=200, out_features=500, bias=True)
  (8): ReLU()
  (9): Linear(in_features=500, out_features=784, bias=True)
)
Picked coordinates (13.07190065232163, 14.080163443267761)
DECODER:
Sequential(
  (5): Linear(in_features=2, out_features=200, bias=True)
  (6): ReLU()
  (7): Linear(in_features=200, out_features=500, bias=True)
  (8): ReLU()
  (9): Linear(in_features=500, out_features=784, bias=True)
)
Picked coordinates (14.92868047477446, -2.3233763717581724)
DECODER:
Sequential(
  (5): Linear(in_features=2, out_features=200, bias=True)
  (6): ReLU()
  (7): Linear(in_features=200, out_features=500, bias=True)
  (8): ReLU()
  (9): Linear(in_features=500, out_features=784, bias=True)
)
Picked coordinates (13.814612581302761, -5.764678430854524)
DECODER:
Sequential(
  (5): Linear(in_features=2, out_features=200, bias=True)
  (6): ReLU()
  (7): Linear(in_features=200, out_features=500, bias=True)
  (8): ReLU()
  (9): Linear(in_features=500, out_features=784, bias=True)
)
Picked coordinates (-10.991965846666947, -17.579815500418654)
DECODER:
Sequential(
  (5): Linear(in_features=2, out_features=200, bias=True)
  (6): ReLU()
  (7): Linear(in_features=200, out_features=500, bias=True)
  (8): ReLU()
  (9): Linear(in_features=500, out_features=784, bias=True)
)
Picked coordinates (21.761630221400843, 21.651027973279728)
DECODER:
Sequential(
  (5): Linear(in_features=2, out_features=200, bias=True)
  (6): ReLU()
  (7): Linear(in_features=200, out_features=500, bias=True)
  (8): ReLU()
  (9): Linear(in_features=500, out_features=784, bias=True)
)
Picked coordinates (-13.591457598100899, 21.880448110552816)
DECODER:
Sequential(
  (5): Linear(in_features=2, out_features=200, bias=True)
  (6): ReLU()
  (7): Linear(in_features=200, out_features=500, bias=True)
  (8): ReLU()
  (9): Linear(in_features=500, out_features=784, bias=True)
)
Picked coordinates (2.7482048394839396, 20.50392728691428)
DECODER:
Sequential(
  (5): Linear(in_features=2, out_features=200, bias=True)
  (6): ReLU()
  (7): Linear(in_features=200, out_features=500, bias=True)
  (8): ReLU()
  (9): Linear(in_features=500, out_features=784, bias=True)
)
Picked coordinates (16.11701956114426, -14.25322350995885)
DECODER:
Sequential(
  (5): Linear(in_features=2, out_features=200, bias=True)
  (6): ReLU()
  (7): Linear(in_features=200, out_features=500, bias=True)
  (8): ReLU()
  (9): Linear(in_features=500, out_features=784, bias=True)
)
Picked coordinates (9.506883393212213, -7.3706193917661516)
DECODER:
Sequential(
  (5): Linear(in_features=2, out_features=200, bias=True)
  (6): ReLU()
  (7): Linear(in_features=200, out_features=500, bias=True)
  (8): ReLU()
  (9): Linear(in_features=500, out_features=784, bias=True)
)
Picked coordinates (10.695222479582021, -0.02917499902727272)
DECODER:
Sequential(
  (5): Linear(in_features=2, out_features=200, bias=True)
  (6): ReLU()
  (7): Linear(in_features=200, out_features=500, bias=True)
  (8): ReLU()
  (9): Linear(in_features=500, out_features=784, bias=True)
)
