Sequential(
  (0): Linear(in_features=784, out_features=1000, bias=True)
  (1): ReLU()
  (2): Linear(in_features=1000, out_features=500, bias=True)
  (3): ReLU()
  (4): Linear(in_features=500, out_features=250, bias=True)
  (5): ReLU()
  (6): Linear(in_features=250, out_features=2, bias=True)
  (7): Linear(in_features=2, out_features=250, bias=True)
  (8): ReLU()
  (9): Linear(in_features=250, out_features=500, bias=True)
  (10): ReLU()
  (11): Linear(in_features=500, out_features=1000, bias=True)
  (12): ReLU()
  (13): Linear(in_features=1000, out_features=784, bias=True)
)
Train Epoch: 0 [0/60000 (0%)]	Loss: 1.020361
Train Epoch: 0 [12800/60000 (21%)]	Loss: 0.621445
Train Epoch: 0 [25600/60000 (43%)]	Loss: 0.552318
Train Epoch: 0 [38400/60000 (64%)]	Loss: 0.536556
Train Epoch: 0 [51200/60000 (85%)]	Loss: 0.526043
Train Epoch: 0, Loss: 0.540457
Train Epoch: 1 [0/60000 (0%)]	Loss: 0.502168
Train Epoch: 1 [12800/60000 (21%)]	Loss: 0.485845
Train Epoch: 1 [25600/60000 (43%)]	Loss: 0.463574
Train Epoch: 1 [38400/60000 (64%)]	Loss: 0.474977
Train Epoch: 1 [51200/60000 (85%)]	Loss: 0.447531
Train Epoch: 1, Loss: 0.416720
Train Epoch: 2 [0/60000 (0%)]	Loss: 0.445850
Train Epoch: 2 [12800/60000 (21%)]	Loss: 0.423699
Train Epoch: 2 [25600/60000 (43%)]	Loss: 0.448010
Train Epoch: 2 [38400/60000 (64%)]	Loss: 0.451559
Train Epoch: 2 [51200/60000 (85%)]	Loss: 0.416184
Train Epoch: 2, Loss: 0.416805
Train Epoch: 3 [0/60000 (0%)]	Loss: 0.422009
Train Epoch: 3 [12800/60000 (21%)]	Loss: 0.436987
Train Epoch: 3 [25600/60000 (43%)]	Loss: 0.412972
Train Epoch: 3 [38400/60000 (64%)]	Loss: 0.426943
Train Epoch: 3 [51200/60000 (85%)]	Loss: 0.420594
Train Epoch: 3, Loss: 0.429813
Train Epoch: 4 [0/60000 (0%)]	Loss: 0.398386
Train Epoch: 4 [12800/60000 (21%)]	Loss: 0.402137
Train Epoch: 4 [25600/60000 (43%)]	Loss: 0.390908
Train Epoch: 4 [38400/60000 (64%)]	Loss: 0.407501
Train Epoch: 4 [51200/60000 (85%)]	Loss: 0.401624
Train Epoch: 4, Loss: 0.419606
Train Epoch: 5 [0/60000 (0%)]	Loss: 0.419535
Train Epoch: 5 [12800/60000 (21%)]	Loss: 0.386341
Train Epoch: 5 [25600/60000 (43%)]	Loss: 0.392312
Train Epoch: 5 [38400/60000 (64%)]	Loss: 0.416720
Train Epoch: 5 [51200/60000 (85%)]	Loss: 0.418241
Train Epoch: 5, Loss: 0.397960
Train Epoch: 6 [0/60000 (0%)]	Loss: 0.406334
Train Epoch: 6 [12800/60000 (21%)]	Loss: 0.393450
Train Epoch: 6 [25600/60000 (43%)]	Loss: 0.408986
Train Epoch: 6 [38400/60000 (64%)]	Loss: 0.383819
Train Epoch: 6 [51200/60000 (85%)]	Loss: 0.393967
Train Epoch: 6, Loss: 0.367956
Train Epoch: 7 [0/60000 (0%)]	Loss: 0.385684
Train Epoch: 7 [12800/60000 (21%)]	Loss: 0.410716
Train Epoch: 7 [25600/60000 (43%)]	Loss: 0.394430
Train Epoch: 7 [38400/60000 (64%)]	Loss: 0.378145
Train Epoch: 7 [51200/60000 (85%)]	Loss: 0.400980
Train Epoch: 7, Loss: 0.401236
Train Epoch: 8 [0/60000 (0%)]	Loss: 0.381604
Train Epoch: 8 [12800/60000 (21%)]	Loss: 0.400239
Train Epoch: 8 [25600/60000 (43%)]	Loss: 0.395285
Train Epoch: 8 [38400/60000 (64%)]	Loss: 0.387019
Train Epoch: 8 [51200/60000 (85%)]	Loss: 0.376688
Train Epoch: 8, Loss: 0.396766
Train Epoch: 9 [0/60000 (0%)]	Loss: 0.375414
Train Epoch: 9 [12800/60000 (21%)]	Loss: 0.384273
Train Epoch: 9 [25600/60000 (43%)]	Loss: 0.393659
Train Epoch: 9 [38400/60000 (64%)]	Loss: 0.400552
Train Epoch: 9 [51200/60000 (85%)]	Loss: 0.371590
Train Epoch: 9, Loss: 0.383020
Train Epoch: 10 [0/60000 (0%)]	Loss: 0.374280
Train Epoch: 10 [12800/60000 (21%)]	Loss: 0.374976
Train Epoch: 10 [25600/60000 (43%)]	Loss: 0.369326
Train Epoch: 10 [38400/60000 (64%)]	Loss: 0.384412
Train Epoch: 10 [51200/60000 (85%)]	Loss: 0.374600
Train Epoch: 10, Loss: 0.376603
Train Epoch: 11 [0/60000 (0%)]	Loss: 0.383966
Train Epoch: 11 [12800/60000 (21%)]	Loss: 0.363378
Train Epoch: 11 [25600/60000 (43%)]	Loss: 0.372306
Train Epoch: 11 [38400/60000 (64%)]	Loss: 0.364559
Train Epoch: 11 [51200/60000 (85%)]	Loss: 0.389230
Train Epoch: 11, Loss: 0.358366
Train Epoch: 12 [0/60000 (0%)]	Loss: 0.374243
Train Epoch: 12 [12800/60000 (21%)]	Loss: 0.379001
Train Epoch: 12 [25600/60000 (43%)]	Loss: 0.387426
Train Epoch: 12 [38400/60000 (64%)]	Loss: 0.381249
Train Epoch: 12 [51200/60000 (85%)]	Loss: 0.366670
Train Epoch: 12, Loss: 0.400002
Train Epoch: 13 [0/60000 (0%)]	Loss: 0.364483
Train Epoch: 13 [12800/60000 (21%)]	Loss: 0.374778
Train Epoch: 13 [25600/60000 (43%)]	Loss: 0.376947
Train Epoch: 13 [38400/60000 (64%)]	Loss: 0.370386
Train Epoch: 13 [51200/60000 (85%)]	Loss: 0.386811
Train Epoch: 13, Loss: 0.394800
Train Epoch: 14 [0/60000 (0%)]	Loss: 0.389363
Train Epoch: 14 [12800/60000 (21%)]	Loss: 0.374241
Train Epoch: 14 [25600/60000 (43%)]	Loss: 0.349663
Train Epoch: 14 [38400/60000 (64%)]	Loss: 0.368920
Train Epoch: 14 [51200/60000 (85%)]	Loss: 0.386926
Train Epoch: 14, Loss: 0.384973
Train Epoch: 15 [0/60000 (0%)]	Loss: 0.364365
Train Epoch: 15 [12800/60000 (21%)]	Loss: 0.348654
Train Epoch: 15 [25600/60000 (43%)]	Loss: 0.360642
Train Epoch: 15 [38400/60000 (64%)]	Loss: 0.356328
Train Epoch: 15 [51200/60000 (85%)]	Loss: 0.369292
Train Epoch: 15, Loss: 0.359294
Train Epoch: 16 [0/60000 (0%)]	Loss: 0.372236
Train Epoch: 16 [12800/60000 (21%)]	Loss: 0.393280
Train Epoch: 16 [25600/60000 (43%)]	Loss: 0.381556
Train Epoch: 16 [38400/60000 (64%)]	Loss: 0.351635
Train Epoch: 16 [51200/60000 (85%)]	Loss: 0.387214
Train Epoch: 16, Loss: 0.367219
Train Epoch: 17 [0/60000 (0%)]	Loss: 0.373879
Train Epoch: 17 [12800/60000 (21%)]	Loss: 0.375671
Train Epoch: 17 [25600/60000 (43%)]	Loss: 0.381329
Train Epoch: 17 [38400/60000 (64%)]	Loss: 0.362486
Train Epoch: 17 [51200/60000 (85%)]	Loss: 0.385555
Train Epoch: 17, Loss: 0.364973
Train Epoch: 18 [0/60000 (0%)]	Loss: 0.370941
Train Epoch: 18 [12800/60000 (21%)]	Loss: 0.366423
Train Epoch: 18 [25600/60000 (43%)]	Loss: 0.356238
Train Epoch: 18 [38400/60000 (64%)]	Loss: 0.361341
Train Epoch: 18 [51200/60000 (85%)]	Loss: 0.384893
Train Epoch: 18, Loss: 0.317660
Train Epoch: 19 [0/60000 (0%)]	Loss: 0.367606
Train Epoch: 19 [12800/60000 (21%)]	Loss: 0.340055
Train Epoch: 19 [25600/60000 (43%)]	Loss: 0.333658
Train Epoch: 19 [38400/60000 (64%)]	Loss: 0.361200
Train Epoch: 19 [51200/60000 (85%)]	Loss: 0.366526
Train Epoch: 19, Loss: 0.392602
Train Epoch: 20 [0/60000 (0%)]	Loss: 0.349230
Train Epoch: 20 [12800/60000 (21%)]	Loss: 0.354926
Train Epoch: 20 [25600/60000 (43%)]	Loss: 0.367864
Train Epoch: 20 [38400/60000 (64%)]	Loss: 0.382228
Train Epoch: 20 [51200/60000 (85%)]	Loss: 0.366681
Train Epoch: 20, Loss: 0.326235
Train Epoch: 21 [0/60000 (0%)]	Loss: 0.358717
Train Epoch: 21 [12800/60000 (21%)]	Loss: 0.380636
Train Epoch: 21 [25600/60000 (43%)]	Loss: 0.355276
Train Epoch: 21 [38400/60000 (64%)]	Loss: 0.337147
Train Epoch: 21 [51200/60000 (85%)]	Loss: 0.377050
Train Epoch: 21, Loss: 0.392988
Train Epoch: 22 [0/60000 (0%)]	Loss: 0.367151
Train Epoch: 22 [12800/60000 (21%)]	Loss: 0.373220
Train Epoch: 22 [25600/60000 (43%)]	Loss: 0.347503
Train Epoch: 22 [38400/60000 (64%)]	Loss: 0.370341
Train Epoch: 22 [51200/60000 (85%)]	Loss: 0.353593
Train Epoch: 22, Loss: 0.346505
Train Epoch: 23 [0/60000 (0%)]	Loss: 0.374771
Train Epoch: 23 [12800/60000 (21%)]	Loss: 0.342601
Train Epoch: 23 [25600/60000 (43%)]	Loss: 0.366481
Train Epoch: 23 [38400/60000 (64%)]	Loss: 0.350004
Train Epoch: 23 [51200/60000 (85%)]	Loss: 0.345983
Train Epoch: 23, Loss: 0.371465
Train Epoch: 24 [0/60000 (0%)]	Loss: 0.357166
Train Epoch: 24 [12800/60000 (21%)]	Loss: 0.355589
Train Epoch: 24 [25600/60000 (43%)]	Loss: 0.363641
Train Epoch: 24 [38400/60000 (64%)]	Loss: 0.362480
Train Epoch: 24 [51200/60000 (85%)]	Loss: 0.366166
Train Epoch: 24, Loss: 0.363041
Train Epoch: 25 [0/60000 (0%)]	Loss: 0.339049
Train Epoch: 25 [12800/60000 (21%)]	Loss: 0.353987
Train Epoch: 25 [25600/60000 (43%)]	Loss: 0.368151
Train Epoch: 25 [38400/60000 (64%)]	Loss: 0.349631
Train Epoch: 25 [51200/60000 (85%)]	Loss: 0.376517
Train Epoch: 25, Loss: 0.353351
Train Epoch: 26 [0/60000 (0%)]	Loss: 0.361856
Train Epoch: 26 [12800/60000 (21%)]	Loss: 0.360151
Train Epoch: 26 [25600/60000 (43%)]	Loss: 0.367377
Train Epoch: 26 [38400/60000 (64%)]	Loss: 0.346236
Train Epoch: 26 [51200/60000 (85%)]	Loss: 0.351746
Train Epoch: 26, Loss: 0.348039
Train Epoch: 27 [0/60000 (0%)]	Loss: 0.349729
Train Epoch: 27 [12800/60000 (21%)]	Loss: 0.367066
Train Epoch: 27 [25600/60000 (43%)]	Loss: 0.377442
Train Epoch: 27 [38400/60000 (64%)]	Loss: 0.368830
Train Epoch: 27 [51200/60000 (85%)]	Loss: 0.386376
Train Epoch: 27, Loss: 0.340497
Train Epoch: 28 [0/60000 (0%)]	Loss: 0.354194
Train Epoch: 28 [12800/60000 (21%)]	Loss: 0.366203
Train Epoch: 28 [25600/60000 (43%)]	Loss: 0.342085
Train Epoch: 28 [38400/60000 (64%)]	Loss: 0.358285
Train Epoch: 28 [51200/60000 (85%)]	Loss: 0.353335
Train Epoch: 28, Loss: 0.379817
Train Epoch: 29 [0/60000 (0%)]	Loss: 0.388958
Train Epoch: 29 [12800/60000 (21%)]	Loss: 0.338858
Train Epoch: 29 [25600/60000 (43%)]	Loss: 0.353948
Train Epoch: 29 [38400/60000 (64%)]	Loss: 0.350138
Train Epoch: 29 [51200/60000 (85%)]	Loss: 0.349655
Train Epoch: 29, Loss: 0.349077
Train Epoch: 30 [0/60000 (0%)]	Loss: 0.358799
Train Epoch: 30 [12800/60000 (21%)]	Loss: 0.336903
Train Epoch: 30 [25600/60000 (43%)]	Loss: 0.346800
Train Epoch: 30 [38400/60000 (64%)]	Loss: 0.352545
Train Epoch: 30 [51200/60000 (85%)]	Loss: 0.342732
Train Epoch: 30, Loss: 0.357853
Train Epoch: 31 [0/60000 (0%)]	Loss: 0.364341
Train Epoch: 31 [12800/60000 (21%)]	Loss: 0.355863
Train Epoch: 31 [25600/60000 (43%)]	Loss: 0.348908
Train Epoch: 31 [38400/60000 (64%)]	Loss: 0.370808
Train Epoch: 31 [51200/60000 (85%)]	Loss: 0.336565
Train Epoch: 31, Loss: 0.336775
Train Epoch: 32 [0/60000 (0%)]	Loss: 0.367144
Train Epoch: 32 [12800/60000 (21%)]	Loss: 0.335679
Train Epoch: 32 [25600/60000 (43%)]	Loss: 0.354100
Train Epoch: 32 [38400/60000 (64%)]	Loss: 0.348858
Train Epoch: 32 [51200/60000 (85%)]	Loss: 0.357610
Train Epoch: 32, Loss: 0.342648
Train Epoch: 33 [0/60000 (0%)]	Loss: 0.353467
Train Epoch: 33 [12800/60000 (21%)]	Loss: 0.351770
Train Epoch: 33 [25600/60000 (43%)]	Loss: 0.359351
Train Epoch: 33 [38400/60000 (64%)]	Loss: 0.326109
Train Epoch: 33 [51200/60000 (85%)]	Loss: 0.354627
Train Epoch: 33, Loss: 0.359728
Train Epoch: 34 [0/60000 (0%)]	Loss: 0.352735
Train Epoch: 34 [12800/60000 (21%)]	Loss: 0.351636
Train Epoch: 34 [25600/60000 (43%)]	Loss: 0.352324
Train Epoch: 34 [38400/60000 (64%)]	Loss: 0.382216
Train Epoch: 34 [51200/60000 (85%)]	Loss: 0.347016
Train Epoch: 34, Loss: 0.383398
Train Epoch: 35 [0/60000 (0%)]	Loss: 0.342351
Train Epoch: 35 [12800/60000 (21%)]	Loss: 0.367551
Train Epoch: 35 [25600/60000 (43%)]	Loss: 0.356235
Train Epoch: 35 [38400/60000 (64%)]	Loss: 0.338895
Train Epoch: 35 [51200/60000 (85%)]	Loss: 0.344631
Train Epoch: 35, Loss: 0.367549
Train Epoch: 36 [0/60000 (0%)]	Loss: 0.376797
Train Epoch: 36 [12800/60000 (21%)]	Loss: 0.364035
Train Epoch: 36 [25600/60000 (43%)]	Loss: 0.367049
Train Epoch: 36 [38400/60000 (64%)]	Loss: 0.364208
Train Epoch: 36 [51200/60000 (85%)]	Loss: 0.350539
Train Epoch: 36, Loss: 0.355833
Train Epoch: 37 [0/60000 (0%)]	Loss: 0.367672
Train Epoch: 37 [12800/60000 (21%)]	Loss: 0.349445
Train Epoch: 37 [25600/60000 (43%)]	Loss: 0.346565
Train Epoch: 37 [38400/60000 (64%)]	Loss: 0.373352
Train Epoch: 37 [51200/60000 (85%)]	Loss: 0.348282
Train Epoch: 37, Loss: 0.353765
Train Epoch: 38 [0/60000 (0%)]	Loss: 0.340172
Train Epoch: 38 [12800/60000 (21%)]	Loss: 0.366372
Train Epoch: 38 [25600/60000 (43%)]	Loss: 0.349295
Train Epoch: 38 [38400/60000 (64%)]	Loss: 0.349199
Train Epoch: 38 [51200/60000 (85%)]	Loss: 0.353357
Train Epoch: 38, Loss: 0.368887
Train Epoch: 39 [0/60000 (0%)]	Loss: 0.315770
Train Epoch: 39 [12800/60000 (21%)]	Loss: 0.345858
Train Epoch: 39 [25600/60000 (43%)]	Loss: 0.360004
Train Epoch: 39 [38400/60000 (64%)]	Loss: 0.369353
Train Epoch: 39 [51200/60000 (85%)]	Loss: 0.356691
Train Epoch: 39, Loss: 0.308178
Train Epoch: 40 [0/60000 (0%)]	Loss: 0.337158
Train Epoch: 40 [12800/60000 (21%)]	Loss: 0.355056
Train Epoch: 40 [25600/60000 (43%)]	Loss: 0.344631
Train Epoch: 40 [38400/60000 (64%)]	Loss: 0.365586
Train Epoch: 40 [51200/60000 (85%)]	Loss: 0.333942
Train Epoch: 40, Loss: 0.344868
Train Epoch: 41 [0/60000 (0%)]	Loss: 0.350317
Train Epoch: 41 [12800/60000 (21%)]	Loss: 0.333223
Train Epoch: 41 [25600/60000 (43%)]	Loss: 0.337486
Train Epoch: 41 [38400/60000 (64%)]	Loss: 0.363845
Train Epoch: 41 [51200/60000 (85%)]	Loss: 0.341744
Train Epoch: 41, Loss: 0.330321
Train Epoch: 42 [0/60000 (0%)]	Loss: 0.327863
Train Epoch: 42 [12800/60000 (21%)]	Loss: 0.356641
Train Epoch: 42 [25600/60000 (43%)]	Loss: 0.348563
Train Epoch: 42 [38400/60000 (64%)]	Loss: 0.339410
Train Epoch: 42 [51200/60000 (85%)]	Loss: 0.359183
Train Epoch: 42, Loss: 0.343185
Train Epoch: 43 [0/60000 (0%)]	Loss: 0.329521
Train Epoch: 43 [12800/60000 (21%)]	Loss: 0.352948
Train Epoch: 43 [25600/60000 (43%)]	Loss: 0.367706
Train Epoch: 43 [38400/60000 (64%)]	Loss: 0.329498
Train Epoch: 43 [51200/60000 (85%)]	Loss: 0.325947
Train Epoch: 43, Loss: 0.350171
Train Epoch: 44 [0/60000 (0%)]	Loss: 0.334307
Train Epoch: 44 [12800/60000 (21%)]	Loss: 0.348516
Train Epoch: 44 [25600/60000 (43%)]	Loss: 0.345612
Train Epoch: 44 [38400/60000 (64%)]	Loss: 0.338403
Train Epoch: 44 [51200/60000 (85%)]	Loss: 0.331070
Train Epoch: 44, Loss: 0.344837
Train Epoch: 45 [0/60000 (0%)]	Loss: 0.347044
Train Epoch: 45 [12800/60000 (21%)]	Loss: 0.322134
Train Epoch: 45 [25600/60000 (43%)]	Loss: 0.337262
Train Epoch: 45 [38400/60000 (64%)]	Loss: 0.338284
Train Epoch: 45 [51200/60000 (85%)]	Loss: 0.335324
Train Epoch: 45, Loss: 0.353428
Train Epoch: 46 [0/60000 (0%)]	Loss: 0.347270
Train Epoch: 46 [12800/60000 (21%)]	Loss: 0.337876
Train Epoch: 46 [25600/60000 (43%)]	Loss: 0.344309
Train Epoch: 46 [38400/60000 (64%)]	Loss: 0.342258
Train Epoch: 46 [51200/60000 (85%)]	Loss: 0.345677
Train Epoch: 46, Loss: 0.353348
Train Epoch: 47 [0/60000 (0%)]	Loss: 0.323604
Train Epoch: 47 [12800/60000 (21%)]	Loss: 0.334971
Train Epoch: 47 [25600/60000 (43%)]	Loss: 0.334265
Train Epoch: 47 [38400/60000 (64%)]	Loss: 0.349515
Train Epoch: 47 [51200/60000 (85%)]	Loss: 0.351581
Train Epoch: 47, Loss: 0.353005
Train Epoch: 48 [0/60000 (0%)]	Loss: 0.357685
Train Epoch: 48 [12800/60000 (21%)]	Loss: 0.347035
Train Epoch: 48 [25600/60000 (43%)]	Loss: 0.314062
Train Epoch: 48 [38400/60000 (64%)]	Loss: 0.335599
Train Epoch: 48 [51200/60000 (85%)]	Loss: 0.351293
Train Epoch: 48, Loss: 0.314314
Train Epoch: 49 [0/60000 (0%)]	Loss: 0.344503
Train Epoch: 49 [12800/60000 (21%)]	Loss: 0.333636
Train Epoch: 49 [25600/60000 (43%)]	Loss: 0.339634
Train Epoch: 49 [38400/60000 (64%)]	Loss: 0.362475
Train Epoch: 49 [51200/60000 (85%)]	Loss: 0.336203
Train Epoch: 49, Loss: 0.336976
Train Epoch: 50 [0/60000 (0%)]	Loss: 0.338827
Train Epoch: 50 [12800/60000 (21%)]	Loss: 0.339344
Train Epoch: 50 [25600/60000 (43%)]	Loss: 0.339366
Train Epoch: 50 [38400/60000 (64%)]	Loss: 0.333326
Train Epoch: 50 [51200/60000 (85%)]	Loss: 0.355443
Train Epoch: 50, Loss: 0.358261
Train Epoch: 51 [0/60000 (0%)]	Loss: 0.331042
Train Epoch: 51 [12800/60000 (21%)]	Loss: 0.340928
Train Epoch: 51 [25600/60000 (43%)]	Loss: 0.347874
Train Epoch: 51 [38400/60000 (64%)]	Loss: 0.348338
Train Epoch: 51 [51200/60000 (85%)]	Loss: 0.348569
Train Epoch: 51, Loss: 0.342059
Train Epoch: 52 [0/60000 (0%)]	Loss: 0.327213
Train Epoch: 52 [12800/60000 (21%)]	Loss: 0.332918
Train Epoch: 52 [25600/60000 (43%)]	Loss: 0.329930
Train Epoch: 52 [38400/60000 (64%)]	Loss: 0.327543
Train Epoch: 52 [51200/60000 (85%)]	Loss: 0.339378
Train Epoch: 52, Loss: 0.366789
Train Epoch: 53 [0/60000 (0%)]	Loss: 0.347251
Train Epoch: 53 [12800/60000 (21%)]	Loss: 0.343775
Train Epoch: 53 [25600/60000 (43%)]	Loss: 0.341250
Train Epoch: 53 [38400/60000 (64%)]	Loss: 0.340162
Train Epoch: 53 [51200/60000 (85%)]	Loss: 0.338095
Train Epoch: 53, Loss: 0.336823
Train Epoch: 54 [0/60000 (0%)]	Loss: 0.344844
Train Epoch: 54 [12800/60000 (21%)]	Loss: 0.346220
Train Epoch: 54 [25600/60000 (43%)]	Loss: 0.324617
Train Epoch: 54 [38400/60000 (64%)]	Loss: 0.333582
Train Epoch: 54 [51200/60000 (85%)]	Loss: 0.332696
Train Epoch: 54, Loss: 0.326551
Train Epoch: 55 [0/60000 (0%)]	Loss: 0.299982
Train Epoch: 55 [12800/60000 (21%)]	Loss: 0.331830
Train Epoch: 55 [25600/60000 (43%)]	Loss: 0.362246
Train Epoch: 55 [38400/60000 (64%)]	Loss: 0.347229
Train Epoch: 55 [51200/60000 (85%)]	Loss: 0.346028
Train Epoch: 55, Loss: 0.308817
Train Epoch: 56 [0/60000 (0%)]	Loss: 0.346000
Train Epoch: 56 [12800/60000 (21%)]	Loss: 0.341307
Train Epoch: 56 [25600/60000 (43%)]	Loss: 0.337198
Train Epoch: 56 [38400/60000 (64%)]	Loss: 0.341641
Train Epoch: 56 [51200/60000 (85%)]	Loss: 0.317179
Train Epoch: 56, Loss: 0.304456
Train Epoch: 57 [0/60000 (0%)]	Loss: 0.348809
Train Epoch: 57 [12800/60000 (21%)]	Loss: 0.360371
Train Epoch: 57 [25600/60000 (43%)]	Loss: 0.328623
Train Epoch: 57 [38400/60000 (64%)]	Loss: 0.330579
Train Epoch: 57 [51200/60000 (85%)]	Loss: 0.343979
Train Epoch: 57, Loss: 0.333839
Train Epoch: 58 [0/60000 (0%)]	Loss: 0.339242
Train Epoch: 58 [12800/60000 (21%)]	Loss: 0.340450
Train Epoch: 58 [25600/60000 (43%)]	Loss: 0.343348
Train Epoch: 58 [38400/60000 (64%)]	Loss: 0.319558
Train Epoch: 58 [51200/60000 (85%)]	Loss: 0.332430
Train Epoch: 58, Loss: 0.362560
Train Epoch: 59 [0/60000 (0%)]	Loss: 0.332984
Train Epoch: 59 [12800/60000 (21%)]	Loss: 0.324606
Train Epoch: 59 [25600/60000 (43%)]	Loss: 0.336381
Train Epoch: 59 [38400/60000 (64%)]	Loss: 0.345149
Train Epoch: 59 [51200/60000 (85%)]	Loss: 0.361982
Train Epoch: 59, Loss: 0.314925
Train Epoch: 60 [0/60000 (0%)]	Loss: 0.335752
Train Epoch: 60 [12800/60000 (21%)]	Loss: 0.327320
Train Epoch: 60 [25600/60000 (43%)]	Loss: 0.329229
Train Epoch: 60 [38400/60000 (64%)]	Loss: 0.346405
Train Epoch: 60 [51200/60000 (85%)]	Loss: 0.341259
Train Epoch: 60, Loss: 0.325117
Train Epoch: 61 [0/60000 (0%)]	Loss: 0.320192
Train Epoch: 61 [12800/60000 (21%)]	Loss: 0.333140
Train Epoch: 61 [25600/60000 (43%)]	Loss: 0.343913
Train Epoch: 61 [38400/60000 (64%)]	Loss: 0.348941
Train Epoch: 61 [51200/60000 (85%)]	Loss: 0.341711
Train Epoch: 61, Loss: 0.323932
Train Epoch: 62 [0/60000 (0%)]	Loss: 0.312658
Train Epoch: 62 [12800/60000 (21%)]	Loss: 0.353197
Train Epoch: 62 [25600/60000 (43%)]	Loss: 0.344383
Train Epoch: 62 [38400/60000 (64%)]	Loss: 0.362246
Train Epoch: 62 [51200/60000 (85%)]	Loss: 0.341209
Train Epoch: 62, Loss: 0.358584
Train Epoch: 63 [0/60000 (0%)]	Loss: 0.331216
Train Epoch: 63 [12800/60000 (21%)]	Loss: 0.321306
Train Epoch: 63 [25600/60000 (43%)]	Loss: 0.332326
Train Epoch: 63 [38400/60000 (64%)]	Loss: 0.321280
Train Epoch: 63 [51200/60000 (85%)]	Loss: 0.345582
Train Epoch: 63, Loss: 0.309021
Train Epoch: 64 [0/60000 (0%)]	Loss: 0.345086
Train Epoch: 64 [12800/60000 (21%)]	Loss: 0.342405
Train Epoch: 64 [25600/60000 (43%)]	Loss: 0.316453
Train Epoch: 64 [38400/60000 (64%)]	Loss: 0.332755
Train Epoch: 64 [51200/60000 (85%)]	Loss: 0.359323
Train Epoch: 64, Loss: 0.352608
Train Epoch: 65 [0/60000 (0%)]	Loss: 0.326663
Train Epoch: 65 [12800/60000 (21%)]	Loss: 0.324721
Train Epoch: 65 [25600/60000 (43%)]	Loss: 0.337319
Train Epoch: 65 [38400/60000 (64%)]	Loss: 0.348218
Train Epoch: 65 [51200/60000 (85%)]	Loss: 0.350540
Train Epoch: 65, Loss: 0.323324
Train Epoch: 66 [0/60000 (0%)]	Loss: 0.341422
Train Epoch: 66 [12800/60000 (21%)]	Loss: 0.336721
Train Epoch: 66 [25600/60000 (43%)]	Loss: 0.324025
Train Epoch: 66 [38400/60000 (64%)]	Loss: 0.328756
Train Epoch: 66 [51200/60000 (85%)]	Loss: 0.317558
Train Epoch: 66, Loss: 0.362772
Train Epoch: 67 [0/60000 (0%)]	Loss: 0.314139
Train Epoch: 67 [12800/60000 (21%)]	Loss: 0.334775
Train Epoch: 67 [25600/60000 (43%)]	Loss: 0.339849
Train Epoch: 67 [38400/60000 (64%)]	Loss: 0.351219
Train Epoch: 67 [51200/60000 (85%)]	Loss: 0.332962
Train Epoch: 67, Loss: 0.363012
Train Epoch: 68 [0/60000 (0%)]	Loss: 0.322618
Train Epoch: 68 [12800/60000 (21%)]	Loss: 0.339460
Train Epoch: 68 [25600/60000 (43%)]	Loss: 0.330877
Train Epoch: 68 [38400/60000 (64%)]	Loss: 0.342011
Train Epoch: 68 [51200/60000 (85%)]	Loss: 0.328013
Train Epoch: 68, Loss: 0.345952
Train Epoch: 69 [0/60000 (0%)]	Loss: 0.327405
Train Epoch: 69 [12800/60000 (21%)]	Loss: 0.331163
Train Epoch: 69 [25600/60000 (43%)]	Loss: 0.351450
Train Epoch: 69 [38400/60000 (64%)]	Loss: 0.338581
Train Epoch: 69 [51200/60000 (85%)]	Loss: 0.324871
Train Epoch: 69, Loss: 0.326164
Train Epoch: 70 [0/60000 (0%)]	Loss: 0.332129
Train Epoch: 70 [12800/60000 (21%)]	Loss: 0.326050
Train Epoch: 70 [25600/60000 (43%)]	Loss: 0.321926
Train Epoch: 70 [38400/60000 (64%)]	Loss: 0.331645
Train Epoch: 70 [51200/60000 (85%)]	Loss: 0.336721
Train Epoch: 70, Loss: 0.310070
Train Epoch: 71 [0/60000 (0%)]	Loss: 0.341253
Train Epoch: 71 [12800/60000 (21%)]	Loss: 0.322654
Train Epoch: 71 [25600/60000 (43%)]	Loss: 0.329864
Train Epoch: 71 [38400/60000 (64%)]	Loss: 0.319376
Train Epoch: 71 [51200/60000 (85%)]	Loss: 0.333013
Train Epoch: 71, Loss: 0.304823
Train Epoch: 72 [0/60000 (0%)]	Loss: 0.325264
Train Epoch: 72 [12800/60000 (21%)]	Loss: 0.337343
Train Epoch: 72 [25600/60000 (43%)]	Loss: 0.330424
Train Epoch: 72 [38400/60000 (64%)]	Loss: 0.328038
Train Epoch: 72 [51200/60000 (85%)]	Loss: 0.340859
Train Epoch: 72, Loss: 0.350535
Train Epoch: 73 [0/60000 (0%)]	Loss: 0.341785
Train Epoch: 73 [12800/60000 (21%)]	Loss: 0.341836
Train Epoch: 73 [25600/60000 (43%)]	Loss: 0.321935
Train Epoch: 73 [38400/60000 (64%)]	Loss: 0.353106
Train Epoch: 73 [51200/60000 (85%)]	Loss: 0.324952
Train Epoch: 73, Loss: 0.325149
Train Epoch: 74 [0/60000 (0%)]	Loss: 0.329645
Train Epoch: 74 [12800/60000 (21%)]	Loss: 0.330271
Train Epoch: 74 [25600/60000 (43%)]	Loss: 0.330270
Train Epoch: 74 [38400/60000 (64%)]	Loss: 0.329237
Train Epoch: 74 [51200/60000 (85%)]	Loss: 0.346368
Train Epoch: 74, Loss: 0.314858
Train Epoch: 75 [0/60000 (0%)]	Loss: 0.321498
Train Epoch: 75 [12800/60000 (21%)]	Loss: 0.343258
Train Epoch: 75 [25600/60000 (43%)]	Loss: 0.337824
Train Epoch: 75 [38400/60000 (64%)]	Loss: 0.336599
Train Epoch: 75 [51200/60000 (85%)]	Loss: 0.315346
Train Epoch: 75, Loss: 0.330839
Train Epoch: 76 [0/60000 (0%)]	Loss: 0.366352
Train Epoch: 76 [12800/60000 (21%)]	Loss: 0.325076
Train Epoch: 76 [25600/60000 (43%)]	Loss: 0.346366
Train Epoch: 76 [38400/60000 (64%)]	Loss: 0.323893
Train Epoch: 76 [51200/60000 (85%)]	Loss: 0.326455
Train Epoch: 76, Loss: 0.325257
Train Epoch: 77 [0/60000 (0%)]	Loss: 0.328524
Train Epoch: 77 [12800/60000 (21%)]	Loss: 0.340376
Train Epoch: 77 [25600/60000 (43%)]	Loss: 0.303759
Train Epoch: 77 [38400/60000 (64%)]	Loss: 0.336916
Train Epoch: 77 [51200/60000 (85%)]	Loss: 0.332804
Train Epoch: 77, Loss: 0.309053
Train Epoch: 78 [0/60000 (0%)]	Loss: 0.313795
Train Epoch: 78 [12800/60000 (21%)]	Loss: 0.334691
Train Epoch: 78 [25600/60000 (43%)]	Loss: 0.336144
Train Epoch: 78 [38400/60000 (64%)]	Loss: 0.341393
Train Epoch: 78 [51200/60000 (85%)]	Loss: 0.322728
Train Epoch: 78, Loss: 0.322196
Train Epoch: 79 [0/60000 (0%)]	Loss: 0.317129
Train Epoch: 79 [12800/60000 (21%)]	Loss: 0.327061
Train Epoch: 79 [25600/60000 (43%)]	Loss: 0.336399
Train Epoch: 79 [38400/60000 (64%)]	Loss: 0.321380
Train Epoch: 79 [51200/60000 (85%)]	Loss: 0.328860
Train Epoch: 79, Loss: 0.296835
Train Epoch: 80 [0/60000 (0%)]	Loss: 0.324137
Train Epoch: 80 [12800/60000 (21%)]	Loss: 0.331347
Train Epoch: 80 [25600/60000 (43%)]	Loss: 0.316072
Train Epoch: 80 [38400/60000 (64%)]	Loss: 0.322657
Train Epoch: 80 [51200/60000 (85%)]	Loss: 0.327091
Train Epoch: 80, Loss: 0.341605
Train Epoch: 81 [0/60000 (0%)]	Loss: 0.325036
Train Epoch: 81 [12800/60000 (21%)]	Loss: 0.314672
Train Epoch: 81 [25600/60000 (43%)]	Loss: 0.321027
Train Epoch: 81 [38400/60000 (64%)]	Loss: 0.333736
Train Epoch: 81 [51200/60000 (85%)]	Loss: 0.329148
Train Epoch: 81, Loss: 0.314651
Train Epoch: 82 [0/60000 (0%)]	Loss: 0.316326
Train Epoch: 82 [12800/60000 (21%)]	Loss: 0.320119
Train Epoch: 82 [25600/60000 (43%)]	Loss: 0.333620
Train Epoch: 82 [38400/60000 (64%)]	Loss: 0.334271
Train Epoch: 82 [51200/60000 (85%)]	Loss: 0.329047
Train Epoch: 82, Loss: 0.354227
Train Epoch: 83 [0/60000 (0%)]	Loss: 0.327699
Train Epoch: 83 [12800/60000 (21%)]	Loss: 0.331946
Train Epoch: 83 [25600/60000 (43%)]	Loss: 0.342950
Train Epoch: 83 [38400/60000 (64%)]	Loss: 0.329054
Train Epoch: 83 [51200/60000 (85%)]	Loss: 0.335657
Train Epoch: 83, Loss: 0.345801
Train Epoch: 84 [0/60000 (0%)]	Loss: 0.340375
Train Epoch: 84 [12800/60000 (21%)]	Loss: 0.320323
Train Epoch: 84 [25600/60000 (43%)]	Loss: 0.326874
Train Epoch: 84 [38400/60000 (64%)]	Loss: 0.305122
Train Epoch: 84 [51200/60000 (85%)]	Loss: 0.362851
Train Epoch: 84, Loss: 0.348920
Train Epoch: 85 [0/60000 (0%)]	Loss: 0.341417
Train Epoch: 85 [12800/60000 (21%)]	Loss: 0.327817
Train Epoch: 85 [25600/60000 (43%)]	Loss: 0.342011
Train Epoch: 85 [38400/60000 (64%)]	Loss: 0.323296
Train Epoch: 85 [51200/60000 (85%)]	Loss: 0.315056
Train Epoch: 85, Loss: 0.327283
Train Epoch: 86 [0/60000 (0%)]	Loss: 0.314090
Train Epoch: 86 [12800/60000 (21%)]	Loss: 0.308947
Train Epoch: 86 [25600/60000 (43%)]	Loss: 0.334841
Train Epoch: 86 [38400/60000 (64%)]	Loss: 0.328635
Train Epoch: 86 [51200/60000 (85%)]	Loss: 0.340233
Train Epoch: 86, Loss: 0.336656
Train Epoch: 87 [0/60000 (0%)]	Loss: 0.324078
Train Epoch: 87 [12800/60000 (21%)]	Loss: 0.316948
Train Epoch: 87 [25600/60000 (43%)]	Loss: 0.335538
Train Epoch: 87 [38400/60000 (64%)]	Loss: 0.351120
Train Epoch: 87 [51200/60000 (85%)]	Loss: 0.332641
Train Epoch: 87, Loss: 0.347393
Train Epoch: 88 [0/60000 (0%)]	Loss: 0.329500
Train Epoch: 88 [12800/60000 (21%)]	Loss: 0.325596
Train Epoch: 88 [25600/60000 (43%)]	Loss: 0.314002
Train Epoch: 88 [38400/60000 (64%)]	Loss: 0.324609
Train Epoch: 88 [51200/60000 (85%)]	Loss: 0.325753
Train Epoch: 88, Loss: 0.353814
Train Epoch: 89 [0/60000 (0%)]	Loss: 0.314215
Train Epoch: 89 [12800/60000 (21%)]	Loss: 0.330426
Train Epoch: 89 [25600/60000 (43%)]	Loss: 0.316534
Train Epoch: 89 [38400/60000 (64%)]	Loss: 0.330985
Train Epoch: 89 [51200/60000 (85%)]	Loss: 0.340045
Train Epoch: 89, Loss: 0.311316
Train Epoch: 90 [0/60000 (0%)]	Loss: 0.317820
Train Epoch: 90 [12800/60000 (21%)]	Loss: 0.343325
Train Epoch: 90 [25600/60000 (43%)]	Loss: 0.331074
Train Epoch: 90 [38400/60000 (64%)]	Loss: 0.325849
Train Epoch: 90 [51200/60000 (85%)]	Loss: 0.330823
Train Epoch: 90, Loss: 0.352971
Train Epoch: 91 [0/60000 (0%)]	Loss: 0.335069
Train Epoch: 91 [12800/60000 (21%)]	Loss: 0.336082
Train Epoch: 91 [25600/60000 (43%)]	Loss: 0.357927
Train Epoch: 91 [38400/60000 (64%)]	Loss: 0.315175
Train Epoch: 91 [51200/60000 (85%)]	Loss: 0.341679
Train Epoch: 91, Loss: 0.322852
Train Epoch: 92 [0/60000 (0%)]	Loss: 0.313508
Train Epoch: 92 [12800/60000 (21%)]	Loss: 0.327878
Train Epoch: 92 [25600/60000 (43%)]	Loss: 0.334368
Train Epoch: 92 [38400/60000 (64%)]	Loss: 0.325346
Train Epoch: 92 [51200/60000 (85%)]	Loss: 0.337588
Train Epoch: 92, Loss: 0.311626
Train Epoch: 93 [0/60000 (0%)]	Loss: 0.336207
Train Epoch: 93 [12800/60000 (21%)]	Loss: 0.321880
Train Epoch: 93 [25600/60000 (43%)]	Loss: 0.335709
Train Epoch: 93 [38400/60000 (64%)]	Loss: 0.316894
Train Epoch: 93 [51200/60000 (85%)]	Loss: 0.338847
Train Epoch: 93, Loss: 0.341606
Train Epoch: 94 [0/60000 (0%)]	Loss: 0.333205
Train Epoch: 94 [12800/60000 (21%)]	Loss: 0.313595
Train Epoch: 94 [25600/60000 (43%)]	Loss: 0.324324
Train Epoch: 94 [38400/60000 (64%)]	Loss: 0.333120
Train Epoch: 94 [51200/60000 (85%)]	Loss: 0.302518
Train Epoch: 94, Loss: 0.334284
Train Epoch: 95 [0/60000 (0%)]	Loss: 0.342598
Train Epoch: 95 [12800/60000 (21%)]	Loss: 0.332774
Train Epoch: 95 [25600/60000 (43%)]	Loss: 0.321654
Train Epoch: 95 [38400/60000 (64%)]	Loss: 0.321886
Train Epoch: 95 [51200/60000 (85%)]	Loss: 0.316220
Train Epoch: 95, Loss: 0.351671
Train Epoch: 96 [0/60000 (0%)]	Loss: 0.322274
Train Epoch: 96 [12800/60000 (21%)]	Loss: 0.346165
Train Epoch: 96 [25600/60000 (43%)]	Loss: 0.330380
Train Epoch: 96 [38400/60000 (64%)]	Loss: 0.338870
Train Epoch: 96 [51200/60000 (85%)]	Loss: 0.333304
Train Epoch: 96, Loss: 0.306573
Train Epoch: 97 [0/60000 (0%)]	Loss: 0.326793
Train Epoch: 97 [12800/60000 (21%)]	Loss: 0.322761
Train Epoch: 97 [25600/60000 (43%)]	Loss: 0.325278
Train Epoch: 97 [38400/60000 (64%)]	Loss: 0.354977
Train Epoch: 97 [51200/60000 (85%)]	Loss: 0.343365
Train Epoch: 97, Loss: 0.309108
Train Epoch: 98 [0/60000 (0%)]	Loss: 0.329229
Train Epoch: 98 [12800/60000 (21%)]	Loss: 0.325538
Train Epoch: 98 [25600/60000 (43%)]	Loss: 0.321903
Train Epoch: 98 [38400/60000 (64%)]	Loss: 0.331740
Train Epoch: 98 [51200/60000 (85%)]	Loss: 0.319778
Train Epoch: 98, Loss: 0.342556
Train Epoch: 99 [0/60000 (0%)]	Loss: 0.324143
Train Epoch: 99 [12800/60000 (21%)]	Loss: 0.322773
Train Epoch: 99 [25600/60000 (43%)]	Loss: 0.321870
Train Epoch: 99 [38400/60000 (64%)]	Loss: 0.325146
Train Epoch: 99 [51200/60000 (85%)]	Loss: 0.324844
Train Epoch: 99, Loss: 0.336640
Train Epoch: 100 [0/60000 (0%)]	Loss: 0.313851
Train Epoch: 100 [12800/60000 (21%)]	Loss: 0.338689
Train Epoch: 100 [25600/60000 (43%)]	Loss: 0.331446
Train Epoch: 100 [38400/60000 (64%)]	Loss: 0.330973
Train Epoch: 100 [51200/60000 (85%)]	Loss: 0.329028
Train Epoch: 100, Loss: 0.355689
Train Epoch: 101 [0/60000 (0%)]	Loss: 0.328466
Train Epoch: 101 [12800/60000 (21%)]	Loss: 0.324621
Train Epoch: 101 [25600/60000 (43%)]	Loss: 0.320479
Train Epoch: 101 [38400/60000 (64%)]	Loss: 0.350700
Train Epoch: 101 [51200/60000 (85%)]	Loss: 0.341618
Train Epoch: 101, Loss: 0.322461
Train Epoch: 102 [0/60000 (0%)]	Loss: 0.327140
Train Epoch: 102 [12800/60000 (21%)]	Loss: 0.330929
Train Epoch: 102 [25600/60000 (43%)]	Loss: 0.327929
Train Epoch: 102 [38400/60000 (64%)]	Loss: 0.320380
Train Epoch: 102 [51200/60000 (85%)]	Loss: 0.339879
Train Epoch: 102, Loss: 0.342124
Train Epoch: 103 [0/60000 (0%)]	Loss: 0.326699
Train Epoch: 103 [12800/60000 (21%)]	Loss: 0.332293
Train Epoch: 103 [25600/60000 (43%)]	Loss: 0.329427
Train Epoch: 103 [38400/60000 (64%)]	Loss: 0.316162
Train Epoch: 103 [51200/60000 (85%)]	Loss: 0.324171
Train Epoch: 103, Loss: 0.330665
Train Epoch: 104 [0/60000 (0%)]	Loss: 0.327185
Train Epoch: 104 [12800/60000 (21%)]	Loss: 0.315402
Train Epoch: 104 [25600/60000 (43%)]	Loss: 0.322057
Train Epoch: 104 [38400/60000 (64%)]	Loss: 0.339787
Train Epoch: 104 [51200/60000 (85%)]	Loss: 0.304563
Train Epoch: 104, Loss: 0.323990
Train Epoch: 105 [0/60000 (0%)]	Loss: 0.315625
Train Epoch: 105 [12800/60000 (21%)]	Loss: 0.325652
Train Epoch: 105 [25600/60000 (43%)]	Loss: 0.316981
Train Epoch: 105 [38400/60000 (64%)]	Loss: 0.317033
Train Epoch: 105 [51200/60000 (85%)]	Loss: 0.335642
Train Epoch: 105, Loss: 0.306961
Train Epoch: 106 [0/60000 (0%)]	Loss: 0.327033
Train Epoch: 106 [12800/60000 (21%)]	Loss: 0.319639
Train Epoch: 106 [25600/60000 (43%)]	Loss: 0.322060
Train Epoch: 106 [38400/60000 (64%)]	Loss: 0.326239
Train Epoch: 106 [51200/60000 (85%)]	Loss: 0.334559
Train Epoch: 106, Loss: 0.313778
Train Epoch: 107 [0/60000 (0%)]	Loss: 0.317860
Train Epoch: 107 [12800/60000 (21%)]	Loss: 0.325677
Train Epoch: 107 [25600/60000 (43%)]	Loss: 0.318389
Train Epoch: 107 [38400/60000 (64%)]	Loss: 0.336345
Train Epoch: 107 [51200/60000 (85%)]	Loss: 0.318501
Train Epoch: 107, Loss: 0.304985
Train Epoch: 108 [0/60000 (0%)]	Loss: 0.319135
Train Epoch: 108 [12800/60000 (21%)]	Loss: 0.320958
Train Epoch: 108 [25600/60000 (43%)]	Loss: 0.321030
Train Epoch: 108 [38400/60000 (64%)]	Loss: 0.304009
Train Epoch: 108 [51200/60000 (85%)]	Loss: 0.322069
Train Epoch: 108, Loss: 0.308047
Train Epoch: 109 [0/60000 (0%)]	Loss: 0.330259
Train Epoch: 109 [12800/60000 (21%)]	Loss: 0.317495
Train Epoch: 109 [25600/60000 (43%)]	Loss: 0.314725
Train Epoch: 109 [38400/60000 (64%)]	Loss: 0.333091
Train Epoch: 109 [51200/60000 (85%)]	Loss: 0.343959
Train Epoch: 109, Loss: 0.312428
Train Epoch: 110 [0/60000 (0%)]	Loss: 0.335969
Train Epoch: 110 [12800/60000 (21%)]	Loss: 0.334033
Train Epoch: 110 [25600/60000 (43%)]	Loss: 0.334400
Train Epoch: 110 [38400/60000 (64%)]	Loss: 0.348235
Train Epoch: 110 [51200/60000 (85%)]	Loss: 0.316094
Train Epoch: 110, Loss: 0.349935
Train Epoch: 111 [0/60000 (0%)]	Loss: 0.327249
Train Epoch: 111 [12800/60000 (21%)]	Loss: 0.342079
Train Epoch: 111 [25600/60000 (43%)]	Loss: 0.341722
Train Epoch: 111 [38400/60000 (64%)]	Loss: 0.325248
Train Epoch: 111 [51200/60000 (85%)]	Loss: 0.329675
Train Epoch: 111, Loss: 0.334663
Train Epoch: 112 [0/60000 (0%)]	Loss: 0.316512
Train Epoch: 112 [12800/60000 (21%)]	Loss: 0.318607
Train Epoch: 112 [25600/60000 (43%)]	Loss: 0.339298
Train Epoch: 112 [38400/60000 (64%)]	Loss: 0.337896
Train Epoch: 112 [51200/60000 (85%)]	Loss: 0.322266
Train Epoch: 112, Loss: 0.326492
Train Epoch: 113 [0/60000 (0%)]	Loss: 0.322638
Train Epoch: 113 [12800/60000 (21%)]	Loss: 0.336796
Train Epoch: 113 [25600/60000 (43%)]	Loss: 0.321394
Train Epoch: 113 [38400/60000 (64%)]	Loss: 0.311429
Train Epoch: 113 [51200/60000 (85%)]	Loss: 0.324651
Train Epoch: 113, Loss: 0.306157
Train Epoch: 114 [0/60000 (0%)]	Loss: 0.325287
Train Epoch: 114 [12800/60000 (21%)]	Loss: 0.327538
Train Epoch: 114 [25600/60000 (43%)]	Loss: 0.313157
Train Epoch: 114 [38400/60000 (64%)]	Loss: 0.327182
Train Epoch: 114 [51200/60000 (85%)]	Loss: 0.311163
Train Epoch: 114, Loss: 0.333844
Train Epoch: 115 [0/60000 (0%)]	Loss: 0.323323
Train Epoch: 115 [12800/60000 (21%)]	Loss: 0.344946
Train Epoch: 115 [25600/60000 (43%)]	Loss: 0.297484
Train Epoch: 115 [38400/60000 (64%)]	Loss: 0.294519
Train Epoch: 115 [51200/60000 (85%)]	Loss: 0.337992
Train Epoch: 115, Loss: 0.334314
Train Epoch: 116 [0/60000 (0%)]	Loss: 0.319390
Train Epoch: 116 [12800/60000 (21%)]	Loss: 0.326763
Train Epoch: 116 [25600/60000 (43%)]	Loss: 0.331109
Train Epoch: 116 [38400/60000 (64%)]	Loss: 0.316514
Train Epoch: 116 [51200/60000 (85%)]	Loss: 0.305037
Train Epoch: 116, Loss: 0.309721
Train Epoch: 117 [0/60000 (0%)]	Loss: 0.317877
Train Epoch: 117 [12800/60000 (21%)]	Loss: 0.320092
Train Epoch: 117 [25600/60000 (43%)]	Loss: 0.308755
Train Epoch: 117 [38400/60000 (64%)]	Loss: 0.326222
Train Epoch: 117 [51200/60000 (85%)]	Loss: 0.326746
Train Epoch: 117, Loss: 0.307621
Train Epoch: 118 [0/60000 (0%)]	Loss: 0.341918
Train Epoch: 118 [12800/60000 (21%)]	Loss: 0.309170
Train Epoch: 118 [25600/60000 (43%)]	Loss: 0.315925
Train Epoch: 118 [38400/60000 (64%)]	Loss: 0.312829
Train Epoch: 118 [51200/60000 (85%)]	Loss: 0.329890
Train Epoch: 118, Loss: 0.341339
Train Epoch: 119 [0/60000 (0%)]	Loss: 0.321572
Train Epoch: 119 [12800/60000 (21%)]	Loss: 0.299896
Train Epoch: 119 [25600/60000 (43%)]	Loss: 0.309123
Train Epoch: 119 [38400/60000 (64%)]	Loss: 0.325463
Train Epoch: 119 [51200/60000 (85%)]	Loss: 0.332214
Train Epoch: 119, Loss: 0.313295
Train Epoch: 120 [0/60000 (0%)]	Loss: 0.315815
Train Epoch: 120 [12800/60000 (21%)]	Loss: 0.319605
Train Epoch: 120 [25600/60000 (43%)]	Loss: 0.341930
Train Epoch: 120 [38400/60000 (64%)]	Loss: 0.321060
Train Epoch: 120 [51200/60000 (85%)]	Loss: 0.335445
Train Epoch: 120, Loss: 0.328549
Train Epoch: 121 [0/60000 (0%)]	Loss: 0.324846
Train Epoch: 121 [12800/60000 (21%)]	Loss: 0.318601
Train Epoch: 121 [25600/60000 (43%)]	Loss: 0.334828
Train Epoch: 121 [38400/60000 (64%)]	Loss: 0.322086
Train Epoch: 121 [51200/60000 (85%)]	Loss: 0.318804
Train Epoch: 121, Loss: 0.279479
Train Epoch: 122 [0/60000 (0%)]	Loss: 0.359838
Train Epoch: 122 [12800/60000 (21%)]	Loss: 0.307948
Train Epoch: 122 [25600/60000 (43%)]	Loss: 0.326981
Train Epoch: 122 [38400/60000 (64%)]	Loss: 0.326590
Train Epoch: 122 [51200/60000 (85%)]	Loss: 0.317542
Train Epoch: 122, Loss: 0.327470
Train Epoch: 123 [0/60000 (0%)]	Loss: 0.327682
Train Epoch: 123 [12800/60000 (21%)]	Loss: 0.334414
Train Epoch: 123 [25600/60000 (43%)]	Loss: 0.334416
Train Epoch: 123 [38400/60000 (64%)]	Loss: 0.350534
Train Epoch: 123 [51200/60000 (85%)]	Loss: 0.339482
Train Epoch: 123, Loss: 0.332428
Train Epoch: 124 [0/60000 (0%)]	Loss: 0.325167
Train Epoch: 124 [12800/60000 (21%)]	Loss: 0.322945
Train Epoch: 124 [25600/60000 (43%)]	Loss: 0.327644
Train Epoch: 124 [38400/60000 (64%)]	Loss: 0.328143
Train Epoch: 124 [51200/60000 (85%)]	Loss: 0.310214
Train Epoch: 124, Loss: 0.304871
Train Epoch: 125 [0/60000 (0%)]	Loss: 0.330402
Train Epoch: 125 [12800/60000 (21%)]	Loss: 0.322897
Train Epoch: 125 [25600/60000 (43%)]	Loss: 0.314169
Train Epoch: 125 [38400/60000 (64%)]	Loss: 0.332763
Train Epoch: 125 [51200/60000 (85%)]	Loss: 0.311214
Train Epoch: 125, Loss: 0.343579
Train Epoch: 126 [0/60000 (0%)]	Loss: 0.324834
Train Epoch: 126 [12800/60000 (21%)]	Loss: 0.344120
Train Epoch: 126 [25600/60000 (43%)]	Loss: 0.341199
Train Epoch: 126 [38400/60000 (64%)]	Loss: 0.311820
Train Epoch: 126 [51200/60000 (85%)]	Loss: 0.320917
Train Epoch: 126, Loss: 0.337675
Train Epoch: 127 [0/60000 (0%)]	Loss: 0.315768
Train Epoch: 127 [12800/60000 (21%)]	Loss: 0.323248
Train Epoch: 127 [25600/60000 (43%)]	Loss: 0.336152
Train Epoch: 127 [38400/60000 (64%)]	Loss: 0.310053
Train Epoch: 127 [51200/60000 (85%)]	Loss: 0.324996
Train Epoch: 127, Loss: 0.319675
Train Epoch: 128 [0/60000 (0%)]	Loss: 0.309184
Train Epoch: 128 [12800/60000 (21%)]	Loss: 0.320102
Train Epoch: 128 [25600/60000 (43%)]	Loss: 0.322812
Train Epoch: 128 [38400/60000 (64%)]	Loss: 0.333788
Train Epoch: 128 [51200/60000 (85%)]	Loss: 0.328564
Train Epoch: 128, Loss: 0.343713
Train Epoch: 129 [0/60000 (0%)]	Loss: 0.337631
Train Epoch: 129 [12800/60000 (21%)]	Loss: 0.343263
Train Epoch: 129 [25600/60000 (43%)]	Loss: 0.301706
Train Epoch: 129 [38400/60000 (64%)]	Loss: 0.322638
Train Epoch: 129 [51200/60000 (85%)]	Loss: 0.326107
Train Epoch: 129, Loss: 0.330758
Train Epoch: 130 [0/60000 (0%)]	Loss: 0.326542
Train Epoch: 130 [12800/60000 (21%)]	Loss: 0.317084
Train Epoch: 130 [25600/60000 (43%)]	Loss: 0.326455
Train Epoch: 130 [38400/60000 (64%)]	Loss: 0.320373
Train Epoch: 130 [51200/60000 (85%)]	Loss: 0.314305
Train Epoch: 130, Loss: 0.321482
Train Epoch: 131 [0/60000 (0%)]	Loss: 0.308486
Train Epoch: 131 [12800/60000 (21%)]	Loss: 0.314737
Train Epoch: 131 [25600/60000 (43%)]	Loss: 0.296936
Train Epoch: 131 [38400/60000 (64%)]	Loss: 0.332248
Train Epoch: 131 [51200/60000 (85%)]	Loss: 0.317958
Train Epoch: 131, Loss: 0.345400
Train Epoch: 132 [0/60000 (0%)]	Loss: 0.308677
Train Epoch: 132 [12800/60000 (21%)]	Loss: 0.332101
Train Epoch: 132 [25600/60000 (43%)]	Loss: 0.314703
Train Epoch: 132 [38400/60000 (64%)]	Loss: 0.310449
Train Epoch: 132 [51200/60000 (85%)]	Loss: 0.326973
Train Epoch: 132, Loss: 0.338785
Train Epoch: 133 [0/60000 (0%)]	Loss: 0.304654
Train Epoch: 133 [12800/60000 (21%)]	Loss: 0.333751
Train Epoch: 133 [25600/60000 (43%)]	Loss: 0.328612
Train Epoch: 133 [38400/60000 (64%)]	Loss: 0.307910
Train Epoch: 133 [51200/60000 (85%)]	Loss: 0.330516
Train Epoch: 133, Loss: 0.305679
Train Epoch: 134 [0/60000 (0%)]	Loss: 0.317953
Train Epoch: 134 [12800/60000 (21%)]	Loss: 0.323361
Train Epoch: 134 [25600/60000 (43%)]	Loss: 0.311680
Train Epoch: 134 [38400/60000 (64%)]	Loss: 0.318671
Train Epoch: 134 [51200/60000 (85%)]	Loss: 0.318946
Train Epoch: 134, Loss: 0.299208
Train Epoch: 135 [0/60000 (0%)]	Loss: 0.319448
Train Epoch: 135 [12800/60000 (21%)]	Loss: 0.315482
Train Epoch: 135 [25600/60000 (43%)]	Loss: 0.312917
Train Epoch: 135 [38400/60000 (64%)]	Loss: 0.310724
Train Epoch: 135 [51200/60000 (85%)]	Loss: 0.309130
Train Epoch: 135, Loss: 0.331279
Train Epoch: 136 [0/60000 (0%)]	Loss: 0.330539
Train Epoch: 136 [12800/60000 (21%)]	Loss: 0.327549
Train Epoch: 136 [25600/60000 (43%)]	Loss: 0.324550
Train Epoch: 136 [38400/60000 (64%)]	Loss: 0.317470
Train Epoch: 136 [51200/60000 (85%)]	Loss: 0.334072
Train Epoch: 136, Loss: 0.315004
Train Epoch: 137 [0/60000 (0%)]	Loss: 0.335336
Train Epoch: 137 [12800/60000 (21%)]	Loss: 0.316963
Train Epoch: 137 [25600/60000 (43%)]	Loss: 0.324307
Train Epoch: 137 [38400/60000 (64%)]	Loss: 0.335570
Train Epoch: 137 [51200/60000 (85%)]	Loss: 0.323026
Train Epoch: 137, Loss: 0.342740
Train Epoch: 138 [0/60000 (0%)]	Loss: 0.324862
Train Epoch: 138 [12800/60000 (21%)]	Loss: 0.323210
Train Epoch: 138 [25600/60000 (43%)]	Loss: 0.295727
Train Epoch: 138 [38400/60000 (64%)]	Loss: 0.336369
Train Epoch: 138 [51200/60000 (85%)]	Loss: 0.327156
Train Epoch: 138, Loss: 0.339482
Train Epoch: 139 [0/60000 (0%)]	Loss: 0.328747
Train Epoch: 139 [12800/60000 (21%)]	Loss: 0.327349
Train Epoch: 139 [25600/60000 (43%)]	Loss: 0.336791
Train Epoch: 139 [38400/60000 (64%)]	Loss: 0.315107
Train Epoch: 139 [51200/60000 (85%)]	Loss: 0.329415
Train Epoch: 139, Loss: 0.299291
Train Epoch: 140 [0/60000 (0%)]	Loss: 0.324169
Train Epoch: 140 [12800/60000 (21%)]	Loss: 0.318240
Train Epoch: 140 [25600/60000 (43%)]	Loss: 0.321321
Train Epoch: 140 [38400/60000 (64%)]	Loss: 0.326303
Train Epoch: 140 [51200/60000 (85%)]	Loss: 0.305445
Train Epoch: 140, Loss: 0.344430
Train Epoch: 141 [0/60000 (0%)]	Loss: 0.323068
Train Epoch: 141 [12800/60000 (21%)]	Loss: 0.306035
Train Epoch: 141 [25600/60000 (43%)]	Loss: 0.330105
Train Epoch: 141 [38400/60000 (64%)]	Loss: 0.323597
Train Epoch: 141 [51200/60000 (85%)]	Loss: 0.291772
Train Epoch: 141, Loss: 0.305429
Train Epoch: 142 [0/60000 (0%)]	Loss: 0.300672
Train Epoch: 142 [12800/60000 (21%)]	Loss: 0.340222
Train Epoch: 142 [25600/60000 (43%)]	Loss: 0.329048
Train Epoch: 142 [38400/60000 (64%)]	Loss: 0.336034
Train Epoch: 142 [51200/60000 (85%)]	Loss: 0.310676
Train Epoch: 142, Loss: 0.314193
Train Epoch: 143 [0/60000 (0%)]	Loss: 0.325621
Train Epoch: 143 [12800/60000 (21%)]	Loss: 0.318851
Train Epoch: 143 [25600/60000 (43%)]	Loss: 0.323274
Train Epoch: 143 [38400/60000 (64%)]	Loss: 0.325947
Train Epoch: 143 [51200/60000 (85%)]	Loss: 0.318997
Train Epoch: 143, Loss: 0.348630
Train Epoch: 144 [0/60000 (0%)]	Loss: 0.303434
Train Epoch: 144 [12800/60000 (21%)]	Loss: 0.325565
Train Epoch: 144 [25600/60000 (43%)]	Loss: 0.309741
Train Epoch: 144 [38400/60000 (64%)]	Loss: 0.332263
Train Epoch: 144 [51200/60000 (85%)]	Loss: 0.326939
Train Epoch: 144, Loss: 0.331759
Train Epoch: 145 [0/60000 (0%)]	Loss: 0.316112
Train Epoch: 145 [12800/60000 (21%)]	Loss: 0.339754
Train Epoch: 145 [25600/60000 (43%)]	Loss: 0.331127
Train Epoch: 145 [38400/60000 (64%)]	Loss: 0.315687
Train Epoch: 145 [51200/60000 (85%)]	Loss: 0.307991
Train Epoch: 145, Loss: 0.331194
Train Epoch: 146 [0/60000 (0%)]	Loss: 0.330042
Train Epoch: 146 [12800/60000 (21%)]	Loss: 0.316831
Train Epoch: 146 [25600/60000 (43%)]	Loss: 0.312413
Train Epoch: 146 [38400/60000 (64%)]	Loss: 0.325181
Train Epoch: 146 [51200/60000 (85%)]	Loss: 0.335522
Train Epoch: 146, Loss: 0.294750
Train Epoch: 147 [0/60000 (0%)]	Loss: 0.326270
Train Epoch: 147 [12800/60000 (21%)]	Loss: 0.324202
Train Epoch: 147 [25600/60000 (43%)]	Loss: 0.328835
Train Epoch: 147 [38400/60000 (64%)]	Loss: 0.324647
Train Epoch: 147 [51200/60000 (85%)]	Loss: 0.337354
Train Epoch: 147, Loss: 0.347659
Train Epoch: 148 [0/60000 (0%)]	Loss: 0.328986
Train Epoch: 148 [12800/60000 (21%)]	Loss: 0.314301
Train Epoch: 148 [25600/60000 (43%)]	Loss: 0.340157
Train Epoch: 148 [38400/60000 (64%)]	Loss: 0.322068
Train Epoch: 148 [51200/60000 (85%)]	Loss: 0.323473
Train Epoch: 148, Loss: 0.325781
Train Epoch: 149 [0/60000 (0%)]	Loss: 0.313495
Train Epoch: 149 [12800/60000 (21%)]	Loss: 0.310907
Train Epoch: 149 [25600/60000 (43%)]	Loss: 0.338097
Train Epoch: 149 [38400/60000 (64%)]	Loss: 0.324918
Train Epoch: 149 [51200/60000 (85%)]	Loss: 0.313576
Train Epoch: 149, Loss: 0.318971
ENCODER:
Sequential(
  (0): Linear(in_features=784, out_features=1000, bias=True)
  (1): ReLU()
  (2): Linear(in_features=1000, out_features=500, bias=True)
  (3): ReLU()
  (4): Linear(in_features=500, out_features=250, bias=True)
  (5): ReLU()
  (6): Linear(in_features=250, out_features=2, bias=True)
)
Running encoder on 10000 elements
Number of batches: 40
             0          1  labels
0     1.899994  -2.281654       7
1    -1.251336  -1.094464       2
2     2.740415   1.706705       1
3    -5.876454   1.678001       0
4     1.125000  -3.488121       4
...        ...        ...     ...
9995 -2.660406  -2.397797       2
9996 -0.147289  -0.155909       3
9997  3.063921  -0.724078       4
9998  5.966866  28.782314       5
9999 -2.420488   0.197568       6

[10000 rows x 3 columns]
Picked coordinates (56.49857755019933, 95.96254079384497)
DECODER:
Sequential(
  (7): Linear(in_features=2, out_features=250, bias=True)
  (8): ReLU()
  (9): Linear(in_features=250, out_features=500, bias=True)
  (10): ReLU()
  (11): Linear(in_features=500, out_features=1000, bias=True)
  (12): ReLU()
  (13): Linear(in_features=1000, out_features=784, bias=True)
)
Picked coordinates (-29.96302159594201, 45.40039395739075)
DECODER:
Sequential(
  (7): Linear(in_features=2, out_features=250, bias=True)
  (8): ReLU()
  (9): Linear(in_features=250, out_features=500, bias=True)
  (10): ReLU()
  (11): Linear(in_features=500, out_features=1000, bias=True)
  (12): ReLU()
  (13): Linear(in_features=1000, out_features=784, bias=True)
)
Picked coordinates (-25.490869915969185, 23.202378273093757)
DECODER:
Sequential(
  (7): Linear(in_features=2, out_features=250, bias=True)
  (8): ReLU()
  (9): Linear(in_features=250, out_features=500, bias=True)
  (10): ReLU()
  (11): Linear(in_features=500, out_features=1000, bias=True)
  (12): ReLU()
  (13): Linear(in_features=1000, out_features=784, bias=True)
)
Picked coordinates (72.52378773676863, 78.08080593705017)
DECODER:
Sequential(
  (7): Linear(in_features=2, out_features=250, bias=True)
  (8): ReLU()
  (9): Linear(in_features=250, out_features=500, bias=True)
  (10): ReLU()
  (11): Linear(in_features=500, out_features=1000, bias=True)
  (12): ReLU()
  (13): Linear(in_features=1000, out_features=784, bias=True)
)
Picked coordinates (-30.335700902606412, -53.874065075159635)
DECODER:
Sequential(
  (7): Linear(in_features=2, out_features=250, bias=True)
  (8): ReLU()
  (9): Linear(in_features=250, out_features=500, bias=True)
  (10): ReLU()
  (11): Linear(in_features=500, out_features=1000, bias=True)
  (12): ReLU()
  (13): Linear(in_features=1000, out_features=784, bias=True)
)
Picked coordinates (-29.017022874653435, -46.43663405640821)
DECODER:
Sequential(
  (7): Linear(in_features=2, out_features=250, bias=True)
  (8): ReLU()
  (9): Linear(in_features=250, out_features=500, bias=True)
  (10): ReLU()
  (11): Linear(in_features=500, out_features=1000, bias=True)
  (12): ReLU()
  (13): Linear(in_features=1000, out_features=784, bias=True)
)
Picked coordinates (-14.964860139279642, -9.823914691741665)
DECODER:
Sequential(
  (7): Linear(in_features=2, out_features=250, bias=True)
  (8): ReLU()
  (9): Linear(in_features=250, out_features=500, bias=True)
  (10): ReLU()
  (11): Linear(in_features=500, out_features=1000, bias=True)
  (12): ReLU()
  (13): Linear(in_features=1000, out_features=784, bias=True)
)
Picked coordinates (-2.8220332985460814, 2.239235619160035)
DECODER:
Sequential(
  (7): Linear(in_features=2, out_features=250, bias=True)
  (8): ReLU()
  (9): Linear(in_features=250, out_features=500, bias=True)
  (10): ReLU()
  (11): Linear(in_features=500, out_features=1000, bias=True)
  (12): ReLU()
  (13): Linear(in_features=1000, out_features=784, bias=True)
)
Picked coordinates (5.6944289653168205, 3.1462394019346016)
DECODER:
Sequential(
  (7): Linear(in_features=2, out_features=250, bias=True)
  (8): ReLU()
  (9): Linear(in_features=250, out_features=500, bias=True)
  (10): ReLU()
  (11): Linear(in_features=500, out_features=1000, bias=True)
  (12): ReLU()
  (13): Linear(in_features=1000, out_features=784, bias=True)
)
Picked coordinates (5.69442896531682, 3.1462394019346016)
DECODER:
Sequential(
  (7): Linear(in_features=2, out_features=250, bias=True)
  (8): ReLU()
  (9): Linear(in_features=250, out_features=500, bias=True)
  (10): ReLU()
  (11): Linear(in_features=500, out_features=1000, bias=True)
  (12): ReLU()
  (13): Linear(in_features=1000, out_features=784, bias=True)
)
Picked coordinates (5.6944289653168205, 3.1462394019346034)
DECODER:
Sequential(
  (7): Linear(in_features=2, out_features=250, bias=True)
  (8): ReLU()
  (9): Linear(in_features=250, out_features=500, bias=True)
  (10): ReLU()
  (11): Linear(in_features=500, out_features=1000, bias=True)
  (12): ReLU()
  (13): Linear(in_features=1000, out_features=784, bias=True)
)
Picked coordinates (5.6944289653168205, 3.1462394019346025)
DECODER:
Sequential(
  (7): Linear(in_features=2, out_features=250, bias=True)
  (8): ReLU()
  (9): Linear(in_features=250, out_features=500, bias=True)
  (10): ReLU()
  (11): Linear(in_features=500, out_features=1000, bias=True)
  (12): ReLU()
  (13): Linear(in_features=1000, out_features=784, bias=True)
)
Picked coordinates (None, None)
Picked coordinates (None, None)
Picked coordinates (5.6944289653168205, 3.146239401934602)
DECODER:
Sequential(
  (7): Linear(in_features=2, out_features=250, bias=True)
  (8): ReLU()
  (9): Linear(in_features=250, out_features=500, bias=True)
  (10): ReLU()
  (11): Linear(in_features=500, out_features=1000, bias=True)
  (12): ReLU()
  (13): Linear(in_features=1000, out_features=784, bias=True)
)
Picked coordinates (5.69442896531682, 3.1462394019346025)
DECODER:
Sequential(
  (7): Linear(in_features=2, out_features=250, bias=True)
  (8): ReLU()
  (9): Linear(in_features=250, out_features=500, bias=True)
  (10): ReLU()
  (11): Linear(in_features=500, out_features=1000, bias=True)
  (12): ReLU()
  (13): Linear(in_features=1000, out_features=784, bias=True)
)
Picked coordinates (5.694428965316819, 3.1462394019346025)
DECODER:
Sequential(
  (7): Linear(in_features=2, out_features=250, bias=True)
  (8): ReLU()
  (9): Linear(in_features=250, out_features=500, bias=True)
  (10): ReLU()
  (11): Linear(in_features=500, out_features=1000, bias=True)
  (12): ReLU()
  (13): Linear(in_features=1000, out_features=784, bias=True)
)
Picked coordinates (6.589887117110988, 3.284351341584365)
DECODER:
Sequential(
  (7): Linear(in_features=2, out_features=250, bias=True)
  (8): ReLU()
  (9): Linear(in_features=250, out_features=500, bias=True)
  (10): ReLU()
  (11): Linear(in_features=500, out_features=1000, bias=True)
  (12): ReLU()
  (13): Linear(in_features=1000, out_features=784, bias=True)
)
