Sequential(
  (0): Linear(in_features=784, out_features=1000, bias=True)
  (1): ReLU()
  (2): Linear(in_features=1000, out_features=500, bias=True)
  (3): ReLU()
  (4): Linear(in_features=500, out_features=250, bias=True)
  (5): ReLU()
  (6): Linear(in_features=250, out_features=2, bias=True)
  (7): Linear(in_features=2, out_features=250, bias=True)
  (8): ReLU()
  (9): Linear(in_features=250, out_features=500, bias=True)
  (10): ReLU()
  (11): Linear(in_features=500, out_features=1000, bias=True)
  (12): ReLU()
  (13): Linear(in_features=1000, out_features=784, bias=True)
)
Train Epoch: 0 [0/60000 (0%)]	Loss: 1.020361
Train Epoch: 0 [12800/60000 (21%)]	Loss: 0.615171
Train Epoch: 0 [25600/60000 (43%)]	Loss: 0.560758
Train Epoch: 0 [38400/60000 (64%)]	Loss: 0.545333
Train Epoch: 0 [51200/60000 (85%)]	Loss: 0.532328
Train Epoch: 0, Loss: 0.549811
Train Epoch: 1 [0/60000 (0%)]	Loss: 0.509367
Train Epoch: 1 [12800/60000 (21%)]	Loss: 0.494177
Train Epoch: 1 [25600/60000 (43%)]	Loss: 0.485518
Train Epoch: 1 [38400/60000 (64%)]	Loss: 0.504770
Train Epoch: 1 [51200/60000 (85%)]	Loss: 0.465376
Train Epoch: 1, Loss: 0.435818
Train Epoch: 2 [0/60000 (0%)]	Loss: 0.459596
Train Epoch: 2 [12800/60000 (21%)]	Loss: 0.440567
Train Epoch: 2 [25600/60000 (43%)]	Loss: 0.455292
Train Epoch: 2 [38400/60000 (64%)]	Loss: 0.466943
Train Epoch: 2 [51200/60000 (85%)]	Loss: 0.427979
Train Epoch: 2, Loss: 0.436706
Train Epoch: 3 [0/60000 (0%)]	Loss: 0.441486
Train Epoch: 3 [12800/60000 (21%)]	Loss: 0.447684
Train Epoch: 3 [25600/60000 (43%)]	Loss: 0.418206
Train Epoch: 3 [38400/60000 (64%)]	Loss: 0.433222
Train Epoch: 3 [51200/60000 (85%)]	Loss: 0.437970
Train Epoch: 3, Loss: 0.458804
Train Epoch: 4 [0/60000 (0%)]	Loss: 0.427533
Train Epoch: 4 [12800/60000 (21%)]	Loss: 0.410303
Train Epoch: 4 [25600/60000 (43%)]	Loss: 0.411187
Train Epoch: 4 [38400/60000 (64%)]	Loss: 0.411117
Train Epoch: 4 [51200/60000 (85%)]	Loss: 0.412625
Train Epoch: 4, Loss: 0.400579
Train Epoch: 5 [0/60000 (0%)]	Loss: 0.425016
Train Epoch: 5 [12800/60000 (21%)]	Loss: 0.390232
Train Epoch: 5 [25600/60000 (43%)]	Loss: 0.421869
Train Epoch: 5 [38400/60000 (64%)]	Loss: 0.431123
Train Epoch: 5 [51200/60000 (85%)]	Loss: 0.420833
Train Epoch: 5, Loss: 0.386356
Train Epoch: 6 [0/60000 (0%)]	Loss: 0.412193
Train Epoch: 6 [12800/60000 (21%)]	Loss: 0.405417
Train Epoch: 6 [25600/60000 (43%)]	Loss: 0.407470
Train Epoch: 6 [38400/60000 (64%)]	Loss: 0.392417
Train Epoch: 6 [51200/60000 (85%)]	Loss: 0.395126
Train Epoch: 6, Loss: 0.389160
Train Epoch: 7 [0/60000 (0%)]	Loss: 0.398282
Train Epoch: 7 [12800/60000 (21%)]	Loss: 0.417277
Train Epoch: 7 [25600/60000 (43%)]	Loss: 0.396667
Train Epoch: 7 [38400/60000 (64%)]	Loss: 0.385347
Train Epoch: 7 [51200/60000 (85%)]	Loss: 0.412692
Train Epoch: 7, Loss: 0.406319
Train Epoch: 8 [0/60000 (0%)]	Loss: 0.395143
Train Epoch: 8 [12800/60000 (21%)]	Loss: 0.416364
Train Epoch: 8 [25600/60000 (43%)]	Loss: 0.403738
Train Epoch: 8 [38400/60000 (64%)]	Loss: 0.391899
Train Epoch: 8 [51200/60000 (85%)]	Loss: 0.388576
Train Epoch: 8, Loss: 0.389991
Train Epoch: 9 [0/60000 (0%)]	Loss: 0.394204
Train Epoch: 9 [12800/60000 (21%)]	Loss: 0.386959
Train Epoch: 9 [25600/60000 (43%)]	Loss: 0.398564
Train Epoch: 9 [38400/60000 (64%)]	Loss: 0.400912
Train Epoch: 9 [51200/60000 (85%)]	Loss: 0.380604
Train Epoch: 9, Loss: 0.389575
Train Epoch: 10 [0/60000 (0%)]	Loss: 0.379462
Train Epoch: 10 [12800/60000 (21%)]	Loss: 0.383672
Train Epoch: 10 [25600/60000 (43%)]	Loss: 0.390058
Train Epoch: 10 [38400/60000 (64%)]	Loss: 0.394557
Train Epoch: 10 [51200/60000 (85%)]	Loss: 0.393177
Train Epoch: 10, Loss: 0.382698
Train Epoch: 11 [0/60000 (0%)]	Loss: 0.414379
Train Epoch: 11 [12800/60000 (21%)]	Loss: 0.362726
Train Epoch: 11 [25600/60000 (43%)]	Loss: 0.380945
Train Epoch: 11 [38400/60000 (64%)]	Loss: 0.371674
Train Epoch: 11 [51200/60000 (85%)]	Loss: 0.386615
Train Epoch: 11, Loss: 0.361944
Train Epoch: 12 [0/60000 (0%)]	Loss: 0.384496
Train Epoch: 12 [12800/60000 (21%)]	Loss: 0.380906
Train Epoch: 12 [25600/60000 (43%)]	Loss: 0.384901
Train Epoch: 12 [38400/60000 (64%)]	Loss: 0.400116
Train Epoch: 12 [51200/60000 (85%)]	Loss: 0.378416
Train Epoch: 12, Loss: 0.400194
Train Epoch: 13 [0/60000 (0%)]	Loss: 0.388667
Train Epoch: 13 [12800/60000 (21%)]	Loss: 0.368568
Train Epoch: 13 [25600/60000 (43%)]	Loss: 0.378015
Train Epoch: 13 [38400/60000 (64%)]	Loss: 0.374799
Train Epoch: 13 [51200/60000 (85%)]	Loss: 0.377656
Train Epoch: 13, Loss: 0.396612
Train Epoch: 14 [0/60000 (0%)]	Loss: 0.396043
Train Epoch: 14 [12800/60000 (21%)]	Loss: 0.378939
Train Epoch: 14 [25600/60000 (43%)]	Loss: 0.363083
Train Epoch: 14 [38400/60000 (64%)]	Loss: 0.378941
Train Epoch: 14 [51200/60000 (85%)]	Loss: 0.392178
Train Epoch: 14, Loss: 0.402502
Train Epoch: 15 [0/60000 (0%)]	Loss: 0.373363
Train Epoch: 15 [12800/60000 (21%)]	Loss: 0.355894
Train Epoch: 15 [25600/60000 (43%)]	Loss: 0.378071
Train Epoch: 15 [38400/60000 (64%)]	Loss: 0.376194
Train Epoch: 15 [51200/60000 (85%)]	Loss: 0.401230
Train Epoch: 15, Loss: 0.382522
Train Epoch: 16 [0/60000 (0%)]	Loss: 0.390916
Train Epoch: 16 [12800/60000 (21%)]	Loss: 0.397919
Train Epoch: 16 [25600/60000 (43%)]	Loss: 0.394981
Train Epoch: 16 [38400/60000 (64%)]	Loss: 0.357950
Train Epoch: 16 [51200/60000 (85%)]	Loss: 0.394698
Train Epoch: 16, Loss: 0.374916
Train Epoch: 17 [0/60000 (0%)]	Loss: 0.389170
Train Epoch: 17 [12800/60000 (21%)]	Loss: 0.385139
Train Epoch: 17 [25600/60000 (43%)]	Loss: 0.387011
Train Epoch: 17 [38400/60000 (64%)]	Loss: 0.362640
Train Epoch: 17 [51200/60000 (85%)]	Loss: 0.373542
Train Epoch: 17, Loss: 0.372809
Train Epoch: 18 [0/60000 (0%)]	Loss: 0.379062
Train Epoch: 18 [12800/60000 (21%)]	Loss: 0.366603
Train Epoch: 18 [25600/60000 (43%)]	Loss: 0.353475
Train Epoch: 18 [38400/60000 (64%)]	Loss: 0.368790
Train Epoch: 18 [51200/60000 (85%)]	Loss: 0.386720
Train Epoch: 18, Loss: 0.323018
Train Epoch: 19 [0/60000 (0%)]	Loss: 0.384128
Train Epoch: 19 [12800/60000 (21%)]	Loss: 0.354689
Train Epoch: 19 [25600/60000 (43%)]	Loss: 0.346288
Train Epoch: 19 [38400/60000 (64%)]	Loss: 0.357911
Train Epoch: 19 [51200/60000 (85%)]	Loss: 0.376417
Train Epoch: 19, Loss: 0.383656
Train Epoch: 20 [0/60000 (0%)]	Loss: 0.360811
Train Epoch: 20 [12800/60000 (21%)]	Loss: 0.359906
Train Epoch: 20 [25600/60000 (43%)]	Loss: 0.370723
Train Epoch: 20 [38400/60000 (64%)]	Loss: 0.368207
Train Epoch: 20 [51200/60000 (85%)]	Loss: 0.372138
Train Epoch: 20, Loss: 0.349827
Train Epoch: 21 [0/60000 (0%)]	Loss: 0.373328
Train Epoch: 21 [12800/60000 (21%)]	Loss: 0.387767
Train Epoch: 21 [25600/60000 (43%)]	Loss: 0.362249
Train Epoch: 21 [38400/60000 (64%)]	Loss: 0.344800
Train Epoch: 21 [51200/60000 (85%)]	Loss: 0.378315
Train Epoch: 21, Loss: 0.387025
Train Epoch: 22 [0/60000 (0%)]	Loss: 0.370298
Train Epoch: 22 [12800/60000 (21%)]	Loss: 0.372033
Train Epoch: 22 [25600/60000 (43%)]	Loss: 0.349074
Train Epoch: 22 [38400/60000 (64%)]	Loss: 0.367855
Train Epoch: 22 [51200/60000 (85%)]	Loss: 0.367285
Train Epoch: 22, Loss: 0.350282
Train Epoch: 23 [0/60000 (0%)]	Loss: 0.378080
Train Epoch: 23 [12800/60000 (21%)]	Loss: 0.349267
Train Epoch: 23 [25600/60000 (43%)]	Loss: 0.370526
Train Epoch: 23 [38400/60000 (64%)]	Loss: 0.362542
Train Epoch: 23 [51200/60000 (85%)]	Loss: 0.351573
Train Epoch: 23, Loss: 0.388593
Train Epoch: 24 [0/60000 (0%)]	Loss: 0.380634
Train Epoch: 24 [12800/60000 (21%)]	Loss: 0.359846
Train Epoch: 24 [25600/60000 (43%)]	Loss: 0.369274
Train Epoch: 24 [38400/60000 (64%)]	Loss: 0.358850
Train Epoch: 24 [51200/60000 (85%)]	Loss: 0.368180
Train Epoch: 24, Loss: 0.352832
Train Epoch: 25 [0/60000 (0%)]	Loss: 0.337815
Train Epoch: 25 [12800/60000 (21%)]	Loss: 0.356417
Train Epoch: 25 [25600/60000 (43%)]	Loss: 0.371041
Train Epoch: 25 [38400/60000 (64%)]	Loss: 0.347557
Train Epoch: 25 [51200/60000 (85%)]	Loss: 0.377018
Train Epoch: 25, Loss: 0.361133
Train Epoch: 26 [0/60000 (0%)]	Loss: 0.380138
Train Epoch: 26 [12800/60000 (21%)]	Loss: 0.361612
Train Epoch: 26 [25600/60000 (43%)]	Loss: 0.359823
Train Epoch: 26 [38400/60000 (64%)]	Loss: 0.345078
Train Epoch: 26 [51200/60000 (85%)]	Loss: 0.351968
Train Epoch: 26, Loss: 0.351207
Train Epoch: 27 [0/60000 (0%)]	Loss: 0.362715
Train Epoch: 27 [12800/60000 (21%)]	Loss: 0.354873
Train Epoch: 27 [25600/60000 (43%)]	Loss: 0.377951
Train Epoch: 27 [38400/60000 (64%)]	Loss: 0.351654
Train Epoch: 27 [51200/60000 (85%)]	Loss: 0.379897
Train Epoch: 27, Loss: 0.357050
Train Epoch: 28 [0/60000 (0%)]	Loss: 0.363878
Train Epoch: 28 [12800/60000 (21%)]	Loss: 0.360269
Train Epoch: 28 [25600/60000 (43%)]	Loss: 0.346245
Train Epoch: 28 [38400/60000 (64%)]	Loss: 0.375379
Train Epoch: 28 [51200/60000 (85%)]	Loss: 0.359017
Train Epoch: 28, Loss: 0.378396
Train Epoch: 29 [0/60000 (0%)]	Loss: 0.385505
Train Epoch: 29 [12800/60000 (21%)]	Loss: 0.341104
Train Epoch: 29 [25600/60000 (43%)]	Loss: 0.363199
Train Epoch: 29 [38400/60000 (64%)]	Loss: 0.354266
Train Epoch: 29 [51200/60000 (85%)]	Loss: 0.347360
Train Epoch: 29, Loss: 0.359114
Train Epoch: 30 [0/60000 (0%)]	Loss: 0.389384
Train Epoch: 30 [12800/60000 (21%)]	Loss: 0.335938
Train Epoch: 30 [25600/60000 (43%)]	Loss: 0.349100
Train Epoch: 30 [38400/60000 (64%)]	Loss: 0.353428
Train Epoch: 30 [51200/60000 (85%)]	Loss: 0.340455
Train Epoch: 30, Loss: 0.362477
Train Epoch: 31 [0/60000 (0%)]	Loss: 0.366272
Train Epoch: 31 [12800/60000 (21%)]	Loss: 0.366678
Train Epoch: 31 [25600/60000 (43%)]	Loss: 0.347753
Train Epoch: 31 [38400/60000 (64%)]	Loss: 0.386986
Train Epoch: 31 [51200/60000 (85%)]	Loss: 0.344409
Train Epoch: 31, Loss: 0.339954
Train Epoch: 32 [0/60000 (0%)]	Loss: 0.387767
Train Epoch: 32 [12800/60000 (21%)]	Loss: 0.341222
Train Epoch: 32 [25600/60000 (43%)]	Loss: 0.356800
Train Epoch: 32 [38400/60000 (64%)]	Loss: 0.345995
Train Epoch: 32 [51200/60000 (85%)]	Loss: 0.358228
Train Epoch: 32, Loss: 0.352748
Train Epoch: 33 [0/60000 (0%)]	Loss: 0.368117
Train Epoch: 33 [12800/60000 (21%)]	Loss: 0.363994
Train Epoch: 33 [25600/60000 (43%)]	Loss: 0.360743
Train Epoch: 33 [38400/60000 (64%)]	Loss: 0.336085
Train Epoch: 33 [51200/60000 (85%)]	Loss: 0.356217
Train Epoch: 33, Loss: 0.373382
Train Epoch: 34 [0/60000 (0%)]	Loss: 0.374999
Train Epoch: 34 [12800/60000 (21%)]	Loss: 0.354848
Train Epoch: 34 [25600/60000 (43%)]	Loss: 0.359735
Train Epoch: 34 [38400/60000 (64%)]	Loss: 0.381652
Train Epoch: 34 [51200/60000 (85%)]	Loss: 0.348344
Train Epoch: 34, Loss: 0.368947
Train Epoch: 35 [0/60000 (0%)]	Loss: 0.348070
Train Epoch: 35 [12800/60000 (21%)]	Loss: 0.409451
Train Epoch: 35 [25600/60000 (43%)]	Loss: 0.361620
Train Epoch: 35 [38400/60000 (64%)]	Loss: 0.358789
Train Epoch: 35 [51200/60000 (85%)]	Loss: 0.351098
Train Epoch: 35, Loss: 0.353067
Train Epoch: 36 [0/60000 (0%)]	Loss: 0.376571
Train Epoch: 36 [12800/60000 (21%)]	Loss: 0.367953
Train Epoch: 36 [25600/60000 (43%)]	Loss: 0.382064
Train Epoch: 36 [38400/60000 (64%)]	Loss: 0.355899
Train Epoch: 36 [51200/60000 (85%)]	Loss: 0.360274
Train Epoch: 36, Loss: 0.356164
Train Epoch: 37 [0/60000 (0%)]	Loss: 0.374355
Train Epoch: 37 [12800/60000 (21%)]	Loss: 0.369059
Train Epoch: 37 [25600/60000 (43%)]	Loss: 0.356548
Train Epoch: 37 [38400/60000 (64%)]	Loss: 0.378415
Train Epoch: 37 [51200/60000 (85%)]	Loss: 0.361284
Train Epoch: 37, Loss: 0.360219
Train Epoch: 38 [0/60000 (0%)]	Loss: 0.357104
Train Epoch: 38 [12800/60000 (21%)]	Loss: 0.386577
Train Epoch: 38 [25600/60000 (43%)]	Loss: 0.353460
Train Epoch: 38 [38400/60000 (64%)]	Loss: 0.353023
Train Epoch: 38 [51200/60000 (85%)]	Loss: 0.354058
Train Epoch: 38, Loss: 0.383279
Train Epoch: 39 [0/60000 (0%)]	Loss: 0.340761
Train Epoch: 39 [12800/60000 (21%)]	Loss: 0.358087
Train Epoch: 39 [25600/60000 (43%)]	Loss: 0.360669
Train Epoch: 39 [38400/60000 (64%)]	Loss: 0.383777
Train Epoch: 39 [51200/60000 (85%)]	Loss: 0.373422
Train Epoch: 39, Loss: 0.316316
Train Epoch: 40 [0/60000 (0%)]	Loss: 0.357245
Train Epoch: 40 [12800/60000 (21%)]	Loss: 0.358706
Train Epoch: 40 [25600/60000 (43%)]	Loss: 0.350527
Train Epoch: 40 [38400/60000 (64%)]	Loss: 0.357511
Train Epoch: 40 [51200/60000 (85%)]	Loss: 0.346481
Train Epoch: 40, Loss: 0.355441
Train Epoch: 41 [0/60000 (0%)]	Loss: 0.371274
Train Epoch: 41 [12800/60000 (21%)]	Loss: 0.350872
Train Epoch: 41 [25600/60000 (43%)]	Loss: 0.343625
Train Epoch: 41 [38400/60000 (64%)]	Loss: 0.374129
Train Epoch: 41 [51200/60000 (85%)]	Loss: 0.346676
Train Epoch: 41, Loss: 0.342496
Train Epoch: 42 [0/60000 (0%)]	Loss: 0.335797
Train Epoch: 42 [12800/60000 (21%)]	Loss: 0.349707
Train Epoch: 42 [25600/60000 (43%)]	Loss: 0.367424
Train Epoch: 42 [38400/60000 (64%)]	Loss: 0.354031
Train Epoch: 42 [51200/60000 (85%)]	Loss: 0.370765
Train Epoch: 42, Loss: 0.345887
Train Epoch: 43 [0/60000 (0%)]	Loss: 0.349606
Train Epoch: 43 [12800/60000 (21%)]	Loss: 0.358133
Train Epoch: 43 [25600/60000 (43%)]	Loss: 0.375196
Train Epoch: 43 [38400/60000 (64%)]	Loss: 0.339477
Train Epoch: 43 [51200/60000 (85%)]	Loss: 0.338071
Train Epoch: 43, Loss: 0.386275
Train Epoch: 44 [0/60000 (0%)]	Loss: 0.352771
Train Epoch: 44 [12800/60000 (21%)]	Loss: 0.359639
Train Epoch: 44 [25600/60000 (43%)]	Loss: 0.355562
Train Epoch: 44 [38400/60000 (64%)]	Loss: 0.338662
Train Epoch: 44 [51200/60000 (85%)]	Loss: 0.343191
Train Epoch: 44, Loss: 0.354253
Train Epoch: 45 [0/60000 (0%)]	Loss: 0.371928
Train Epoch: 45 [12800/60000 (21%)]	Loss: 0.328792
Train Epoch: 45 [25600/60000 (43%)]	Loss: 0.347922
Train Epoch: 45 [38400/60000 (64%)]	Loss: 0.351497
Train Epoch: 45 [51200/60000 (85%)]	Loss: 0.339581
Train Epoch: 45, Loss: 0.345746
Train Epoch: 46 [0/60000 (0%)]	Loss: 0.361086
Train Epoch: 46 [12800/60000 (21%)]	Loss: 0.343083
Train Epoch: 46 [25600/60000 (43%)]	Loss: 0.339297
Train Epoch: 46 [38400/60000 (64%)]	Loss: 0.340511
Train Epoch: 46 [51200/60000 (85%)]	Loss: 0.353883
Train Epoch: 46, Loss: 0.363587
Train Epoch: 47 [0/60000 (0%)]	Loss: 0.343200
Train Epoch: 47 [12800/60000 (21%)]	Loss: 0.337757
Train Epoch: 47 [25600/60000 (43%)]	Loss: 0.340021
Train Epoch: 47 [38400/60000 (64%)]	Loss: 0.353551
Train Epoch: 47 [51200/60000 (85%)]	Loss: 0.360526
Train Epoch: 47, Loss: 0.364009
Train Epoch: 48 [0/60000 (0%)]	Loss: 0.361086
Train Epoch: 48 [12800/60000 (21%)]	Loss: 0.351340
Train Epoch: 48 [25600/60000 (43%)]	Loss: 0.328819
Train Epoch: 48 [38400/60000 (64%)]	Loss: 0.341996
Train Epoch: 48 [51200/60000 (85%)]	Loss: 0.348125
Train Epoch: 48, Loss: 0.328791
Train Epoch: 49 [0/60000 (0%)]	Loss: 0.357596
Train Epoch: 49 [12800/60000 (21%)]	Loss: 0.341999
Train Epoch: 49 [25600/60000 (43%)]	Loss: 0.354482
Train Epoch: 49 [38400/60000 (64%)]	Loss: 0.360832
Train Epoch: 49 [51200/60000 (85%)]	Loss: 0.345482
Train Epoch: 49, Loss: 0.330773
Train Epoch: 50 [0/60000 (0%)]	Loss: 0.348662
Train Epoch: 50 [12800/60000 (21%)]	Loss: 0.348003
Train Epoch: 50 [25600/60000 (43%)]	Loss: 0.324055
Train Epoch: 50 [38400/60000 (64%)]	Loss: 0.341906
Train Epoch: 50 [51200/60000 (85%)]	Loss: 0.369580
Train Epoch: 50, Loss: 0.358529
Train Epoch: 51 [0/60000 (0%)]	Loss: 0.334034
Train Epoch: 51 [12800/60000 (21%)]	Loss: 0.344726
Train Epoch: 51 [25600/60000 (43%)]	Loss: 0.358331
Train Epoch: 51 [38400/60000 (64%)]	Loss: 0.349222
Train Epoch: 51 [51200/60000 (85%)]	Loss: 0.345433
Train Epoch: 51, Loss: 0.351034
Train Epoch: 52 [0/60000 (0%)]	Loss: 0.354346
Train Epoch: 52 [12800/60000 (21%)]	Loss: 0.334782
Train Epoch: 52 [25600/60000 (43%)]	Loss: 0.338699
Train Epoch: 52 [38400/60000 (64%)]	Loss: 0.344788
Train Epoch: 52 [51200/60000 (85%)]	Loss: 0.347361
Train Epoch: 52, Loss: 0.374821
Train Epoch: 53 [0/60000 (0%)]	Loss: 0.355914
Train Epoch: 53 [12800/60000 (21%)]	Loss: 0.342948
Train Epoch: 53 [25600/60000 (43%)]	Loss: 0.340153
Train Epoch: 53 [38400/60000 (64%)]	Loss: 0.344527
Train Epoch: 53 [51200/60000 (85%)]	Loss: 0.353353
Train Epoch: 53, Loss: 0.345096
Train Epoch: 54 [0/60000 (0%)]	Loss: 0.355914
Train Epoch: 54 [12800/60000 (21%)]	Loss: 0.349468
Train Epoch: 54 [25600/60000 (43%)]	Loss: 0.332948
Train Epoch: 54 [38400/60000 (64%)]	Loss: 0.348374
Train Epoch: 54 [51200/60000 (85%)]	Loss: 0.336162
Train Epoch: 54, Loss: 0.336827
Train Epoch: 55 [0/60000 (0%)]	Loss: 0.307961
Train Epoch: 55 [12800/60000 (21%)]	Loss: 0.336408
Train Epoch: 55 [25600/60000 (43%)]	Loss: 0.349150
Train Epoch: 55 [38400/60000 (64%)]	Loss: 0.361492
Train Epoch: 55 [51200/60000 (85%)]	Loss: 0.362734
Train Epoch: 55, Loss: 0.306146
Train Epoch: 56 [0/60000 (0%)]	Loss: 0.352563
Train Epoch: 56 [12800/60000 (21%)]	Loss: 0.349858
Train Epoch: 56 [25600/60000 (43%)]	Loss: 0.343434
Train Epoch: 56 [38400/60000 (64%)]	Loss: 0.345288
Train Epoch: 56 [51200/60000 (85%)]	Loss: 0.331180
Train Epoch: 56, Loss: 0.308673
Train Epoch: 57 [0/60000 (0%)]	Loss: 0.354423
Train Epoch: 57 [12800/60000 (21%)]	Loss: 0.358467
Train Epoch: 57 [25600/60000 (43%)]	Loss: 0.339749
Train Epoch: 57 [38400/60000 (64%)]	Loss: 0.348178
Train Epoch: 57 [51200/60000 (85%)]	Loss: 0.354244
Train Epoch: 57, Loss: 0.340947
Train Epoch: 58 [0/60000 (0%)]	Loss: 0.360033
Train Epoch: 58 [12800/60000 (21%)]	Loss: 0.341323
Train Epoch: 58 [25600/60000 (43%)]	Loss: 0.349326
Train Epoch: 58 [38400/60000 (64%)]	Loss: 0.334201
Train Epoch: 58 [51200/60000 (85%)]	Loss: 0.340002
Train Epoch: 58, Loss: 0.353488
Train Epoch: 59 [0/60000 (0%)]	Loss: 0.343777
Train Epoch: 59 [12800/60000 (21%)]	Loss: 0.325898
Train Epoch: 59 [25600/60000 (43%)]	Loss: 0.343247
Train Epoch: 59 [38400/60000 (64%)]	Loss: 0.344034
Train Epoch: 59 [51200/60000 (85%)]	Loss: 0.369583
Train Epoch: 59, Loss: 0.314803
Train Epoch: 60 [0/60000 (0%)]	Loss: 0.350124
Train Epoch: 60 [12800/60000 (21%)]	Loss: 0.335592
Train Epoch: 60 [25600/60000 (43%)]	Loss: 0.339528
Train Epoch: 60 [38400/60000 (64%)]	Loss: 0.344394
Train Epoch: 60 [51200/60000 (85%)]	Loss: 0.346223
Train Epoch: 60, Loss: 0.343294
Train Epoch: 61 [0/60000 (0%)]	Loss: 0.332814
Train Epoch: 61 [12800/60000 (21%)]	Loss: 0.344666
Train Epoch: 61 [25600/60000 (43%)]	Loss: 0.354109
Train Epoch: 61 [38400/60000 (64%)]	Loss: 0.351729
Train Epoch: 61 [51200/60000 (85%)]	Loss: 0.349812
Train Epoch: 61, Loss: 0.344240
Train Epoch: 62 [0/60000 (0%)]	Loss: 0.317671
Train Epoch: 62 [12800/60000 (21%)]	Loss: 0.364478
Train Epoch: 62 [25600/60000 (43%)]	Loss: 0.360105
Train Epoch: 62 [38400/60000 (64%)]	Loss: 0.361839
Train Epoch: 62 [51200/60000 (85%)]	Loss: 0.348080
Train Epoch: 62, Loss: 0.354384
Train Epoch: 63 [0/60000 (0%)]	Loss: 0.348961
Train Epoch: 63 [12800/60000 (21%)]	Loss: 0.330731
Train Epoch: 63 [25600/60000 (43%)]	Loss: 0.339475
Train Epoch: 63 [38400/60000 (64%)]	Loss: 0.325495
Train Epoch: 63 [51200/60000 (85%)]	Loss: 0.355743
Train Epoch: 63, Loss: 0.312366
Train Epoch: 64 [0/60000 (0%)]	Loss: 0.365201
Train Epoch: 64 [12800/60000 (21%)]	Loss: 0.343970
Train Epoch: 64 [25600/60000 (43%)]	Loss: 0.318425
Train Epoch: 64 [38400/60000 (64%)]	Loss: 0.350927
Train Epoch: 64 [51200/60000 (85%)]	Loss: 0.371333
Train Epoch: 64, Loss: 0.353371
Train Epoch: 65 [0/60000 (0%)]	Loss: 0.336244
Train Epoch: 65 [12800/60000 (21%)]	Loss: 0.339127
Train Epoch: 65 [25600/60000 (43%)]	Loss: 0.346098
Train Epoch: 65 [38400/60000 (64%)]	Loss: 0.361764
Train Epoch: 65 [51200/60000 (85%)]	Loss: 0.349962
Train Epoch: 65, Loss: 0.343693
Train Epoch: 66 [0/60000 (0%)]	Loss: 0.342274
Train Epoch: 66 [12800/60000 (21%)]	Loss: 0.345384
Train Epoch: 66 [25600/60000 (43%)]	Loss: 0.342739
Train Epoch: 66 [38400/60000 (64%)]	Loss: 0.332786
Train Epoch: 66 [51200/60000 (85%)]	Loss: 0.334567
Train Epoch: 66, Loss: 0.372253
Train Epoch: 67 [0/60000 (0%)]	Loss: 0.324146
Train Epoch: 67 [12800/60000 (21%)]	Loss: 0.340633
Train Epoch: 67 [25600/60000 (43%)]	Loss: 0.359415
Train Epoch: 67 [38400/60000 (64%)]	Loss: 0.342420
Train Epoch: 67 [51200/60000 (85%)]	Loss: 0.342292
Train Epoch: 67, Loss: 0.354217
Train Epoch: 68 [0/60000 (0%)]	Loss: 0.342571
Train Epoch: 68 [12800/60000 (21%)]	Loss: 0.341521
Train Epoch: 68 [25600/60000 (43%)]	Loss: 0.335200
Train Epoch: 68 [38400/60000 (64%)]	Loss: 0.344219
Train Epoch: 68 [51200/60000 (85%)]	Loss: 0.341587
Train Epoch: 68, Loss: 0.344839
Train Epoch: 69 [0/60000 (0%)]	Loss: 0.342277
Train Epoch: 69 [12800/60000 (21%)]	Loss: 0.333083
Train Epoch: 69 [25600/60000 (43%)]	Loss: 0.353436
Train Epoch: 69 [38400/60000 (64%)]	Loss: 0.352489
Train Epoch: 69 [51200/60000 (85%)]	Loss: 0.331668
Train Epoch: 69, Loss: 0.325940
Train Epoch: 70 [0/60000 (0%)]	Loss: 0.342706
Train Epoch: 70 [12800/60000 (21%)]	Loss: 0.316485
Train Epoch: 70 [25600/60000 (43%)]	Loss: 0.319635
Train Epoch: 70 [38400/60000 (64%)]	Loss: 0.336405
Train Epoch: 70 [51200/60000 (85%)]	Loss: 0.328761
Train Epoch: 70, Loss: 0.317235
Train Epoch: 71 [0/60000 (0%)]	Loss: 0.350769
Train Epoch: 71 [12800/60000 (21%)]	Loss: 0.330198
Train Epoch: 71 [25600/60000 (43%)]	Loss: 0.336641
Train Epoch: 71 [38400/60000 (64%)]	Loss: 0.325443
Train Epoch: 71 [51200/60000 (85%)]	Loss: 0.345044
Train Epoch: 71, Loss: 0.327688
Train Epoch: 72 [0/60000 (0%)]	Loss: 0.355631
Train Epoch: 72 [12800/60000 (21%)]	Loss: 0.350826
Train Epoch: 72 [25600/60000 (43%)]	Loss: 0.347551
Train Epoch: 72 [38400/60000 (64%)]	Loss: 0.330263
Train Epoch: 72 [51200/60000 (85%)]	Loss: 0.338590
Train Epoch: 72, Loss: 0.343592
Train Epoch: 73 [0/60000 (0%)]	Loss: 0.354407
Train Epoch: 73 [12800/60000 (21%)]	Loss: 0.337878
Train Epoch: 73 [25600/60000 (43%)]	Loss: 0.325067
Train Epoch: 73 [38400/60000 (64%)]	Loss: 0.362239
Train Epoch: 73 [51200/60000 (85%)]	Loss: 0.335289
Train Epoch: 73, Loss: 0.331665
Train Epoch: 74 [0/60000 (0%)]	Loss: 0.349884
Train Epoch: 74 [12800/60000 (21%)]	Loss: 0.325305
Train Epoch: 74 [25600/60000 (43%)]	Loss: 0.343976
Train Epoch: 74 [38400/60000 (64%)]	Loss: 0.330626
Train Epoch: 74 [51200/60000 (85%)]	Loss: 0.350230
Train Epoch: 74, Loss: 0.324459
Train Epoch: 75 [0/60000 (0%)]	Loss: 0.326297
Train Epoch: 75 [12800/60000 (21%)]	Loss: 0.349080
Train Epoch: 75 [25600/60000 (43%)]	Loss: 0.341620
Train Epoch: 75 [38400/60000 (64%)]	Loss: 0.335319
Train Epoch: 75 [51200/60000 (85%)]	Loss: 0.328004
Train Epoch: 75, Loss: 0.353487
Train Epoch: 76 [0/60000 (0%)]	Loss: 0.359755
Train Epoch: 76 [12800/60000 (21%)]	Loss: 0.328561
Train Epoch: 76 [25600/60000 (43%)]	Loss: 0.355572
Train Epoch: 76 [38400/60000 (64%)]	Loss: 0.327825
Train Epoch: 76 [51200/60000 (85%)]	Loss: 0.333106
Train Epoch: 76, Loss: 0.350706
Train Epoch: 77 [0/60000 (0%)]	Loss: 0.347440
Train Epoch: 77 [12800/60000 (21%)]	Loss: 0.342238
Train Epoch: 77 [25600/60000 (43%)]	Loss: 0.312113
Train Epoch: 77 [38400/60000 (64%)]	Loss: 0.340205
Train Epoch: 77 [51200/60000 (85%)]	Loss: 0.333063
Train Epoch: 77, Loss: 0.325824
Train Epoch: 78 [0/60000 (0%)]	Loss: 0.317528
Train Epoch: 78 [12800/60000 (21%)]	Loss: 0.347046
Train Epoch: 78 [25600/60000 (43%)]	Loss: 0.346354
Train Epoch: 78 [38400/60000 (64%)]	Loss: 0.356528
Train Epoch: 78 [51200/60000 (85%)]	Loss: 0.333500
Train Epoch: 78, Loss: 0.328188
Train Epoch: 79 [0/60000 (0%)]	Loss: 0.329137
Train Epoch: 79 [12800/60000 (21%)]	Loss: 0.328418
Train Epoch: 79 [25600/60000 (43%)]	Loss: 0.344911
Train Epoch: 79 [38400/60000 (64%)]	Loss: 0.327475
Train Epoch: 79 [51200/60000 (85%)]	Loss: 0.337455
Train Epoch: 79, Loss: 0.304074
Train Epoch: 80 [0/60000 (0%)]	Loss: 0.332127
Train Epoch: 80 [12800/60000 (21%)]	Loss: 0.339831
Train Epoch: 80 [25600/60000 (43%)]	Loss: 0.324976
Train Epoch: 80 [38400/60000 (64%)]	Loss: 0.327121
Train Epoch: 80 [51200/60000 (85%)]	Loss: 0.340348
Train Epoch: 80, Loss: 0.334958
Train Epoch: 81 [0/60000 (0%)]	Loss: 0.331233
Train Epoch: 81 [12800/60000 (21%)]	Loss: 0.321759
Train Epoch: 81 [25600/60000 (43%)]	Loss: 0.330625
Train Epoch: 81 [38400/60000 (64%)]	Loss: 0.328087
Train Epoch: 81 [51200/60000 (85%)]	Loss: 0.334023
Train Epoch: 81, Loss: 0.318056
Train Epoch: 82 [0/60000 (0%)]	Loss: 0.326851
Train Epoch: 82 [12800/60000 (21%)]	Loss: 0.334487
Train Epoch: 82 [25600/60000 (43%)]	Loss: 0.342182
Train Epoch: 82 [38400/60000 (64%)]	Loss: 0.346612
Train Epoch: 82 [51200/60000 (85%)]	Loss: 0.334549
Train Epoch: 82, Loss: 0.363022
Train Epoch: 83 [0/60000 (0%)]	Loss: 0.343786
Train Epoch: 83 [12800/60000 (21%)]	Loss: 0.342558
Train Epoch: 83 [25600/60000 (43%)]	Loss: 0.356730
Train Epoch: 83 [38400/60000 (64%)]	Loss: 0.349787
Train Epoch: 83 [51200/60000 (85%)]	Loss: 0.347005
Train Epoch: 83, Loss: 0.344578
Train Epoch: 84 [0/60000 (0%)]	Loss: 0.345340
Train Epoch: 84 [12800/60000 (21%)]	Loss: 0.331517
Train Epoch: 84 [25600/60000 (43%)]	Loss: 0.343661
Train Epoch: 84 [38400/60000 (64%)]	Loss: 0.311063
Train Epoch: 84 [51200/60000 (85%)]	Loss: 0.361136
Train Epoch: 84, Loss: 0.343838
Train Epoch: 85 [0/60000 (0%)]	Loss: 0.354656
Train Epoch: 85 [12800/60000 (21%)]	Loss: 0.334028
Train Epoch: 85 [25600/60000 (43%)]	Loss: 0.342309
Train Epoch: 85 [38400/60000 (64%)]	Loss: 0.333564
Train Epoch: 85 [51200/60000 (85%)]	Loss: 0.324415
Train Epoch: 85, Loss: 0.336744
Train Epoch: 86 [0/60000 (0%)]	Loss: 0.316492
Train Epoch: 86 [12800/60000 (21%)]	Loss: 0.318236
Train Epoch: 86 [25600/60000 (43%)]	Loss: 0.342971
Train Epoch: 86 [38400/60000 (64%)]	Loss: 0.339336
Train Epoch: 86 [51200/60000 (85%)]	Loss: 0.349371
Train Epoch: 86, Loss: 0.367315
Train Epoch: 87 [0/60000 (0%)]	Loss: 0.345576
Train Epoch: 87 [12800/60000 (21%)]	Loss: 0.321282
Train Epoch: 87 [25600/60000 (43%)]	Loss: 0.349162
Train Epoch: 87 [38400/60000 (64%)]	Loss: 0.355502
Train Epoch: 87 [51200/60000 (85%)]	Loss: 0.340193
Train Epoch: 87, Loss: 0.362899
Train Epoch: 88 [0/60000 (0%)]	Loss: 0.340211
Train Epoch: 88 [12800/60000 (21%)]	Loss: 0.330597
Train Epoch: 88 [25600/60000 (43%)]	Loss: 0.328560
Train Epoch: 88 [38400/60000 (64%)]	Loss: 0.321972
Train Epoch: 88 [51200/60000 (85%)]	Loss: 0.337128
Train Epoch: 88, Loss: 0.360896
Train Epoch: 89 [0/60000 (0%)]	Loss: 0.334022
Train Epoch: 89 [12800/60000 (21%)]	Loss: 0.329637
Train Epoch: 89 [25600/60000 (43%)]	Loss: 0.315629
Train Epoch: 89 [38400/60000 (64%)]	Loss: 0.336030
Train Epoch: 89 [51200/60000 (85%)]	Loss: 0.340396
Train Epoch: 89, Loss: 0.333450
Train Epoch: 90 [0/60000 (0%)]	Loss: 0.326770
Train Epoch: 90 [12800/60000 (21%)]	Loss: 0.343607
Train Epoch: 90 [25600/60000 (43%)]	Loss: 0.341328
Train Epoch: 90 [38400/60000 (64%)]	Loss: 0.333751
Train Epoch: 90 [51200/60000 (85%)]	Loss: 0.337537
Train Epoch: 90, Loss: 0.368326
Train Epoch: 91 [0/60000 (0%)]	Loss: 0.356806
Train Epoch: 91 [12800/60000 (21%)]	Loss: 0.343105
Train Epoch: 91 [25600/60000 (43%)]	Loss: 0.356010
Train Epoch: 91 [38400/60000 (64%)]	Loss: 0.325705
Train Epoch: 91 [51200/60000 (85%)]	Loss: 0.353629
Train Epoch: 91, Loss: 0.325747
Train Epoch: 92 [0/60000 (0%)]	Loss: 0.334773
Train Epoch: 92 [12800/60000 (21%)]	Loss: 0.341564
Train Epoch: 92 [25600/60000 (43%)]	Loss: 0.341688
Train Epoch: 92 [38400/60000 (64%)]	Loss: 0.329838
Train Epoch: 92 [51200/60000 (85%)]	Loss: 0.349011
Train Epoch: 92, Loss: 0.338097
Train Epoch: 93 [0/60000 (0%)]	Loss: 0.351103
Train Epoch: 93 [12800/60000 (21%)]	Loss: 0.323917
Train Epoch: 93 [25600/60000 (43%)]	Loss: 0.337247
Train Epoch: 93 [38400/60000 (64%)]	Loss: 0.322155
Train Epoch: 93 [51200/60000 (85%)]	Loss: 0.335782
Train Epoch: 93, Loss: 0.337982
Train Epoch: 94 [0/60000 (0%)]	Loss: 0.331390
Train Epoch: 94 [12800/60000 (21%)]	Loss: 0.312108
Train Epoch: 94 [25600/60000 (43%)]	Loss: 0.330347
Train Epoch: 94 [38400/60000 (64%)]	Loss: 0.334170
Train Epoch: 94 [51200/60000 (85%)]	Loss: 0.309806
Train Epoch: 94, Loss: 0.339766
Train Epoch: 95 [0/60000 (0%)]	Loss: 0.357653
Train Epoch: 95 [12800/60000 (21%)]	Loss: 0.327171
Train Epoch: 95 [25600/60000 (43%)]	Loss: 0.324228
Train Epoch: 95 [38400/60000 (64%)]	Loss: 0.331871
Train Epoch: 95 [51200/60000 (85%)]	Loss: 0.322973
Train Epoch: 95, Loss: 0.351285
Train Epoch: 96 [0/60000 (0%)]	Loss: 0.335340
Train Epoch: 96 [12800/60000 (21%)]	Loss: 0.344339
Train Epoch: 96 [25600/60000 (43%)]	Loss: 0.342914
Train Epoch: 96 [38400/60000 (64%)]	Loss: 0.342180
Train Epoch: 96 [51200/60000 (85%)]	Loss: 0.334806
Train Epoch: 96, Loss: 0.305386
Train Epoch: 97 [0/60000 (0%)]	Loss: 0.338545
Train Epoch: 97 [12800/60000 (21%)]	Loss: 0.326834
Train Epoch: 97 [25600/60000 (43%)]	Loss: 0.333102
Train Epoch: 97 [38400/60000 (64%)]	Loss: 0.342759
Train Epoch: 97 [51200/60000 (85%)]	Loss: 0.335317
Train Epoch: 97, Loss: 0.313357
Train Epoch: 98 [0/60000 (0%)]	Loss: 0.337858
Train Epoch: 98 [12800/60000 (21%)]	Loss: 0.330060
Train Epoch: 98 [25600/60000 (43%)]	Loss: 0.319654
Train Epoch: 98 [38400/60000 (64%)]	Loss: 0.335651
Train Epoch: 98 [51200/60000 (85%)]	Loss: 0.326656
Train Epoch: 98, Loss: 0.349515
Train Epoch: 99 [0/60000 (0%)]	Loss: 0.331986
Train Epoch: 99 [12800/60000 (21%)]	Loss: 0.333700
Train Epoch: 99 [25600/60000 (43%)]	Loss: 0.322586
Train Epoch: 99 [38400/60000 (64%)]	Loss: 0.328787
Train Epoch: 99 [51200/60000 (85%)]	Loss: 0.329002
Train Epoch: 99, Loss: 0.328646
Train Epoch: 100 [0/60000 (0%)]	Loss: 0.320872
Train Epoch: 100 [12800/60000 (21%)]	Loss: 0.348748
Train Epoch: 100 [25600/60000 (43%)]	Loss: 0.337702
Train Epoch: 100 [38400/60000 (64%)]	Loss: 0.341796
Train Epoch: 100 [51200/60000 (85%)]	Loss: 0.341507
Train Epoch: 100, Loss: 0.351378
Train Epoch: 101 [0/60000 (0%)]	Loss: 0.333312
Train Epoch: 101 [12800/60000 (21%)]	Loss: 0.332655
Train Epoch: 101 [25600/60000 (43%)]	Loss: 0.329694
Train Epoch: 101 [38400/60000 (64%)]	Loss: 0.355031
Train Epoch: 101 [51200/60000 (85%)]	Loss: 0.336986
Train Epoch: 101, Loss: 0.323290
Train Epoch: 102 [0/60000 (0%)]	Loss: 0.332463
Train Epoch: 102 [12800/60000 (21%)]	Loss: 0.340023
Train Epoch: 102 [25600/60000 (43%)]	Loss: 0.326863
Train Epoch: 102 [38400/60000 (64%)]	Loss: 0.331331
Train Epoch: 102 [51200/60000 (85%)]	Loss: 0.353716
Train Epoch: 102, Loss: 0.337798
Train Epoch: 103 [0/60000 (0%)]	Loss: 0.337116
Train Epoch: 103 [12800/60000 (21%)]	Loss: 0.342909
Train Epoch: 103 [25600/60000 (43%)]	Loss: 0.346425
Train Epoch: 103 [38400/60000 (64%)]	Loss: 0.328624
Train Epoch: 103 [51200/60000 (85%)]	Loss: 0.331386
Train Epoch: 103, Loss: 0.336621
Train Epoch: 104 [0/60000 (0%)]	Loss: 0.333652
Train Epoch: 104 [12800/60000 (21%)]	Loss: 0.322746
Train Epoch: 104 [25600/60000 (43%)]	Loss: 0.327747
Train Epoch: 104 [38400/60000 (64%)]	Loss: 0.338543
Train Epoch: 104 [51200/60000 (85%)]	Loss: 0.316922
Train Epoch: 104, Loss: 0.335907
Train Epoch: 105 [0/60000 (0%)]	Loss: 0.329278
Train Epoch: 105 [12800/60000 (21%)]	Loss: 0.324405
Train Epoch: 105 [25600/60000 (43%)]	Loss: 0.317790
Train Epoch: 105 [38400/60000 (64%)]	Loss: 0.323307
Train Epoch: 105 [51200/60000 (85%)]	Loss: 0.357137
Train Epoch: 105, Loss: 0.304877
Train Epoch: 106 [0/60000 (0%)]	Loss: 0.336626
Train Epoch: 106 [12800/60000 (21%)]	Loss: 0.323219
Train Epoch: 106 [25600/60000 (43%)]	Loss: 0.336799
Train Epoch: 106 [38400/60000 (64%)]	Loss: 0.331326
Train Epoch: 106 [51200/60000 (85%)]	Loss: 0.339516
Train Epoch: 106, Loss: 0.320525
Train Epoch: 107 [0/60000 (0%)]	Loss: 0.332912
Train Epoch: 107 [12800/60000 (21%)]	Loss: 0.322010
Train Epoch: 107 [25600/60000 (43%)]	Loss: 0.330280
Train Epoch: 107 [38400/60000 (64%)]	Loss: 0.340764
Train Epoch: 107 [51200/60000 (85%)]	Loss: 0.323951
Train Epoch: 107, Loss: 0.319471
Train Epoch: 108 [0/60000 (0%)]	Loss: 0.339504
Train Epoch: 108 [12800/60000 (21%)]	Loss: 0.348355
Train Epoch: 108 [25600/60000 (43%)]	Loss: 0.329840
Train Epoch: 108 [38400/60000 (64%)]	Loss: 0.322549
Train Epoch: 108 [51200/60000 (85%)]	Loss: 0.331565
Train Epoch: 108, Loss: 0.330794
Train Epoch: 109 [0/60000 (0%)]	Loss: 0.338829
Train Epoch: 109 [12800/60000 (21%)]	Loss: 0.321405
Train Epoch: 109 [25600/60000 (43%)]	Loss: 0.310260
Train Epoch: 109 [38400/60000 (64%)]	Loss: 0.332857
Train Epoch: 109 [51200/60000 (85%)]	Loss: 0.342089
Train Epoch: 109, Loss: 0.320584
Train Epoch: 110 [0/60000 (0%)]	Loss: 0.354145
Train Epoch: 110 [12800/60000 (21%)]	Loss: 0.342503
Train Epoch: 110 [25600/60000 (43%)]	Loss: 0.328471
Train Epoch: 110 [38400/60000 (64%)]	Loss: 0.342351
Train Epoch: 110 [51200/60000 (85%)]	Loss: 0.312304
Train Epoch: 110, Loss: 0.340276
Train Epoch: 111 [0/60000 (0%)]	Loss: 0.336533
Train Epoch: 111 [12800/60000 (21%)]	Loss: 0.333789
Train Epoch: 111 [25600/60000 (43%)]	Loss: 0.340226
Train Epoch: 111 [38400/60000 (64%)]	Loss: 0.334565
Train Epoch: 111 [51200/60000 (85%)]	Loss: 0.333664
Train Epoch: 111, Loss: 0.323141
